date:2019/09/02 11:17:54,  ip:::1,  hostname:DESKTOP-GCRLD30,  requestUrl:/jis_sys/controller/admin/login_ct.php,  method:POST,  browser:Mozilla/5.0 (Windows NT 10.0; Win64; x64) AppleWebKit/537.36 (KHTML, like Gecko) Chrome/76.0.3809.132 Safari/537.36,  遷移元:http://localhost/jis_sys/admin/login.php
date:2019/09/02 11:17:54,  ip:::1,  hostname:DESKTOP-GCRLD30,  requestUrl:/jis_sys/admin/menu.php,  method:GET,  browser:Mozilla/5.0 (Windows NT 10.0; Win64; x64) AppleWebKit/537.36 (KHTML, like Gecko) Chrome/76.0.3809.132 Safari/537.36,  遷移元:http://localhost/jis_sys/admin/login.php
date:2019/09/02 11:17:56,  ip:::1,  hostname:DESKTOP-GCRLD30,  requestUrl:/jis_sys/admin/member.php,  method:GET,  browser:Mozilla/5.0 (Windows NT 10.0; Win64; x64) AppleWebKit/537.36 (KHTML, like Gecko) Chrome/76.0.3809.132 Safari/537.36,  遷移元:http://localhost/jis_sys/admin/menu.php
date:2019/09/02 11:17:56,  ip:::1,  hostname:DESKTOP-GCRLD30,  requestUrl:/jis_sys/controller/admin/member_ct.php,  method:POST,  browser:Mozilla/5.0 (Windows NT 10.0; Win64; x64) AppleWebKit/537.36 (KHTML, like Gecko) Chrome/76.0.3809.132 Safari/537.36,  遷移元:http://localhost/jis_sys/admin/member.php
date:2019/09/02 11:17:58,  ip:::1,  hostname:DESKTOP-GCRLD30,  requestUrl:/jis_sys/admin/store_basic.php,  method:GET,  browser:Mozilla/5.0 (Windows NT 10.0; Win64; x64) AppleWebKit/537.36 (KHTML, like Gecko) Chrome/76.0.3809.132 Safari/537.36,  遷移元:http://localhost/jis_sys/admin/member.php
date:2019/09/02 11:17:58,  ip:::1,  hostname:DESKTOP-GCRLD30,  requestUrl:/jis_sys/controller/admin/store_basic_ct.php,  method:POST,  browser:Mozilla/5.0 (Windows NT 10.0; Win64; x64) AppleWebKit/537.36 (KHTML, like Gecko) Chrome/76.0.3809.132 Safari/537.36,  遷移元:http://localhost/jis_sys/admin/store_basic.php
date:2019/09/02 11:17:59,  ip:::1,  hostname:DESKTOP-GCRLD30,  requestUrl:/jis_sys/admin/tour.php,  method:GET,  browser:Mozilla/5.0 (Windows NT 10.0; Win64; x64) AppleWebKit/537.36 (KHTML, like Gecko) Chrome/76.0.3809.132 Safari/537.36,  遷移元:http://localhost/jis_sys/admin/store_basic.php
date:2019/09/02 11:17:59,  ip:::1,  hostname:DESKTOP-GCRLD30,  requestUrl:/jis_sys/controller/admin/tour_ct.php,  method:POST,  browser:Mozilla/5.0 (Windows NT 10.0; Win64; x64) AppleWebKit/537.36 (KHTML, like Gecko) Chrome/76.0.3809.132 Safari/537.36,  遷移元:http://localhost/jis_sys/admin/tour.php
date:2019/09/02 11:20:33,  ip:::1,  hostname:DESKTOP-GCRLD30,  requestUrl:/jis_sys/admin/reservation.php,  method:GET,  browser:Mozilla/5.0 (Windows NT 10.0; Win64; x64) AppleWebKit/537.36 (KHTML, like Gecko) Chrome/76.0.3809.132 Safari/537.36,  遷移元:http://localhost/jis_sys/admin/tour.php
date:2019/09/02 11:20:34,  ip:::1,  hostname:DESKTOP-GCRLD30,  requestUrl:/jis_sys/controller/admin/reservation_ct.php,  method:POST,  browser:Mozilla/5.0 (Windows NT 10.0; Win64; x64) AppleWebKit/537.36 (KHTML, like Gecko) Chrome/76.0.3809.132 Safari/537.36,  遷移元:http://localhost/jis_sys/admin/reservation.php
date:2019/09/02 11:25:26,  ip:::1,  hostname:DESKTOP-GCRLD30,  requestUrl:/jis_sys/admin/reservation.php,  method:GET,  browser:Mozilla/5.0 (Windows NT 10.0; Win64; x64) AppleWebKit/537.36 (KHTML, like Gecko) Chrome/76.0.3809.132 Safari/537.36,  遷移元:http://localhost/jis_sys/admin/tour.php
date:2019/09/02 11:25:26,  ip:::1,  hostname:DESKTOP-GCRLD30,  requestUrl:/jis_sys/controller/admin/reservation_ct.php,  method:POST,  browser:Mozilla/5.0 (Windows NT 10.0; Win64; x64) AppleWebKit/537.36 (KHTML, like Gecko) Chrome/76.0.3809.132 Safari/537.36,  遷移元:http://localhost/jis_sys/admin/reservation.php
date:2019/09/02 11:25:34,  ip:::1,  hostname:DESKTOP-GCRLD30,  requestUrl:/jis_sys/admin/reservation.php,  method:GET,  browser:Mozilla/5.0 (Windows NT 10.0; Win64; x64) AppleWebKit/537.36 (KHTML, like Gecko) Chrome/76.0.3809.132 Safari/537.36,  遷移元:http://localhost/jis_sys/admin/tour.php
date:2019/09/02 11:25:34,  ip:::1,  hostname:DESKTOP-GCRLD30,  requestUrl:/jis_sys/controller/admin/reservation_ct.php,  method:POST,  browser:Mozilla/5.0 (Windows NT 10.0; Win64; x64) AppleWebKit/537.36 (KHTML, like Gecko) Chrome/76.0.3809.132 Safari/537.36,  遷移元:http://localhost/jis_sys/admin/reservation.php
date:2019/09/02 11:25:41,  ip:::1,  hostname:DESKTOP-GCRLD30,  requestUrl:/jis_sys/admin/reservation.php,  method:GET,  browser:Mozilla/5.0 (Windows NT 10.0; Win64; x64) AppleWebKit/537.36 (KHTML, like Gecko) Chrome/76.0.3809.132 Safari/537.36,  遷移元:http://localhost/jis_sys/admin/tour.php
date:2019/09/02 11:25:41,  ip:::1,  hostname:DESKTOP-GCRLD30,  requestUrl:/jis_sys/controller/admin/reservation_ct.php,  method:POST,  browser:Mozilla/5.0 (Windows NT 10.0; Win64; x64) AppleWebKit/537.36 (KHTML, like Gecko) Chrome/76.0.3809.132 Safari/537.36,  遷移元:http://localhost/jis_sys/admin/reservation.php
date:2019/09/02 11:25:54,  ip:::1,  hostname:DESKTOP-GCRLD30,  requestUrl:/jis_sys/admin/reservation.php,  method:GET,  browser:Mozilla/5.0 (Windows NT 10.0; Win64; x64) AppleWebKit/537.36 (KHTML, like Gecko) Chrome/76.0.3809.132 Safari/537.36,  遷移元:http://localhost/jis_sys/admin/tour.php
date:2019/09/02 11:25:54,  ip:::1,  hostname:DESKTOP-GCRLD30,  requestUrl:/jis_sys/controller/admin/reservation_ct.php,  method:POST,  browser:Mozilla/5.0 (Windows NT 10.0; Win64; x64) AppleWebKit/537.36 (KHTML, like Gecko) Chrome/76.0.3809.132 Safari/537.36,  遷移元:http://localhost/jis_sys/admin/reservation.php
date:2019/09/02 11:26:20,  ip:::1,  hostname:DESKTOP-GCRLD30,  requestUrl:/jis_sys/admin/reservation.php,  method:GET,  browser:Mozilla/5.0 (Windows NT 10.0; Win64; x64) AppleWebKit/537.36 (KHTML, like Gecko) Chrome/76.0.3809.132 Safari/537.36,  遷移元:http://localhost/jis_sys/admin/tour.php
date:2019/09/02 11:26:20,  ip:::1,  hostname:DESKTOP-GCRLD30,  requestUrl:/jis_sys/controller/admin/reservation_ct.php,  method:POST,  browser:Mozilla/5.0 (Windows NT 10.0; Win64; x64) AppleWebKit/537.36 (KHTML, like Gecko) Chrome/76.0.3809.132 Safari/537.36,  遷移元:http://localhost/jis_sys/admin/reservation.php
date:2019/09/02 11:26:27,  ip:::1,  hostname:DESKTOP-GCRLD30,  requestUrl:/jis_sys/admin/reservation.php,  method:GET,  browser:Mozilla/5.0 (Windows NT 10.0; Win64; x64) AppleWebKit/537.36 (KHTML, like Gecko) Chrome/76.0.3809.132 Safari/537.36,  遷移元:http://localhost/jis_sys/admin/tour.php
date:2019/09/02 11:26:27,  ip:::1,  hostname:DESKTOP-GCRLD30,  requestUrl:/jis_sys/controller/admin/reservation_ct.php,  method:POST,  browser:Mozilla/5.0 (Windows NT 10.0; Win64; x64) AppleWebKit/537.36 (KHTML, like Gecko) Chrome/76.0.3809.132 Safari/537.36,  遷移元:http://localhost/jis_sys/admin/reservation.php
date:2019/09/02 11:26:52,  ip:::1,  hostname:DESKTOP-GCRLD30,  requestUrl:/jis_sys/admin/reservation.php,  method:GET,  browser:Mozilla/5.0 (Windows NT 10.0; Win64; x64) AppleWebKit/537.36 (KHTML, like Gecko) Chrome/76.0.3809.132 Safari/537.36,  遷移元:http://localhost/jis_sys/admin/tour.php
date:2019/09/02 11:26:52,  ip:::1,  hostname:DESKTOP-GCRLD30,  requestUrl:/jis_sys/controller/admin/reservation_ct.php,  method:POST,  browser:Mozilla/5.0 (Windows NT 10.0; Win64; x64) AppleWebKit/537.36 (KHTML, like Gecko) Chrome/76.0.3809.132 Safari/537.36,  遷移元:http://localhost/jis_sys/admin/reservation.php
date:2019/09/02 11:27:00,  ip:::1,  hostname:DESKTOP-GCRLD30,  requestUrl:/jis_sys/admin/reservation.php,  method:GET,  browser:Mozilla/5.0 (Windows NT 10.0; Win64; x64) AppleWebKit/537.36 (KHTML, like Gecko) Chrome/76.0.3809.132 Safari/537.36,  遷移元:http://localhost/jis_sys/admin/tour.php
date:2019/09/02 11:27:00,  ip:::1,  hostname:DESKTOP-GCRLD30,  requestUrl:/jis_sys/controller/admin/reservation_ct.php,  method:POST,  browser:Mozilla/5.0 (Windows NT 10.0; Win64; x64) AppleWebKit/537.36 (KHTML, like Gecko) Chrome/76.0.3809.132 Safari/537.36,  遷移元:http://localhost/jis_sys/admin/reservation.php
date:2019/09/02 11:27:33,  ip:::1,  hostname:DESKTOP-GCRLD30,  requestUrl:/jis_sys/admin/reservation.php,  method:GET,  browser:Mozilla/5.0 (Windows NT 10.0; Win64; x64) AppleWebKit/537.36 (KHTML, like Gecko) Chrome/76.0.3809.132 Safari/537.36,  遷移元:http://localhost/jis_sys/admin/tour.php
date:2019/09/02 11:27:33,  ip:::1,  hostname:DESKTOP-GCRLD30,  requestUrl:/jis_sys/controller/admin/reservation_ct.php,  method:POST,  browser:Mozilla/5.0 (Windows NT 10.0; Win64; x64) AppleWebKit/537.36 (KHTML, like Gecko) Chrome/76.0.3809.132 Safari/537.36,  遷移元:http://localhost/jis_sys/admin/reservation.php
date:2019/09/02 11:27:37,  ip:::1,  hostname:DESKTOP-GCRLD30,  requestUrl:/jis_sys/admin/reservation.php,  method:GET,  browser:Mozilla/5.0 (Windows NT 10.0; Win64; x64) AppleWebKit/537.36 (KHTML, like Gecko) Chrome/76.0.3809.132 Safari/537.36,  遷移元:http://localhost/jis_sys/admin/tour.php
date:2019/09/02 11:27:37,  ip:::1,  hostname:DESKTOP-GCRLD30,  requestUrl:/jis_sys/controller/admin/reservation_ct.php,  method:POST,  browser:Mozilla/5.0 (Windows NT 10.0; Win64; x64) AppleWebKit/537.36 (KHTML, like Gecko) Chrome/76.0.3809.132 Safari/537.36,  遷移元:http://localhost/jis_sys/admin/reservation.php
date:2019/09/02 11:27:40,  ip:::1,  hostname:DESKTOP-GCRLD30,  requestUrl:/jis_sys/controller/admin/reservation_ct.php,  method:POST,  browser:Mozilla/5.0 (Windows NT 10.0; Win64; x64) AppleWebKit/537.36 (KHTML, like Gecko) Chrome/76.0.3809.132 Safari/537.36,  遷移元:http://localhost/jis_sys/admin/reservation.php
date:2019/09/02 11:27:41,  ip:::1,  hostname:DESKTOP-GCRLD30,  requestUrl:/jis_sys/controller/admin/reservation_ct.php,  method:POST,  browser:Mozilla/5.0 (Windows NT 10.0; Win64; x64) AppleWebKit/537.36 (KHTML, like Gecko) Chrome/76.0.3809.132 Safari/537.36,  遷移元:http://localhost/jis_sys/admin/reservation.php
date:2019/09/02 11:27:42,  ip:::1,  hostname:DESKTOP-GCRLD30,  requestUrl:/jis_sys/admin/member.php,  method:GET,  browser:Mozilla/5.0 (Windows NT 10.0; Win64; x64) AppleWebKit/537.36 (KHTML, like Gecko) Chrome/76.0.3809.132 Safari/537.36,  遷移元:http://localhost/jis_sys/admin/reservation.php
date:2019/09/02 11:27:42,  ip:::1,  hostname:DESKTOP-GCRLD30,  requestUrl:/jis_sys/controller/admin/member_ct.php,  method:POST,  browser:Mozilla/5.0 (Windows NT 10.0; Win64; x64) AppleWebKit/537.36 (KHTML, like Gecko) Chrome/76.0.3809.132 Safari/537.36,  遷移元:http://localhost/jis_sys/admin/member.php
date:2019/09/02 11:35:47,  ip:::1,  hostname:DESKTOP-GCRLD30,  requestUrl:/jis_sys/admin/member.php,  method:GET,  browser:Mozilla/5.0 (Windows NT 10.0; Win64; x64) AppleWebKit/537.36 (KHTML, like Gecko) Chrome/76.0.3809.132 Safari/537.36,  遷移元:http://localhost/jis_sys/admin/reservation.php
date:2019/09/02 11:35:48,  ip:::1,  hostname:DESKTOP-GCRLD30,  requestUrl:/jis_sys/controller/admin/member_ct.php,  method:POST,  browser:Mozilla/5.0 (Windows NT 10.0; Win64; x64) AppleWebKit/537.36 (KHTML, like Gecko) Chrome/76.0.3809.132 Safari/537.36,  遷移元:http://localhost/jis_sys/admin/member.php
date:2019/09/02 11:35:50,  ip:::1,  hostname:DESKTOP-GCRLD30,  requestUrl:/jis_sys/admin/member.php,  method:GET,  browser:Mozilla/5.0 (Windows NT 10.0; Win64; x64) AppleWebKit/537.36 (KHTML, like Gecko) Chrome/76.0.3809.132 Safari/537.36,  遷移元:http://localhost/jis_sys/admin/reservation.php
date:2019/09/02 11:35:50,  ip:::1,  hostname:DESKTOP-GCRLD30,  requestUrl:/jis_sys/controller/admin/member_ct.php,  method:POST,  browser:Mozilla/5.0 (Windows NT 10.0; Win64; x64) AppleWebKit/537.36 (KHTML, like Gecko) Chrome/76.0.3809.132 Safari/537.36,  遷移元:http://localhost/jis_sys/admin/member.php
date:2019/09/02 11:39:36,  ip:::1,  hostname:DESKTOP-GCRLD30,  requestUrl:/jis_sys/admin/member.php,  method:GET,  browser:Mozilla/5.0 (Windows NT 10.0; Win64; x64) AppleWebKit/537.36 (KHTML, like Gecko) Chrome/76.0.3809.132 Safari/537.36,  遷移元:http://localhost/jis_sys/admin/reservation.php
date:2019/09/02 11:39:36,  ip:::1,  hostname:DESKTOP-GCRLD30,  requestUrl:/jis_sys/controller/admin/member_ct.php,  method:POST,  browser:Mozilla/5.0 (Windows NT 10.0; Win64; x64) AppleWebKit/537.36 (KHTML, like Gecko) Chrome/76.0.3809.132 Safari/537.36,  遷移元:http://localhost/jis_sys/admin/member.php
date:2019/09/02 11:39:38,  ip:::1,  hostname:DESKTOP-GCRLD30,  requestUrl:/jis_sys/admin/review.php,  method:GET,  browser:Mozilla/5.0 (Windows NT 10.0; Win64; x64) AppleWebKit/537.36 (KHTML, like Gecko) Chrome/76.0.3809.132 Safari/537.36,  遷移元:http://localhost/jis_sys/admin/member.php
date:2019/09/02 11:39:38,  ip:::1,  hostname:DESKTOP-GCRLD30,  requestUrl:/jis_sys/controller/admin/review_ct.php,  method:POST,  browser:Mozilla/5.0 (Windows NT 10.0; Win64; x64) AppleWebKit/537.36 (KHTML, like Gecko) Chrome/76.0.3809.132 Safari/537.36,  遷移元:http://localhost/jis_sys/admin/review.php
date:2019/09/02 11:40:08,  ip:::1,  hostname:DESKTOP-GCRLD30,  requestUrl:/jis_sys/admin/review.php,  method:GET,  browser:Mozilla/5.0 (Windows NT 10.0; Win64; x64) AppleWebKit/537.36 (KHTML, like Gecko) Chrome/76.0.3809.132 Safari/537.36,  遷移元:http://localhost/jis_sys/admin/member.php
date:2019/09/02 11:40:08,  ip:::1,  hostname:DESKTOP-GCRLD30,  requestUrl:/jis_sys/controller/admin/review_ct.php,  method:POST,  browser:Mozilla/5.0 (Windows NT 10.0; Win64; x64) AppleWebKit/537.36 (KHTML, like Gecko) Chrome/76.0.3809.132 Safari/537.36,  遷移元:http://localhost/jis_sys/admin/review.php
date:2019/09/02 11:56:08,  ip:::1,  hostname:DESKTOP-GCRLD30,  requestUrl:/jis_sys/admin/reservation.php,  method:GET,  browser:Mozilla/5.0 (Windows NT 10.0; Win64; x64) AppleWebKit/537.36 (KHTML, like Gecko) Chrome/76.0.3809.132 Safari/537.36,  遷移元:http://localhost/jis_sys/admin/review.php
date:2019/09/02 11:56:08,  ip:::1,  hostname:DESKTOP-GCRLD30,  requestUrl:/jis_sys/controller/admin/reservation_ct.php,  method:POST,  browser:Mozilla/5.0 (Windows NT 10.0; Win64; x64) AppleWebKit/537.36 (KHTML, like Gecko) Chrome/76.0.3809.132 Safari/537.36,  遷移元:http://localhost/jis_sys/admin/reservation.php
date:2019/09/02 11:56:09,  ip:::1,  hostname:DESKTOP-GCRLD30,  requestUrl:/jis_sys/admin/review.php,  method:GET,  browser:Mozilla/5.0 (Windows NT 10.0; Win64; x64) AppleWebKit/537.36 (KHTML, like Gecko) Chrome/76.0.3809.132 Safari/537.36,  遷移元:http://localhost/jis_sys/admin/reservation.php
date:2019/09/02 11:56:09,  ip:::1,  hostname:DESKTOP-GCRLD30,  requestUrl:/jis_sys/controller/admin/review_ct.php,  method:POST,  browser:Mozilla/5.0 (Windows NT 10.0; Win64; x64) AppleWebKit/537.36 (KHTML, like Gecko) Chrome/76.0.3809.132 Safari/537.36,  遷移元:http://localhost/jis_sys/admin/review.php
date:2019/09/02 11:56:11,  ip:::1,  hostname:DESKTOP-GCRLD30,  requestUrl:/jis_sys/admin/code.php,  method:GET,  browser:Mozilla/5.0 (Windows NT 10.0; Win64; x64) AppleWebKit/537.36 (KHTML, like Gecko) Chrome/76.0.3809.132 Safari/537.36,  遷移元:http://localhost/jis_sys/admin/review.php
date:2019/09/02 11:56:11,  ip:::1,  hostname:DESKTOP-GCRLD30,  requestUrl:/jis_sys/controller/admin/code_ct.php,  method:POST,  browser:Mozilla/5.0 (Windows NT 10.0; Win64; x64) AppleWebKit/537.36 (KHTML, like Gecko) Chrome/76.0.3809.132 Safari/537.36,  遷移元:http://localhost/jis_sys/admin/code.php
date:2019/09/02 11:56:12,  ip:::1,  hostname:DESKTOP-GCRLD30,  requestUrl:/jis_sys/admin/category.php,  method:GET,  browser:Mozilla/5.0 (Windows NT 10.0; Win64; x64) AppleWebKit/537.36 (KHTML, like Gecko) Chrome/76.0.3809.132 Safari/537.36,  遷移元:http://localhost/jis_sys/admin/code.php
date:2019/09/02 11:56:12,  ip:::1,  hostname:DESKTOP-GCRLD30,  requestUrl:/jis_sys/controller/admin/category_ct.php,  method:POST,  browser:Mozilla/5.0 (Windows NT 10.0; Win64; x64) AppleWebKit/537.36 (KHTML, like Gecko) Chrome/76.0.3809.132 Safari/537.36,  遷移元:http://localhost/jis_sys/admin/category.php
date:2019/09/02 11:56:18,  ip:::1,  hostname:DESKTOP-GCRLD30,  requestUrl:/jis_sys/admin/category.php,  method:GET,  browser:Mozilla/5.0 (Windows NT 10.0; Win64; x64) AppleWebKit/537.36 (KHTML, like Gecko) Chrome/76.0.3809.132 Safari/537.36,  遷移元:http://localhost/jis_sys/admin/code.php
date:2019/09/02 11:56:18,  ip:::1,  hostname:DESKTOP-GCRLD30,  requestUrl:/jis_sys/controller/admin/category_ct.php,  method:POST,  browser:Mozilla/5.0 (Windows NT 10.0; Win64; x64) AppleWebKit/537.36 (KHTML, like Gecko) Chrome/76.0.3809.132 Safari/537.36,  遷移元:http://localhost/jis_sys/admin/category.php
date:2019/09/02 11:56:20,  ip:::1,  hostname:DESKTOP-GCRLD30,  requestUrl:/jis_sys/admin/reservation.php,  method:GET,  browser:Mozilla/5.0 (Windows NT 10.0; Win64; x64) AppleWebKit/537.36 (KHTML, like Gecko) Chrome/76.0.3809.132 Safari/537.36,  遷移元:http://localhost/jis_sys/admin/category.php
date:2019/09/02 11:56:20,  ip:::1,  hostname:DESKTOP-GCRLD30,  requestUrl:/jis_sys/controller/admin/reservation_ct.php,  method:POST,  browser:Mozilla/5.0 (Windows NT 10.0; Win64; x64) AppleWebKit/537.36 (KHTML, like Gecko) Chrome/76.0.3809.132 Safari/537.36,  遷移元:http://localhost/jis_sys/admin/reservation.php
date:2019/09/02 11:56:21,  ip:::1,  hostname:DESKTOP-GCRLD30,  requestUrl:/jis_sys/admin/review.php,  method:GET,  browser:Mozilla/5.0 (Windows NT 10.0; Win64; x64) AppleWebKit/537.36 (KHTML, like Gecko) Chrome/76.0.3809.132 Safari/537.36,  遷移元:http://localhost/jis_sys/admin/reservation.php
date:2019/09/02 11:56:21,  ip:::1,  hostname:DESKTOP-GCRLD30,  requestUrl:/jis_sys/controller/admin/review_ct.php,  method:POST,  browser:Mozilla/5.0 (Windows NT 10.0; Win64; x64) AppleWebKit/537.36 (KHTML, like Gecko) Chrome/76.0.3809.132 Safari/537.36,  遷移元:http://localhost/jis_sys/admin/review.php
date:2019/09/02 11:56:26,  ip:::1,  hostname:DESKTOP-GCRLD30,  requestUrl:/jis_sys/admin/store_basic.php,  method:GET,  browser:Mozilla/5.0 (Windows NT 10.0; Win64; x64) AppleWebKit/537.36 (KHTML, like Gecko) Chrome/76.0.3809.132 Safari/537.36,  遷移元:http://localhost/jis_sys/admin/review.php
date:2019/09/02 11:56:27,  ip:::1,  hostname:DESKTOP-GCRLD30,  requestUrl:/jis_sys/controller/admin/store_basic_ct.php,  method:POST,  browser:Mozilla/5.0 (Windows NT 10.0; Win64; x64) AppleWebKit/537.36 (KHTML, like Gecko) Chrome/76.0.3809.132 Safari/537.36,  遷移元:http://localhost/jis_sys/admin/store_basic.php
date:2019/09/02 11:56:29,  ip:::1,  hostname:DESKTOP-GCRLD30,  requestUrl:/jis_sys/admin/tour.php,  method:GET,  browser:Mozilla/5.0 (Windows NT 10.0; Win64; x64) AppleWebKit/537.36 (KHTML, like Gecko) Chrome/76.0.3809.132 Safari/537.36,  遷移元:http://localhost/jis_sys/admin/store_basic.php
date:2019/09/02 11:56:29,  ip:::1,  hostname:DESKTOP-GCRLD30,  requestUrl:/jis_sys/controller/admin/tour_ct.php,  method:POST,  browser:Mozilla/5.0 (Windows NT 10.0; Win64; x64) AppleWebKit/537.36 (KHTML, like Gecko) Chrome/76.0.3809.132 Safari/537.36,  遷移元:http://localhost/jis_sys/admin/tour.php
date:2019/09/02 11:56:33,  ip:::1,  hostname:DESKTOP-GCRLD30,  requestUrl:/jis_sys/admin/reservation.php,  method:GET,  browser:Mozilla/5.0 (Windows NT 10.0; Win64; x64) AppleWebKit/537.36 (KHTML, like Gecko) Chrome/76.0.3809.132 Safari/537.36,  遷移元:http://localhost/jis_sys/admin/tour.php
date:2019/09/02 11:56:33,  ip:::1,  hostname:DESKTOP-GCRLD30,  requestUrl:/jis_sys/controller/admin/reservation_ct.php,  method:POST,  browser:Mozilla/5.0 (Windows NT 10.0; Win64; x64) AppleWebKit/537.36 (KHTML, like Gecko) Chrome/76.0.3809.132 Safari/537.36,  遷移元:http://localhost/jis_sys/admin/reservation.php
date:2019/09/02 12:36:17,  ip:::1,  hostname:DESKTOP-GCRLD30,  requestUrl:/jis_sys/admin/reservation.php,  method:GET,  browser:Mozilla/5.0 (Windows NT 10.0; Win64; x64) AppleWebKit/537.36 (KHTML, like Gecko) Chrome/76.0.3809.132 Safari/537.36,  遷移元:http://localhost/jis_sys/admin/tour.php
date:2019/09/02 12:36:19,  ip:::1,  hostname:DESKTOP-GCRLD30,  requestUrl:/jis_sys/controller/admin/login_ct.php,  method:POST,  browser:Mozilla/5.0 (Windows NT 10.0; Win64; x64) AppleWebKit/537.36 (KHTML, like Gecko) Chrome/76.0.3809.132 Safari/537.36,  遷移元:http://localhost/jis_sys/admin/login.php
date:2019/09/02 12:36:19,  ip:::1,  hostname:DESKTOP-GCRLD30,  requestUrl:/jis_sys/admin/menu.php,  method:GET,  browser:Mozilla/5.0 (Windows NT 10.0; Win64; x64) AppleWebKit/537.36 (KHTML, like Gecko) Chrome/76.0.3809.132 Safari/537.36,  遷移元:http://localhost/jis_sys/admin/login.php
date:2019/09/02 12:36:21,  ip:::1,  hostname:DESKTOP-GCRLD30,  requestUrl:/jis_sys/admin/review.php,  method:GET,  browser:Mozilla/5.0 (Windows NT 10.0; Win64; x64) AppleWebKit/537.36 (KHTML, like Gecko) Chrome/76.0.3809.132 Safari/537.36,  遷移元:http://localhost/jis_sys/admin/menu.php
date:2019/09/02 12:36:21,  ip:::1,  hostname:DESKTOP-GCRLD30,  requestUrl:/jis_sys/controller/admin/review_ct.php,  method:POST,  browser:Mozilla/5.0 (Windows NT 10.0; Win64; x64) AppleWebKit/537.36 (KHTML, like Gecko) Chrome/76.0.3809.132 Safari/537.36,  遷移元:http://localhost/jis_sys/admin/review.php
date:2019/09/02 12:39:12,  ip:::1,  hostname:DESKTOP-GCRLD30,  requestUrl:/jis_sys/admin/review.php,  method:GET,  browser:Mozilla/5.0 (Windows NT 10.0; Win64; x64) AppleWebKit/537.36 (KHTML, like Gecko) Chrome/76.0.3809.132 Safari/537.36,  遷移元:http://localhost/jis_sys/admin/menu.php
date:2019/09/02 12:39:12,  ip:::1,  hostname:DESKTOP-GCRLD30,  requestUrl:/jis_sys/controller/admin/review_ct.php,  method:POST,  browser:Mozilla/5.0 (Windows NT 10.0; Win64; x64) AppleWebKit/537.36 (KHTML, like Gecko) Chrome/76.0.3809.132 Safari/537.36,  遷移元:http://localhost/jis_sys/admin/review.php
date:2019/09/02 12:39:25,  ip:::1,  hostname:DESKTOP-GCRLD30,  requestUrl:/jis_sys/admin/review.php,  method:GET,  browser:Mozilla/5.0 (Windows NT 10.0; Win64; x64) AppleWebKit/537.36 (KHTML, like Gecko) Chrome/76.0.3809.132 Safari/537.36,  遷移元:http://localhost/jis_sys/admin/menu.php
date:2019/09/02 12:39:25,  ip:::1,  hostname:DESKTOP-GCRLD30,  requestUrl:/jis_sys/controller/admin/review_ct.php,  method:POST,  browser:Mozilla/5.0 (Windows NT 10.0; Win64; x64) AppleWebKit/537.36 (KHTML, like Gecko) Chrome/76.0.3809.132 Safari/537.36,  遷移元:http://localhost/jis_sys/admin/review.php
date:2019/09/02 12:39:33,  ip:::1,  hostname:DESKTOP-GCRLD30,  requestUrl:/jis_sys/admin/review.php,  method:GET,  browser:Mozilla/5.0 (Windows NT 10.0; Win64; x64) AppleWebKit/537.36 (KHTML, like Gecko) Chrome/76.0.3809.132 Safari/537.36,  遷移元:http://localhost/jis_sys/admin/menu.php
date:2019/09/02 12:39:33,  ip:::1,  hostname:DESKTOP-GCRLD30,  requestUrl:/jis_sys/controller/admin/review_ct.php,  method:POST,  browser:Mozilla/5.0 (Windows NT 10.0; Win64; x64) AppleWebKit/537.36 (KHTML, like Gecko) Chrome/76.0.3809.132 Safari/537.36,  遷移元:http://localhost/jis_sys/admin/review.php
date:2019/09/02 12:44:09,  ip:::1,  hostname:DESKTOP-GCRLD30,  requestUrl:/jis_sys/admin/review.php,  method:GET,  browser:Mozilla/5.0 (Windows NT 10.0; Win64; x64) AppleWebKit/537.36 (KHTML, like Gecko) Chrome/76.0.3809.132 Safari/537.36,  遷移元:http://localhost/jis_sys/admin/menu.php
date:2019/09/02 12:45:55,  ip:::1,  hostname:DESKTOP-GCRLD30,  requestUrl:/jis_sys/admin/review.php,  method:GET,  browser:Mozilla/5.0 (Windows NT 10.0; Win64; x64) AppleWebKit/537.36 (KHTML, like Gecko) Chrome/76.0.3809.132 Safari/537.36,  遷移元:http://localhost/jis_sys/admin/menu.php
date:2019/09/02 12:45:55,  ip:::1,  hostname:DESKTOP-GCRLD30,  requestUrl:/jis_sys/controller/admin/review_ct.php,  method:POST,  browser:Mozilla/5.0 (Windows NT 10.0; Win64; x64) AppleWebKit/537.36 (KHTML, like Gecko) Chrome/76.0.3809.132 Safari/537.36,  遷移元:http://localhost/jis_sys/admin/review.php
date:2019/09/02 12:46:22,  ip:::1,  hostname:DESKTOP-GCRLD30,  requestUrl:/jis_sys/admin/review.php,  method:GET,  browser:Mozilla/5.0 (Windows NT 10.0; Win64; x64) AppleWebKit/537.36 (KHTML, like Gecko) Chrome/76.0.3809.132 Safari/537.36,  遷移元:http://localhost/jis_sys/admin/menu.php
date:2019/09/02 12:46:23,  ip:::1,  hostname:DESKTOP-GCRLD30,  requestUrl:/jis_sys/controller/admin/review_ct.php,  method:POST,  browser:Mozilla/5.0 (Windows NT 10.0; Win64; x64) AppleWebKit/537.36 (KHTML, like Gecko) Chrome/76.0.3809.132 Safari/537.36,  遷移元:http://localhost/jis_sys/admin/review.php
date:2019/09/02 12:46:41,  ip:::1,  hostname:DESKTOP-GCRLD30,  requestUrl:/jis_sys/admin/review.php,  method:GET,  browser:Mozilla/5.0 (Windows NT 10.0; Win64; x64) AppleWebKit/537.36 (KHTML, like Gecko) Chrome/76.0.3809.132 Safari/537.36,  遷移元:http://localhost/jis_sys/admin/menu.php
date:2019/09/02 12:46:41,  ip:::1,  hostname:DESKTOP-GCRLD30,  requestUrl:/jis_sys/controller/admin/review_ct.php,  method:POST,  browser:Mozilla/5.0 (Windows NT 10.0; Win64; x64) AppleWebKit/537.36 (KHTML, like Gecko) Chrome/76.0.3809.132 Safari/537.36,  遷移元:http://localhost/jis_sys/admin/review.php
date:2019/09/02 12:47:25,  ip:::1,  hostname:DESKTOP-GCRLD30,  requestUrl:/jis_sys/admin/review.php,  method:GET,  browser:Mozilla/5.0 (Windows NT 10.0; Win64; x64) AppleWebKit/537.36 (KHTML, like Gecko) Chrome/76.0.3809.132 Safari/537.36,  遷移元:http://localhost/jis_sys/admin/menu.php
date:2019/09/02 12:47:26,  ip:::1,  hostname:DESKTOP-GCRLD30,  requestUrl:/jis_sys/controller/admin/review_ct.php,  method:POST,  browser:Mozilla/5.0 (Windows NT 10.0; Win64; x64) AppleWebKit/537.36 (KHTML, like Gecko) Chrome/76.0.3809.132 Safari/537.36,  遷移元:http://localhost/jis_sys/admin/review.php
date:2019/09/02 12:47:27,  ip:::1,  hostname:DESKTOP-GCRLD30,  requestUrl:/jis_sys/admin/review.php,  method:GET,  browser:Mozilla/5.0 (Windows NT 10.0; Win64; x64) AppleWebKit/537.36 (KHTML, like Gecko) Chrome/76.0.3809.132 Safari/537.36,  遷移元:http://localhost/jis_sys/admin/menu.php
date:2019/09/02 12:47:27,  ip:::1,  hostname:DESKTOP-GCRLD30,  requestUrl:/jis_sys/controller/admin/review_ct.php,  method:POST,  browser:Mozilla/5.0 (Windows NT 10.0; Win64; x64) AppleWebKit/537.36 (KHTML, like Gecko) Chrome/76.0.3809.132 Safari/537.36,  遷移元:http://localhost/jis_sys/admin/review.php
date:2019/09/02 12:47:37,  ip:::1,  hostname:DESKTOP-GCRLD30,  requestUrl:/jis_sys/admin/review.php,  method:GET,  browser:Mozilla/5.0 (Windows NT 10.0; Win64; x64) AppleWebKit/537.36 (KHTML, like Gecko) Chrome/76.0.3809.132 Safari/537.36,  遷移元:http://localhost/jis_sys/admin/menu.php
date:2019/09/02 12:47:37,  ip:::1,  hostname:DESKTOP-GCRLD30,  requestUrl:/jis_sys/controller/admin/review_ct.php,  method:POST,  browser:Mozilla/5.0 (Windows NT 10.0; Win64; x64) AppleWebKit/537.36 (KHTML, like Gecko) Chrome/76.0.3809.132 Safari/537.36,  遷移元:http://localhost/jis_sys/admin/review.php
date:2019/09/02 12:47:46,  ip:::1,  hostname:DESKTOP-GCRLD30,  requestUrl:/jis_sys/admin/review.php,  method:GET,  browser:Mozilla/5.0 (Windows NT 10.0; Win64; x64) AppleWebKit/537.36 (KHTML, like Gecko) Chrome/76.0.3809.132 Safari/537.36,  遷移元:http://localhost/jis_sys/admin/menu.php
date:2019/09/02 12:47:46,  ip:::1,  hostname:DESKTOP-GCRLD30,  requestUrl:/jis_sys/controller/admin/review_ct.php,  method:POST,  browser:Mozilla/5.0 (Windows NT 10.0; Win64; x64) AppleWebKit/537.36 (KHTML, like Gecko) Chrome/76.0.3809.132 Safari/537.36,  遷移元:http://localhost/jis_sys/admin/review.php
date:2019/09/02 12:47:58,  ip:::1,  hostname:DESKTOP-GCRLD30,  requestUrl:/jis_sys/admin/review.php,  method:GET,  browser:Mozilla/5.0 (Windows NT 10.0; Win64; x64) AppleWebKit/537.36 (KHTML, like Gecko) Chrome/76.0.3809.132 Safari/537.36,  遷移元:http://localhost/jis_sys/admin/menu.php
date:2019/09/02 12:47:58,  ip:::1,  hostname:DESKTOP-GCRLD30,  requestUrl:/jis_sys/controller/admin/review_ct.php,  method:POST,  browser:Mozilla/5.0 (Windows NT 10.0; Win64; x64) AppleWebKit/537.36 (KHTML, like Gecko) Chrome/76.0.3809.132 Safari/537.36,  遷移元:http://localhost/jis_sys/admin/review.php
date:2019/09/02 12:48:48,  ip:::1,  hostname:DESKTOP-GCRLD30,  requestUrl:/jis_sys/admin/review.php,  method:GET,  browser:Mozilla/5.0 (Windows NT 10.0; Win64; x64) AppleWebKit/537.36 (KHTML, like Gecko) Chrome/76.0.3809.132 Safari/537.36,  遷移元:http://localhost/jis_sys/admin/menu.php
date:2019/09/02 12:48:48,  ip:::1,  hostname:DESKTOP-GCRLD30,  requestUrl:/jis_sys/controller/admin/review_ct.php,  method:POST,  browser:Mozilla/5.0 (Windows NT 10.0; Win64; x64) AppleWebKit/537.36 (KHTML, like Gecko) Chrome/76.0.3809.132 Safari/537.36,  遷移元:http://localhost/jis_sys/admin/review.php
date:2019/09/02 12:48:54,  ip:::1,  hostname:DESKTOP-GCRLD30,  requestUrl:/jis_sys/admin/review.php,  method:GET,  browser:Mozilla/5.0 (Windows NT 10.0; Win64; x64) AppleWebKit/537.36 (KHTML, like Gecko) Chrome/76.0.3809.132 Safari/537.36,  遷移元:http://localhost/jis_sys/admin/menu.php
date:2019/09/02 12:48:54,  ip:::1,  hostname:DESKTOP-GCRLD30,  requestUrl:/jis_sys/controller/admin/review_ct.php,  method:POST,  browser:Mozilla/5.0 (Windows NT 10.0; Win64; x64) AppleWebKit/537.36 (KHTML, like Gecko) Chrome/76.0.3809.132 Safari/537.36,  遷移元:http://localhost/jis_sys/admin/review.php
date:2019/09/02 12:49:32,  ip:::1,  hostname:DESKTOP-GCRLD30,  requestUrl:/jis_sys/admin/review.php,  method:GET,  browser:Mozilla/5.0 (Windows NT 10.0; Win64; x64) AppleWebKit/537.36 (KHTML, like Gecko) Chrome/76.0.3809.132 Safari/537.36,  遷移元:http://localhost/jis_sys/admin/menu.php
date:2019/09/02 12:49:32,  ip:::1,  hostname:DESKTOP-GCRLD30,  requestUrl:/jis_sys/controller/admin/review_ct.php,  method:POST,  browser:Mozilla/5.0 (Windows NT 10.0; Win64; x64) AppleWebKit/537.36 (KHTML, like Gecko) Chrome/76.0.3809.132 Safari/537.36,  遷移元:http://localhost/jis_sys/admin/review.php
date:2019/09/02 12:49:49,  ip:::1,  hostname:DESKTOP-GCRLD30,  requestUrl:/jis_sys/admin/review.php,  method:GET,  browser:Mozilla/5.0 (Windows NT 10.0; Win64; x64) AppleWebKit/537.36 (KHTML, like Gecko) Chrome/76.0.3809.132 Safari/537.36,  遷移元:http://localhost/jis_sys/admin/menu.php
date:2019/09/02 12:49:49,  ip:::1,  hostname:DESKTOP-GCRLD30,  requestUrl:/jis_sys/controller/admin/review_ct.php,  method:POST,  browser:Mozilla/5.0 (Windows NT 10.0; Win64; x64) AppleWebKit/537.36 (KHTML, like Gecko) Chrome/76.0.3809.132 Safari/537.36,  遷移元:http://localhost/jis_sys/admin/review.php
date:2019/09/02 12:56:33,  ip:::1,  hostname:DESKTOP-GCRLD30,  requestUrl:/jis_sys/admin/review.php,  method:GET,  browser:Mozilla/5.0 (Windows NT 10.0; Win64; x64) AppleWebKit/537.36 (KHTML, like Gecko) Chrome/76.0.3809.132 Safari/537.36,  遷移元:http://localhost/jis_sys/admin/menu.php
date:2019/09/02 12:56:33,  ip:::1,  hostname:DESKTOP-GCRLD30,  requestUrl:/jis_sys/controller/admin/review_ct.php,  method:POST,  browser:Mozilla/5.0 (Windows NT 10.0; Win64; x64) AppleWebKit/537.36 (KHTML, like Gecko) Chrome/76.0.3809.132 Safari/537.36,  遷移元:http://localhost/jis_sys/admin/review.php
date:2019/09/02 12:56:34,  ip:::1,  hostname:DESKTOP-GCRLD30,  requestUrl:/jis_sys/controller/admin/review_ct.php,  method:POST,  browser:Mozilla/5.0 (Windows NT 10.0; Win64; x64) AppleWebKit/537.36 (KHTML, like Gecko) Chrome/76.0.3809.132 Safari/537.36,  遷移元:http://localhost/jis_sys/admin/review.php
date:2019/09/02 12:56:39,  ip:::1,  hostname:DESKTOP-GCRLD30,  requestUrl:/jis_sys/admin/review.php,  method:GET,  browser:Mozilla/5.0 (Windows NT 10.0; Win64; x64) AppleWebKit/537.36 (KHTML, like Gecko) Chrome/76.0.3809.132 Safari/537.36,  遷移元:http://localhost/jis_sys/admin/menu.php
date:2019/09/02 12:56:39,  ip:::1,  hostname:DESKTOP-GCRLD30,  requestUrl:/jis_sys/controller/admin/review_ct.php,  method:POST,  browser:Mozilla/5.0 (Windows NT 10.0; Win64; x64) AppleWebKit/537.36 (KHTML, like Gecko) Chrome/76.0.3809.132 Safari/537.36,  遷移元:http://localhost/jis_sys/admin/review.php
date:2019/09/02 12:57:01,  ip:::1,  hostname:DESKTOP-GCRLD30,  requestUrl:/jis_sys/admin/review.php,  method:GET,  browser:Mozilla/5.0 (Windows NT 10.0; Win64; x64) AppleWebKit/537.36 (KHTML, like Gecko) Chrome/76.0.3809.132 Safari/537.36,  遷移元:http://localhost/jis_sys/admin/menu.php
date:2019/09/02 12:57:02,  ip:::1,  hostname:DESKTOP-GCRLD30,  requestUrl:/jis_sys/controller/admin/review_ct.php,  method:POST,  browser:Mozilla/5.0 (Windows NT 10.0; Win64; x64) AppleWebKit/537.36 (KHTML, like Gecko) Chrome/76.0.3809.132 Safari/537.36,  遷移元:http://localhost/jis_sys/admin/review.php
date:2019/09/02 12:57:03,  ip:::1,  hostname:DESKTOP-GCRLD30,  requestUrl:/jis_sys/controller/admin/review_ct.php,  method:POST,  browser:Mozilla/5.0 (Windows NT 10.0; Win64; x64) AppleWebKit/537.36 (KHTML, like Gecko) Chrome/76.0.3809.132 Safari/537.36,  遷移元:http://localhost/jis_sys/admin/review.php
date:2019/09/02 12:59:59,  ip:::1,  hostname:DESKTOP-GCRLD30,  requestUrl:/jis_sys/admin/review.php,  method:GET,  browser:Mozilla/5.0 (Windows NT 10.0; Win64; x64) AppleWebKit/537.36 (KHTML, like Gecko) Chrome/76.0.3809.132 Safari/537.36,  遷移元:http://localhost/jis_sys/admin/menu.php
date:2019/09/02 12:59:59,  ip:::1,  hostname:DESKTOP-GCRLD30,  requestUrl:/jis_sys/controller/admin/review_ct.php,  method:POST,  browser:Mozilla/5.0 (Windows NT 10.0; Win64; x64) AppleWebKit/537.36 (KHTML, like Gecko) Chrome/76.0.3809.132 Safari/537.36,  遷移元:http://localhost/jis_sys/admin/review.php
date:2019/09/02 13:00:00,  ip:::1,  hostname:DESKTOP-GCRLD30,  requestUrl:/jis_sys/controller/admin/review_ct.php,  method:POST,  browser:Mozilla/5.0 (Windows NT 10.0; Win64; x64) AppleWebKit/537.36 (KHTML, like Gecko) Chrome/76.0.3809.132 Safari/537.36,  遷移元:http://localhost/jis_sys/admin/review.php
date:2019/09/02 13:00:06,  ip:::1,  hostname:DESKTOP-GCRLD30,  requestUrl:/jis_sys/admin/review.php,  method:GET,  browser:Mozilla/5.0 (Windows NT 10.0; Win64; x64) AppleWebKit/537.36 (KHTML, like Gecko) Chrome/76.0.3809.132 Safari/537.36,  遷移元:http://localhost/jis_sys/admin/menu.php
date:2019/09/02 13:00:06,  ip:::1,  hostname:DESKTOP-GCRLD30,  requestUrl:/jis_sys/controller/admin/review_ct.php,  method:POST,  browser:Mozilla/5.0 (Windows NT 10.0; Win64; x64) AppleWebKit/537.36 (KHTML, like Gecko) Chrome/76.0.3809.132 Safari/537.36,  遷移元:http://localhost/jis_sys/admin/review.php
date:2019/09/02 13:00:08,  ip:::1,  hostname:DESKTOP-GCRLD30,  requestUrl:/jis_sys/controller/admin/review_ct.php,  method:POST,  browser:Mozilla/5.0 (Windows NT 10.0; Win64; x64) AppleWebKit/537.36 (KHTML, like Gecko) Chrome/76.0.3809.132 Safari/537.36,  遷移元:http://localhost/jis_sys/admin/review.php
date:2019/09/02 13:00:25,  ip:::1,  hostname:DESKTOP-GCRLD30,  requestUrl:/jis_sys/admin/review.php,  method:GET,  browser:Mozilla/5.0 (Windows NT 10.0; Win64; x64) AppleWebKit/537.36 (KHTML, like Gecko) Chrome/76.0.3809.132 Safari/537.36,  遷移元:http://localhost/jis_sys/admin/menu.php
date:2019/09/02 13:00:26,  ip:::1,  hostname:DESKTOP-GCRLD30,  requestUrl:/jis_sys/controller/admin/review_ct.php,  method:POST,  browser:Mozilla/5.0 (Windows NT 10.0; Win64; x64) AppleWebKit/537.36 (KHTML, like Gecko) Chrome/76.0.3809.132 Safari/537.36,  遷移元:http://localhost/jis_sys/admin/review.php
date:2019/09/02 13:00:29,  ip:::1,  hostname:DESKTOP-GCRLD30,  requestUrl:/jis_sys/controller/admin/review_ct.php,  method:POST,  browser:Mozilla/5.0 (Windows NT 10.0; Win64; x64) AppleWebKit/537.36 (KHTML, like Gecko) Chrome/76.0.3809.132 Safari/537.36,  遷移元:http://localhost/jis_sys/admin/review.php
date:2019/09/02 13:01:19,  ip:::1,  hostname:DESKTOP-GCRLD30,  requestUrl:/jis_sys/admin/review.php,  method:GET,  browser:Mozilla/5.0 (Windows NT 10.0; Win64; x64) AppleWebKit/537.36 (KHTML, like Gecko) Chrome/76.0.3809.132 Safari/537.36,  遷移元:http://localhost/jis_sys/admin/menu.php
date:2019/09/02 13:01:19,  ip:::1,  hostname:DESKTOP-GCRLD30,  requestUrl:/jis_sys/controller/admin/review_ct.php,  method:POST,  browser:Mozilla/5.0 (Windows NT 10.0; Win64; x64) AppleWebKit/537.36 (KHTML, like Gecko) Chrome/76.0.3809.132 Safari/537.36,  遷移元:http://localhost/jis_sys/admin/review.php
date:2019/09/02 13:01:23,  ip:::1,  hostname:DESKTOP-GCRLD30,  requestUrl:/jis_sys/admin/review.php,  method:GET,  browser:Mozilla/5.0 (Windows NT 10.0; Win64; x64) AppleWebKit/537.36 (KHTML, like Gecko) Chrome/76.0.3809.132 Safari/537.36,  遷移元:http://localhost/jis_sys/admin/menu.php
date:2019/09/02 13:01:23,  ip:::1,  hostname:DESKTOP-GCRLD30,  requestUrl:/jis_sys/controller/admin/review_ct.php,  method:POST,  browser:Mozilla/5.0 (Windows NT 10.0; Win64; x64) AppleWebKit/537.36 (KHTML, like Gecko) Chrome/76.0.3809.132 Safari/537.36,  遷移元:http://localhost/jis_sys/admin/review.php
date:2019/09/02 13:01:24,  ip:::1,  hostname:DESKTOP-GCRLD30,  requestUrl:/jis_sys/controller/admin/review_ct.php,  method:POST,  browser:Mozilla/5.0 (Windows NT 10.0; Win64; x64) AppleWebKit/537.36 (KHTML, like Gecko) Chrome/76.0.3809.132 Safari/537.36,  遷移元:http://localhost/jis_sys/admin/review.php
date:2019/09/02 13:03:39,  ip:::1,  hostname:DESKTOP-GCRLD30,  requestUrl:/jis_sys/admin/review.php,  method:GET,  browser:Mozilla/5.0 (Windows NT 10.0; Win64; x64) AppleWebKit/537.36 (KHTML, like Gecko) Chrome/76.0.3809.132 Safari/537.36,  遷移元:http://localhost/jis_sys/admin/menu.php
date:2019/09/02 13:03:40,  ip:::1,  hostname:DESKTOP-GCRLD30,  requestUrl:/jis_sys/controller/admin/review_ct.php,  method:POST,  browser:Mozilla/5.0 (Windows NT 10.0; Win64; x64) AppleWebKit/537.36 (KHTML, like Gecko) Chrome/76.0.3809.132 Safari/537.36,  遷移元:http://localhost/jis_sys/admin/review.php
date:2019/09/02 13:03:43,  ip:::1,  hostname:DESKTOP-GCRLD30,  requestUrl:/jis_sys/admin/review.php,  method:GET,  browser:Mozilla/5.0 (Windows NT 10.0; Win64; x64) AppleWebKit/537.36 (KHTML, like Gecko) Chrome/76.0.3809.132 Safari/537.36,  遷移元:http://localhost/jis_sys/admin/menu.php
date:2019/09/02 13:03:43,  ip:::1,  hostname:DESKTOP-GCRLD30,  requestUrl:/jis_sys/controller/admin/review_ct.php,  method:POST,  browser:Mozilla/5.0 (Windows NT 10.0; Win64; x64) AppleWebKit/537.36 (KHTML, like Gecko) Chrome/76.0.3809.132 Safari/537.36,  遷移元:http://localhost/jis_sys/admin/review.php
date:2019/09/02 13:49:26,  ip:::1,  hostname:DESKTOP-GCRLD30,  requestUrl:/jis_sys/controller/admin/common_ct.php,  method:POST,  browser:Mozilla/5.0 (Windows NT 10.0; Win64; x64) AppleWebKit/537.36 (KHTML, like Gecko) Chrome/76.0.3809.132 Safari/537.36,  遷移元:http://localhost/jis_sys/mypage_agency/edit_information.php
date:2019/09/02 13:49:51,  ip:::1,  hostname:DESKTOP-GCRLD30,  requestUrl:/jis_sys/controller/admin/common_ct.php,  method:POST,  browser:Mozilla/5.0 (Windows NT 10.0; Win64; x64) AppleWebKit/537.36 (KHTML, like Gecko) Chrome/76.0.3809.132 Safari/537.36,  遷移元:http://localhost/jis_sys/mypage_agency/edit_information.php
date:2019/09/02 13:49:56,  ip:::1,  hostname:DESKTOP-GCRLD30,  requestUrl:/jis_sys/controller/admin/common_ct.php,  method:POST,  browser:Mozilla/5.0 (Windows NT 10.0; Win64; x64) AppleWebKit/537.36 (KHTML, like Gecko) Chrome/76.0.3809.132 Safari/537.36,  遷移元:http://localhost/jis_sys/mypage_agency/edit_information.php
date:2019/09/02 13:50:57,  ip:::1,  hostname:DESKTOP-GCRLD30,  requestUrl:/jis_sys/controller/admin/common_ct.php,  method:POST,  browser:Mozilla/5.0 (Windows NT 10.0; Win64; x64) AppleWebKit/537.36 (KHTML, like Gecko) Chrome/76.0.3809.132 Safari/537.36,  遷移元:http://localhost/jis_sys/mypage_agency/edit.php?tid=6
date:2019/09/02 14:06:06,  ip:::1,  hostname:DESKTOP-GCRLD30,  requestUrl:/jis_sys/admin/eng_offer.php,  method:GET,  browser:Mozilla/5.0 (Windows NT 10.0; Win64; x64) AppleWebKit/537.36 (KHTML, like Gecko) Chrome/76.0.3809.132 Safari/537.36,  遷移元:取得できませんでした
date:2019/09/02 14:06:10,  ip:::1,  hostname:DESKTOP-GCRLD30,  requestUrl:/jis_sys/controller/admin/login_ct.php,  method:POST,  browser:Mozilla/5.0 (Windows NT 10.0; Win64; x64) AppleWebKit/537.36 (KHTML, like Gecko) Chrome/76.0.3809.132 Safari/537.36,  遷移元:http://localhost/jis_sys/admin/login.php
date:2019/09/02 14:06:10,  ip:::1,  hostname:DESKTOP-GCRLD30,  requestUrl:/jis_sys/admin/menu.php,  method:GET,  browser:Mozilla/5.0 (Windows NT 10.0; Win64; x64) AppleWebKit/537.36 (KHTML, like Gecko) Chrome/76.0.3809.132 Safari/537.36,  遷移元:http://localhost/jis_sys/admin/login.php
date:2019/09/02 14:06:12,  ip:::1,  hostname:DESKTOP-GCRLD30,  requestUrl:/jis_sys/admin/code.php,  method:GET,  browser:Mozilla/5.0 (Windows NT 10.0; Win64; x64) AppleWebKit/537.36 (KHTML, like Gecko) Chrome/76.0.3809.132 Safari/537.36,  遷移元:http://localhost/jis_sys/admin/menu.php
date:2019/09/02 14:06:12,  ip:::1,  hostname:DESKTOP-GCRLD30,  requestUrl:/jis_sys/controller/admin/code_ct.php,  method:POST,  browser:Mozilla/5.0 (Windows NT 10.0; Win64; x64) AppleWebKit/537.36 (KHTML, like Gecko) Chrome/76.0.3809.132 Safari/537.36,  遷移元:http://localhost/jis_sys/admin/code.php
date:2019/09/02 14:06:15,  ip:::1,  hostname:DESKTOP-GCRLD30,  requestUrl:/jis_sys/admin/eng_offer.php,  method:GET,  browser:Mozilla/5.0 (Windows NT 10.0; Win64; x64) AppleWebKit/537.36 (KHTML, like Gecko) Chrome/76.0.3809.132 Safari/537.36,  遷移元:http://localhost/jis_sys/admin/code.php
date:2019/09/02 14:06:16,  ip:::1,  hostname:DESKTOP-GCRLD30,  requestUrl:/jis_sys/controller/admin/eng_offer_ct.php,  method:POST,  browser:Mozilla/5.0 (Windows NT 10.0; Win64; x64) AppleWebKit/537.36 (KHTML, like Gecko) Chrome/76.0.3809.132 Safari/537.36,  遷移元:http://localhost/jis_sys/admin/eng_offer.php
date:2019/09/02 14:27:25,  ip:::1,  hostname:DESKTOP-GCRLD30,  requestUrl:/jis_sys/admin/review.php,  method:GET,  browser:Mozilla/5.0 (Windows NT 10.0; Win64; x64) AppleWebKit/537.36 (KHTML, like Gecko) Chrome/76.0.3809.132 Safari/537.36,  遷移元:http://localhost/jis_sys/admin/menu.php
date:2019/09/02 14:27:29,  ip:::1,  hostname:DESKTOP-GCRLD30,  requestUrl:/jis_sys/controller/admin/login_ct.php,  method:POST,  browser:Mozilla/5.0 (Windows NT 10.0; Win64; x64) AppleWebKit/537.36 (KHTML, like Gecko) Chrome/76.0.3809.132 Safari/537.36,  遷移元:http://localhost/jis_sys/admin/login.php
date:2019/09/02 14:27:29,  ip:::1,  hostname:DESKTOP-GCRLD30,  requestUrl:/jis_sys/admin/menu.php,  method:GET,  browser:Mozilla/5.0 (Windows NT 10.0; Win64; x64) AppleWebKit/537.36 (KHTML, like Gecko) Chrome/76.0.3809.132 Safari/537.36,  遷移元:http://localhost/jis_sys/admin/login.php
date:2019/09/02 14:27:31,  ip:::1,  hostname:DESKTOP-GCRLD30,  requestUrl:/jis_sys/admin/reservation.php,  method:GET,  browser:Mozilla/5.0 (Windows NT 10.0; Win64; x64) AppleWebKit/537.36 (KHTML, like Gecko) Chrome/76.0.3809.132 Safari/537.36,  遷移元:http://localhost/jis_sys/admin/menu.php
date:2019/09/02 14:27:31,  ip:::1,  hostname:DESKTOP-GCRLD30,  requestUrl:/jis_sys/controller/admin/reservation_ct.php,  method:POST,  browser:Mozilla/5.0 (Windows NT 10.0; Win64; x64) AppleWebKit/537.36 (KHTML, like Gecko) Chrome/76.0.3809.132 Safari/537.36,  遷移元:http://localhost/jis_sys/admin/reservation.php
date:2019/09/02 14:27:33,  ip:::1,  hostname:DESKTOP-GCRLD30,  requestUrl:/jis_sys/admin/eng_offer.php,  method:GET,  browser:Mozilla/5.0 (Windows NT 10.0; Win64; x64) AppleWebKit/537.36 (KHTML, like Gecko) Chrome/76.0.3809.132 Safari/537.36,  遷移元:http://localhost/jis_sys/admin/reservation.php
date:2019/09/02 14:27:33,  ip:::1,  hostname:DESKTOP-GCRLD30,  requestUrl:/jis_sys/controller/admin/eng_offer_ct.php,  method:POST,  browser:Mozilla/5.0 (Windows NT 10.0; Win64; x64) AppleWebKit/537.36 (KHTML, like Gecko) Chrome/76.0.3809.132 Safari/537.36,  遷移元:http://localhost/jis_sys/admin/eng_offer.php
date:2019/09/02 14:27:49,  ip:::1,  hostname:DESKTOP-GCRLD30,  requestUrl:/jis_sys/admin/eng_offer.php,  method:GET,  browser:Mozilla/5.0 (Windows NT 10.0; Win64; x64) AppleWebKit/537.36 (KHTML, like Gecko) Chrome/76.0.3809.132 Safari/537.36,  遷移元:http://localhost/jis_sys/admin/reservation.php
date:2019/09/02 14:27:50,  ip:::1,  hostname:DESKTOP-GCRLD30,  requestUrl:/jis_sys/controller/admin/eng_offer_ct.php,  method:POST,  browser:Mozilla/5.0 (Windows NT 10.0; Win64; x64) AppleWebKit/537.36 (KHTML, like Gecko) Chrome/76.0.3809.132 Safari/537.36,  遷移元:http://localhost/jis_sys/admin/eng_offer.php
date:2019/09/02 14:27:59,  ip:::1,  hostname:DESKTOP-GCRLD30,  requestUrl:/jis_sys/admin/eng_offer.php,  method:GET,  browser:Mozilla/5.0 (Windows NT 10.0; Win64; x64) AppleWebKit/537.36 (KHTML, like Gecko) Chrome/76.0.3809.132 Safari/537.36,  遷移元:http://localhost/jis_sys/admin/reservation.php
date:2019/09/02 14:27:59,  ip:::1,  hostname:DESKTOP-GCRLD30,  requestUrl:/jis_sys/controller/admin/eng_offer_ct.php,  method:POST,  browser:Mozilla/5.0 (Windows NT 10.0; Win64; x64) AppleWebKit/537.36 (KHTML, like Gecko) Chrome/76.0.3809.132 Safari/537.36,  遷移元:http://localhost/jis_sys/admin/eng_offer.php
date:2019/09/02 14:28:26,  ip:::1,  hostname:DESKTOP-GCRLD30,  requestUrl:/jis_sys/admin/eng_offer.php,  method:GET,  browser:Mozilla/5.0 (Windows NT 10.0; Win64; x64) AppleWebKit/537.36 (KHTML, like Gecko) Chrome/76.0.3809.132 Safari/537.36,  遷移元:http://localhost/jis_sys/admin/reservation.php
date:2019/09/02 14:28:27,  ip:::1,  hostname:DESKTOP-GCRLD30,  requestUrl:/jis_sys/controller/admin/eng_offer_ct.php,  method:POST,  browser:Mozilla/5.0 (Windows NT 10.0; Win64; x64) AppleWebKit/537.36 (KHTML, like Gecko) Chrome/76.0.3809.132 Safari/537.36,  遷移元:http://localhost/jis_sys/admin/eng_offer.php
date:2019/09/02 14:28:34,  ip:::1,  hostname:DESKTOP-GCRLD30,  requestUrl:/jis_sys/admin/eng_offer.php,  method:GET,  browser:Mozilla/5.0 (Windows NT 10.0; Win64; x64) AppleWebKit/537.36 (KHTML, like Gecko) Chrome/76.0.3809.132 Safari/537.36,  遷移元:http://localhost/jis_sys/admin/reservation.php
date:2019/09/02 14:28:35,  ip:::1,  hostname:DESKTOP-GCRLD30,  requestUrl:/jis_sys/controller/admin/eng_offer_ct.php,  method:POST,  browser:Mozilla/5.0 (Windows NT 10.0; Win64; x64) AppleWebKit/537.36 (KHTML, like Gecko) Chrome/76.0.3809.132 Safari/537.36,  遷移元:http://localhost/jis_sys/admin/eng_offer.php
date:2019/09/02 14:31:30,  ip:::1,  hostname:DESKTOP-GCRLD30,  requestUrl:/jis_sys/admin/eng_offer.php,  method:GET,  browser:Mozilla/5.0 (Windows NT 10.0; Win64; x64) AppleWebKit/537.36 (KHTML, like Gecko) Chrome/76.0.3809.132 Safari/537.36,  遷移元:http://localhost/jis_sys/admin/reservation.php
date:2019/09/02 14:31:30,  ip:::1,  hostname:DESKTOP-GCRLD30,  requestUrl:/jis_sys/controller/admin/eng_offer_ct.php,  method:POST,  browser:Mozilla/5.0 (Windows NT 10.0; Win64; x64) AppleWebKit/537.36 (KHTML, like Gecko) Chrome/76.0.3809.132 Safari/537.36,  遷移元:http://localhost/jis_sys/admin/eng_offer.php
date:2019/09/02 14:31:32,  ip:::1,  hostname:DESKTOP-GCRLD30,  requestUrl:/jis_sys/admin/eng_offer.php,  method:GET,  browser:Mozilla/5.0 (Windows NT 10.0; Win64; x64) AppleWebKit/537.36 (KHTML, like Gecko) Chrome/76.0.3809.132 Safari/537.36,  遷移元:http://localhost/jis_sys/admin/eng_offer.php
date:2019/09/02 14:31:32,  ip:::1,  hostname:DESKTOP-GCRLD30,  requestUrl:/jis_sys/controller/admin/eng_offer_ct.php,  method:POST,  browser:Mozilla/5.0 (Windows NT 10.0; Win64; x64) AppleWebKit/537.36 (KHTML, like Gecko) Chrome/76.0.3809.132 Safari/537.36,  遷移元:http://localhost/jis_sys/admin/eng_offer.php
date:2019/09/02 14:33:10,  ip:::1,  hostname:DESKTOP-GCRLD30,  requestUrl:/jis_sys/admin/eng_offer.php,  method:GET,  browser:Mozilla/5.0 (Windows NT 10.0; Win64; x64) AppleWebKit/537.36 (KHTML, like Gecko) Chrome/76.0.3809.132 Safari/537.36,  遷移元:http://localhost/jis_sys/admin/eng_offer.php
date:2019/09/02 14:33:11,  ip:::1,  hostname:DESKTOP-GCRLD30,  requestUrl:/jis_sys/controller/admin/eng_offer_ct.php,  method:POST,  browser:Mozilla/5.0 (Windows NT 10.0; Win64; x64) AppleWebKit/537.36 (KHTML, like Gecko) Chrome/76.0.3809.132 Safari/537.36,  遷移元:http://localhost/jis_sys/admin/eng_offer.php
date:2019/09/02 14:33:11,  ip:::1,  hostname:DESKTOP-GCRLD30,  requestUrl:/jis_sys/admin/tour.php?tid=7,  method:GET,  browser:Mozilla/5.0 (Windows NT 10.0; Win64; x64) AppleWebKit/537.36 (KHTML, like Gecko) Chrome/76.0.3809.132 Safari/537.36,  遷移元:http://localhost/jis_sys/admin/eng_offer.php
date:2019/09/02 14:33:12,  ip:::1,  hostname:DESKTOP-GCRLD30,  requestUrl:/jis_sys/controller/admin/tour_ct.php,  method:POST,  browser:Mozilla/5.0 (Windows NT 10.0; Win64; x64) AppleWebKit/537.36 (KHTML, like Gecko) Chrome/76.0.3809.132 Safari/537.36,  遷移元:http://localhost/jis_sys/admin/tour.php?tid=7
date:2019/09/02 14:33:49,  ip:::1,  hostname:DESKTOP-GCRLD30,  requestUrl:/jis_sys/admin/tour.php?tid=7,  method:GET,  browser:Mozilla/5.0 (Windows NT 10.0; Win64; x64) AppleWebKit/537.36 (KHTML, like Gecko) Chrome/76.0.3809.132 Safari/537.36,  遷移元:http://localhost/jis_sys/admin/eng_offer.php
date:2019/09/02 14:33:49,  ip:::1,  hostname:DESKTOP-GCRLD30,  requestUrl:/jis_sys/controller/admin/tour_ct.php,  method:POST,  browser:Mozilla/5.0 (Windows NT 10.0; Win64; x64) AppleWebKit/537.36 (KHTML, like Gecko) Chrome/76.0.3809.132 Safari/537.36,  遷移元:http://localhost/jis_sys/admin/tour.php?tid=7
date:2019/09/02 14:33:51,  ip:::1,  hostname:DESKTOP-GCRLD30,  requestUrl:/jis_sys/admin/tour.php?tid=7,  method:GET,  browser:Mozilla/5.0 (Windows NT 10.0; Win64; x64) AppleWebKit/537.36 (KHTML, like Gecko) Chrome/76.0.3809.132 Safari/537.36,  遷移元:http://localhost/jis_sys/admin/eng_offer.php
date:2019/09/02 14:33:51,  ip:::1,  hostname:DESKTOP-GCRLD30,  requestUrl:/jis_sys/controller/admin/tour_ct.php,  method:POST,  browser:Mozilla/5.0 (Windows NT 10.0; Win64; x64) AppleWebKit/537.36 (KHTML, like Gecko) Chrome/76.0.3809.132 Safari/537.36,  遷移元:http://localhost/jis_sys/admin/tour.php?tid=7
date:2019/09/02 14:33:51,  ip:::1,  hostname:DESKTOP-GCRLD30,  requestUrl:/jis_sys/controller/admin/tour_ct.php,  method:POST,  browser:Mozilla/5.0 (Windows NT 10.0; Win64; x64) AppleWebKit/537.36 (KHTML, like Gecko) Chrome/76.0.3809.132 Safari/537.36,  遷移元:http://localhost/jis_sys/admin/tour.php?tid=7
date:2019/09/02 14:35:22,  ip:::1,  hostname:DESKTOP-GCRLD30,  requestUrl:/jis_sys/admin/tour.php?tid=7,  method:GET,  browser:Mozilla/5.0 (Windows NT 10.0; Win64; x64) AppleWebKit/537.36 (KHTML, like Gecko) Chrome/76.0.3809.132 Safari/537.36,  遷移元:http://localhost/jis_sys/admin/eng_offer.php
date:2019/09/02 14:35:23,  ip:::1,  hostname:DESKTOP-GCRLD30,  requestUrl:/jis_sys/controller/admin/tour_ct.php,  method:POST,  browser:Mozilla/5.0 (Windows NT 10.0; Win64; x64) AppleWebKit/537.36 (KHTML, like Gecko) Chrome/76.0.3809.132 Safari/537.36,  遷移元:http://localhost/jis_sys/admin/tour.php?tid=7
date:2019/09/02 14:38:35,  ip:::1,  hostname:DESKTOP-GCRLD30,  requestUrl:/jis_sys/admin/tour.php?tid=7,  method:GET,  browser:Mozilla/5.0 (Windows NT 10.0; Win64; x64) AppleWebKit/537.36 (KHTML, like Gecko) Chrome/76.0.3809.132 Safari/537.36,  遷移元:http://localhost/jis_sys/admin/eng_offer.php
date:2019/09/02 14:38:35,  ip:::1,  hostname:DESKTOP-GCRLD30,  requestUrl:/jis_sys/controller/admin/tour_ct.php,  method:POST,  browser:Mozilla/5.0 (Windows NT 10.0; Win64; x64) AppleWebKit/537.36 (KHTML, like Gecko) Chrome/76.0.3809.132 Safari/537.36,  遷移元:http://localhost/jis_sys/admin/tour.php?tid=7
date:2019/09/02 14:38:50,  ip:::1,  hostname:DESKTOP-GCRLD30,  requestUrl:/jis_sys/controller/admin/tour_ct.php,  method:POST,  browser:Mozilla/5.0 (Windows NT 10.0; Win64; x64) AppleWebKit/537.36 (KHTML, like Gecko) Chrome/76.0.3809.132 Safari/537.36,  遷移元:http://localhost/jis_sys/admin/tour.php?tid=7
date:2019/09/02 14:38:51,  ip:::1,  hostname:DESKTOP-GCRLD30,  requestUrl:/jis_sys/admin/eng_offer.php,  method:GET,  browser:Mozilla/5.0 (Windows NT 10.0; Win64; x64) AppleWebKit/537.36 (KHTML, like Gecko) Chrome/76.0.3809.132 Safari/537.36,  遷移元:http://localhost/jis_sys/admin/eng_offer.php
date:2019/09/02 14:38:52,  ip:::1,  hostname:DESKTOP-GCRLD30,  requestUrl:/jis_sys/controller/admin/eng_offer_ct.php,  method:POST,  browser:Mozilla/5.0 (Windows NT 10.0; Win64; x64) AppleWebKit/537.36 (KHTML, like Gecko) Chrome/76.0.3809.132 Safari/537.36,  遷移元:http://localhost/jis_sys/admin/eng_offer.php
date:2019/09/02 14:38:52,  ip:::1,  hostname:DESKTOP-GCRLD30,  requestUrl:/jis_sys/admin/eng_offer.php,  method:GET,  browser:Mozilla/5.0 (Windows NT 10.0; Win64; x64) AppleWebKit/537.36 (KHTML, like Gecko) Chrome/76.0.3809.132 Safari/537.36,  遷移元:http://localhost/jis_sys/admin/eng_offer.php
date:2019/09/02 14:38:53,  ip:::1,  hostname:DESKTOP-GCRLD30,  requestUrl:/jis_sys/controller/admin/eng_offer_ct.php,  method:POST,  browser:Mozilla/5.0 (Windows NT 10.0; Win64; x64) AppleWebKit/537.36 (KHTML, like Gecko) Chrome/76.0.3809.132 Safari/537.36,  遷移元:http://localhost/jis_sys/admin/eng_offer.php
date:2019/09/02 14:38:55,  ip:::1,  hostname:DESKTOP-GCRLD30,  requestUrl:/jis_sys/admin/tour.php?tid=7,  method:GET,  browser:Mozilla/5.0 (Windows NT 10.0; Win64; x64) AppleWebKit/537.36 (KHTML, like Gecko) Chrome/76.0.3809.132 Safari/537.36,  遷移元:http://localhost/jis_sys/admin/eng_offer.php
date:2019/09/02 14:38:55,  ip:::1,  hostname:DESKTOP-GCRLD30,  requestUrl:/jis_sys/controller/admin/tour_ct.php,  method:POST,  browser:Mozilla/5.0 (Windows NT 10.0; Win64; x64) AppleWebKit/537.36 (KHTML, like Gecko) Chrome/76.0.3809.132 Safari/537.36,  遷移元:http://localhost/jis_sys/admin/tour.php?tid=7
date:2019/09/02 14:38:56,  ip:::1,  hostname:DESKTOP-GCRLD30,  requestUrl:/jis_sys/admin/eng_offer.php,  method:GET,  browser:Mozilla/5.0 (Windows NT 10.0; Win64; x64) AppleWebKit/537.36 (KHTML, like Gecko) Chrome/76.0.3809.132 Safari/537.36,  遷移元:http://localhost/jis_sys/admin/eng_offer.php
date:2019/09/02 14:38:56,  ip:::1,  hostname:DESKTOP-GCRLD30,  requestUrl:/jis_sys/controller/admin/eng_offer_ct.php,  method:POST,  browser:Mozilla/5.0 (Windows NT 10.0; Win64; x64) AppleWebKit/537.36 (KHTML, like Gecko) Chrome/76.0.3809.132 Safari/537.36,  遷移元:http://localhost/jis_sys/admin/eng_offer.php
date:2019/09/02 14:39:11,  ip:::1,  hostname:DESKTOP-GCRLD30,  requestUrl:/jis_sys/admin/eng_offer.php,  method:GET,  browser:Mozilla/5.0 (Windows NT 10.0; Win64; x64) AppleWebKit/537.36 (KHTML, like Gecko) Chrome/76.0.3809.132 Safari/537.36,  遷移元:http://localhost/jis_sys/admin/eng_offer.php
date:2019/09/02 14:39:12,  ip:::1,  hostname:DESKTOP-GCRLD30,  requestUrl:/jis_sys/controller/admin/eng_offer_ct.php,  method:POST,  browser:Mozilla/5.0 (Windows NT 10.0; Win64; x64) AppleWebKit/537.36 (KHTML, like Gecko) Chrome/76.0.3809.132 Safari/537.36,  遷移元:http://localhost/jis_sys/admin/eng_offer.php
date:2019/09/02 14:39:15,  ip:::1,  hostname:DESKTOP-GCRLD30,  requestUrl:/jis_sys/controller/admin/eng_offer_ct.php,  method:POST,  browser:Mozilla/5.0 (Windows NT 10.0; Win64; x64) AppleWebKit/537.36 (KHTML, like Gecko) Chrome/76.0.3809.132 Safari/537.36,  遷移元:http://localhost/jis_sys/admin/eng_offer.php
date:2019/09/02 14:40:42,  ip:::1,  hostname:DESKTOP-GCRLD30,  requestUrl:/jis_sys/admin/eng_offer.php,  method:GET,  browser:Mozilla/5.0 (Windows NT 10.0; Win64; x64) AppleWebKit/537.36 (KHTML, like Gecko) Chrome/76.0.3809.132 Safari/537.36,  遷移元:http://localhost/jis_sys/admin/eng_offer.php
date:2019/09/02 14:40:42,  ip:::1,  hostname:DESKTOP-GCRLD30,  requestUrl:/jis_sys/controller/admin/eng_offer_ct.php,  method:POST,  browser:Mozilla/5.0 (Windows NT 10.0; Win64; x64) AppleWebKit/537.36 (KHTML, like Gecko) Chrome/76.0.3809.132 Safari/537.36,  遷移元:http://localhost/jis_sys/admin/eng_offer.php
date:2019/09/02 14:40:54,  ip:::1,  hostname:DESKTOP-GCRLD30,  requestUrl:/jis_sys/admin/eng_offer.php,  method:GET,  browser:Mozilla/5.0 (Windows NT 10.0; Win64; x64) AppleWebKit/537.36 (KHTML, like Gecko) Chrome/76.0.3809.132 Safari/537.36,  遷移元:http://localhost/jis_sys/admin/eng_offer.php
date:2019/09/02 14:40:55,  ip:::1,  hostname:DESKTOP-GCRLD30,  requestUrl:/jis_sys/controller/admin/eng_offer_ct.php,  method:POST,  browser:Mozilla/5.0 (Windows NT 10.0; Win64; x64) AppleWebKit/537.36 (KHTML, like Gecko) Chrome/76.0.3809.132 Safari/537.36,  遷移元:http://localhost/jis_sys/admin/eng_offer.php
date:2019/09/02 14:42:39,  ip:::1,  hostname:DESKTOP-GCRLD30,  requestUrl:/jis_sys/admin/eng_offer.php,  method:GET,  browser:Mozilla/5.0 (Windows NT 10.0; Win64; x64) AppleWebKit/537.36 (KHTML, like Gecko) Chrome/76.0.3809.132 Safari/537.36,  遷移元:http://localhost/jis_sys/admin/code.php
