date:2019/08/20 16:05:07,  ip:::1,  hostname:DESKTOP-GCRLD30,  requestUrl:/jis_sys/controller/admin/login_ct.php,  method:POST,  browser:Mozilla/5.0 (Windows NT 10.0; Win64; x64) AppleWebKit/537.36 (KHTML, like Gecko) Chrome/76.0.3809.100 Safari/537.36,  遷移元:http://localhost/jis_sys/admin/login.php
date:2019/08/20 16:05:08,  ip:::1,  hostname:DESKTOP-GCRLD30,  requestUrl:/jis_sys/admin/menu.php,  method:GET,  browser:Mozilla/5.0 (Windows NT 10.0; Win64; x64) AppleWebKit/537.36 (KHTML, like Gecko) Chrome/76.0.3809.100 Safari/537.36,  遷移元:http://localhost/jis_sys/admin/login.php
date:2019/08/20 16:05:13,  ip:::1,  hostname:DESKTOP-GCRLD30,  requestUrl:/jis_sys/admin/news.php,  method:GET,  browser:Mozilla/5.0 (Windows NT 10.0; Win64; x64) AppleWebKit/537.36 (KHTML, like Gecko) Chrome/76.0.3809.100 Safari/537.36,  遷移元:http://localhost/jis_sys/admin/menu.php
date:2019/08/20 16:07:07,  ip:::1,  hostname:DESKTOP-GCRLD30,  requestUrl:/jis_sys/admin/news.php,  method:GET,  browser:Mozilla/5.0 (Windows NT 10.0; Win64; x64) AppleWebKit/537.36 (KHTML, like Gecko) Chrome/76.0.3809.100 Safari/537.36,  遷移元:http://localhost/jis_sys/admin/menu.php
date:2019/08/20 16:07:26,  ip:::1,  hostname:DESKTOP-GCRLD30,  requestUrl:/jis_sys/admin/menu.php,  method:GET,  browser:Mozilla/5.0 (Windows NT 10.0; Win64; x64) AppleWebKit/537.36 (KHTML, like Gecko) Chrome/76.0.3809.100 Safari/537.36,  遷移元:http://localhost/jis_sys/admin/login.php
date:2019/08/20 16:07:27,  ip:::1,  hostname:DESKTOP-GCRLD30,  requestUrl:/jis_sys/admin/admin_user.php,  method:GET,  browser:Mozilla/5.0 (Windows NT 10.0; Win64; x64) AppleWebKit/537.36 (KHTML, like Gecko) Chrome/76.0.3809.100 Safari/537.36,  遷移元:http://localhost/jis_sys/admin/menu.php
date:2019/08/20 16:07:28,  ip:::1,  hostname:DESKTOP-GCRLD30,  requestUrl:/jis_sys/controller/admin/admin_user_ct.php,  method:POST,  browser:Mozilla/5.0 (Windows NT 10.0; Win64; x64) AppleWebKit/537.36 (KHTML, like Gecko) Chrome/76.0.3809.100 Safari/537.36,  遷移元:http://localhost/jis_sys/admin/admin_user.php
date:2019/08/20 16:07:38,  ip:::1,  hostname:DESKTOP-GCRLD30,  requestUrl:/jis_sys/admin/admin_user.php,  method:GET,  browser:Mozilla/5.0 (Windows NT 10.0; Win64; x64) AppleWebKit/537.36 (KHTML, like Gecko) Chrome/76.0.3809.100 Safari/537.36,  遷移元:http://localhost/jis_sys/admin/menu.php
date:2019/08/20 16:07:39,  ip:::1,  hostname:DESKTOP-GCRLD30,  requestUrl:/jis_sys/controller/admin/admin_user_ct.php,  method:POST,  browser:Mozilla/5.0 (Windows NT 10.0; Win64; x64) AppleWebKit/537.36 (KHTML, like Gecko) Chrome/76.0.3809.100 Safari/537.36,  遷移元:http://localhost/jis_sys/admin/admin_user.php
date:2019/08/20 16:08:49,  ip:::1,  hostname:DESKTOP-GCRLD30,  requestUrl:/jis_sys/admin/admin_user.php,  method:GET,  browser:Mozilla/5.0 (Windows NT 10.0; Win64; x64) AppleWebKit/537.36 (KHTML, like Gecko) Chrome/76.0.3809.100 Safari/537.36,  遷移元:http://localhost/jis_sys/admin/menu.php
date:2019/08/20 16:08:49,  ip:::1,  hostname:DESKTOP-GCRLD30,  requestUrl:/jis_sys/controller/admin/admin_user_ct.php,  method:POST,  browser:Mozilla/5.0 (Windows NT 10.0; Win64; x64) AppleWebKit/537.36 (KHTML, like Gecko) Chrome/76.0.3809.100 Safari/537.36,  遷移元:http://localhost/jis_sys/admin/admin_user.php
date:2019/08/20 16:08:51,  ip:::1,  hostname:DESKTOP-GCRLD30,  requestUrl:/jis_sys/admin/admin_user.php,  method:GET,  browser:Mozilla/5.0 (Windows NT 10.0; Win64; x64) AppleWebKit/537.36 (KHTML, like Gecko) Chrome/76.0.3809.100 Safari/537.36,  遷移元:http://localhost/jis_sys/admin/menu.php
date:2019/08/20 16:08:52,  ip:::1,  hostname:DESKTOP-GCRLD30,  requestUrl:/jis_sys/controller/admin/admin_user_ct.php,  method:POST,  browser:Mozilla/5.0 (Windows NT 10.0; Win64; x64) AppleWebKit/537.36 (KHTML, like Gecko) Chrome/76.0.3809.100 Safari/537.36,  遷移元:http://localhost/jis_sys/admin/admin_user.php
date:2019/08/20 16:08:54,  ip:::1,  hostname:DESKTOP-GCRLD30,  requestUrl:/jis_sys/admin/news.php,  method:GET,  browser:Mozilla/5.0 (Windows NT 10.0; Win64; x64) AppleWebKit/537.36 (KHTML, like Gecko) Chrome/76.0.3809.100 Safari/537.36,  遷移元:http://localhost/jis_sys/admin/admin_user.php
date:2019/08/20 16:09:23,  ip:::1,  hostname:DESKTOP-GCRLD30,  requestUrl:/jis_sys/admin/news.php,  method:GET,  browser:Mozilla/5.0 (Windows NT 10.0; Win64; x64) AppleWebKit/537.36 (KHTML, like Gecko) Chrome/76.0.3809.100 Safari/537.36,  遷移元:http://localhost/jis_sys/admin/admin_user.php
date:2019/08/20 16:09:23,  ip:::1,  hostname:DESKTOP-GCRLD30,  requestUrl:/jis_sys/controller/admin/news_ct.php,  method:POST,  browser:Mozilla/5.0 (Windows NT 10.0; Win64; x64) AppleWebKit/537.36 (KHTML, like Gecko) Chrome/76.0.3809.100 Safari/537.36,  遷移元:http://localhost/jis_sys/admin/news.php
date:2019/08/20 16:09:45,  ip:::1,  hostname:DESKTOP-GCRLD30,  requestUrl:/jis_sys/admin/news.php,  method:GET,  browser:Mozilla/5.0 (Windows NT 10.0; Win64; x64) AppleWebKit/537.36 (KHTML, like Gecko) Chrome/76.0.3809.100 Safari/537.36,  遷移元:http://localhost/jis_sys/admin/admin_user.php
date:2019/08/20 16:09:45,  ip:::1,  hostname:DESKTOP-GCRLD30,  requestUrl:/jis_sys/controller/admin/news_ct.php,  method:POST,  browser:Mozilla/5.0 (Windows NT 10.0; Win64; x64) AppleWebKit/537.36 (KHTML, like Gecko) Chrome/76.0.3809.100 Safari/537.36,  遷移元:http://localhost/jis_sys/admin/news.php
date:2019/08/20 16:09:55,  ip:::1,  hostname:DESKTOP-GCRLD30,  requestUrl:/jis_sys/controller/admin/news_ct.php,  method:POST,  browser:Mozilla/5.0 (Windows NT 10.0; Win64; x64) AppleWebKit/537.36 (KHTML, like Gecko) Chrome/76.0.3809.100 Safari/537.36,  遷移元:http://localhost/jis_sys/admin/news.php
date:2019/08/20 16:09:56,  ip:::1,  hostname:DESKTOP-GCRLD30,  requestUrl:/jis_sys/controller/admin/news_ct.php,  method:POST,  browser:Mozilla/5.0 (Windows NT 10.0; Win64; x64) AppleWebKit/537.36 (KHTML, like Gecko) Chrome/76.0.3809.100 Safari/537.36,  遷移元:http://localhost/jis_sys/admin/news.php
date:2019/08/20 16:10:18,  ip:::1,  hostname:DESKTOP-GCRLD30,  requestUrl:/jis_sys/admin/news.php,  method:GET,  browser:Mozilla/5.0 (Windows NT 10.0; Win64; x64) AppleWebKit/537.36 (KHTML, like Gecko) Chrome/76.0.3809.100 Safari/537.36,  遷移元:http://localhost/jis_sys/admin/admin_user.php
date:2019/08/20 16:10:18,  ip:::1,  hostname:DESKTOP-GCRLD30,  requestUrl:/jis_sys/controller/admin/news_ct.php,  method:POST,  browser:Mozilla/5.0 (Windows NT 10.0; Win64; x64) AppleWebKit/537.36 (KHTML, like Gecko) Chrome/76.0.3809.100 Safari/537.36,  遷移元:http://localhost/jis_sys/admin/news.php
date:2019/08/20 16:10:48,  ip:::1,  hostname:DESKTOP-GCRLD30,  requestUrl:/jis_sys/admin/news.php,  method:GET,  browser:Mozilla/5.0 (Windows NT 10.0; Win64; x64) AppleWebKit/537.36 (KHTML, like Gecko) Chrome/76.0.3809.100 Safari/537.36,  遷移元:http://localhost/jis_sys/admin/admin_user.php
date:2019/08/20 16:10:48,  ip:::1,  hostname:DESKTOP-GCRLD30,  requestUrl:/jis_sys/controller/admin/news_ct.php,  method:POST,  browser:Mozilla/5.0 (Windows NT 10.0; Win64; x64) AppleWebKit/537.36 (KHTML, like Gecko) Chrome/76.0.3809.100 Safari/537.36,  遷移元:http://localhost/jis_sys/admin/news.php
date:2019/08/20 16:11:57,  ip:::1,  hostname:DESKTOP-GCRLD30,  requestUrl:/jis_sys/admin/news.php,  method:GET,  browser:Mozilla/5.0 (Windows NT 10.0; Win64; x64) AppleWebKit/537.36 (KHTML, like Gecko) Chrome/76.0.3809.100 Safari/537.36,  遷移元:http://localhost/jis_sys/admin/admin_user.php
date:2019/08/20 16:11:57,  ip:::1,  hostname:DESKTOP-GCRLD30,  requestUrl:/jis_sys/controller/admin/news_ct.php,  method:POST,  browser:Mozilla/5.0 (Windows NT 10.0; Win64; x64) AppleWebKit/537.36 (KHTML, like Gecko) Chrome/76.0.3809.100 Safari/537.36,  遷移元:http://localhost/jis_sys/admin/news.php
date:2019/08/20 16:12:01,  ip:::1,  hostname:DESKTOP-GCRLD30,  requestUrl:/jis_sys/admin/news.php,  method:GET,  browser:Mozilla/5.0 (Windows NT 10.0; Win64; x64) AppleWebKit/537.36 (KHTML, like Gecko) Chrome/76.0.3809.100 Safari/537.36,  遷移元:http://localhost/jis_sys/admin/admin_user.php
date:2019/08/20 16:12:02,  ip:::1,  hostname:DESKTOP-GCRLD30,  requestUrl:/jis_sys/controller/admin/news_ct.php,  method:POST,  browser:Mozilla/5.0 (Windows NT 10.0; Win64; x64) AppleWebKit/537.36 (KHTML, like Gecko) Chrome/76.0.3809.100 Safari/537.36,  遷移元:http://localhost/jis_sys/admin/news.php
date:2019/08/20 16:12:11,  ip:::1,  hostname:DESKTOP-GCRLD30,  requestUrl:/jis_sys/controller/admin/news_ct.php,  method:POST,  browser:Mozilla/5.0 (Windows NT 10.0; Win64; x64) AppleWebKit/537.36 (KHTML, like Gecko) Chrome/76.0.3809.100 Safari/537.36,  遷移元:http://localhost/jis_sys/admin/news.php
date:2019/08/20 16:12:12,  ip:::1,  hostname:DESKTOP-GCRLD30,  requestUrl:/jis_sys/controller/admin/news_ct.php,  method:POST,  browser:Mozilla/5.0 (Windows NT 10.0; Win64; x64) AppleWebKit/537.36 (KHTML, like Gecko) Chrome/76.0.3809.100 Safari/537.36,  遷移元:http://localhost/jis_sys/admin/news.php
date:2019/08/20 16:12:50,  ip:::1,  hostname:DESKTOP-GCRLD30,  requestUrl:/jis_sys/admin/news.php,  method:GET,  browser:Mozilla/5.0 (Windows NT 10.0; Win64; x64) AppleWebKit/537.36 (KHTML, like Gecko) Chrome/76.0.3809.100 Safari/537.36,  遷移元:http://localhost/jis_sys/admin/admin_user.php
date:2019/08/20 16:12:51,  ip:::1,  hostname:DESKTOP-GCRLD30,  requestUrl:/jis_sys/controller/admin/news_ct.php,  method:POST,  browser:Mozilla/5.0 (Windows NT 10.0; Win64; x64) AppleWebKit/537.36 (KHTML, like Gecko) Chrome/76.0.3809.100 Safari/537.36,  遷移元:http://localhost/jis_sys/admin/news.php
date:2019/08/20 16:13:00,  ip:::1,  hostname:DESKTOP-GCRLD30,  requestUrl:/jis_sys/controller/admin/news_ct.php,  method:POST,  browser:Mozilla/5.0 (Windows NT 10.0; Win64; x64) AppleWebKit/537.36 (KHTML, like Gecko) Chrome/76.0.3809.100 Safari/537.36,  遷移元:http://localhost/jis_sys/admin/news.php
date:2019/08/20 16:13:01,  ip:::1,  hostname:DESKTOP-GCRLD30,  requestUrl:/jis_sys/controller/admin/news_ct.php,  method:POST,  browser:Mozilla/5.0 (Windows NT 10.0; Win64; x64) AppleWebKit/537.36 (KHTML, like Gecko) Chrome/76.0.3809.100 Safari/537.36,  遷移元:http://localhost/jis_sys/admin/news.php
date:2019/08/20 16:13:16,  ip:::1,  hostname:DESKTOP-GCRLD30,  requestUrl:/jis_sys/admin/news.php,  method:GET,  browser:Mozilla/5.0 (Windows NT 10.0; Win64; x64) AppleWebKit/537.36 (KHTML, like Gecko) Chrome/76.0.3809.100 Safari/537.36,  遷移元:http://localhost/jis_sys/admin/admin_user.php
date:2019/08/20 16:13:16,  ip:::1,  hostname:DESKTOP-GCRLD30,  requestUrl:/jis_sys/controller/admin/news_ct.php,  method:POST,  browser:Mozilla/5.0 (Windows NT 10.0; Win64; x64) AppleWebKit/537.36 (KHTML, like Gecko) Chrome/76.0.3809.100 Safari/537.36,  遷移元:http://localhost/jis_sys/admin/news.php
date:2019/08/20 16:13:25,  ip:::1,  hostname:DESKTOP-GCRLD30,  requestUrl:/jis_sys/controller/admin/news_ct.php,  method:POST,  browser:Mozilla/5.0 (Windows NT 10.0; Win64; x64) AppleWebKit/537.36 (KHTML, like Gecko) Chrome/76.0.3809.100 Safari/537.36,  遷移元:http://localhost/jis_sys/admin/news.php
date:2019/08/20 16:13:26,  ip:::1,  hostname:DESKTOP-GCRLD30,  requestUrl:/jis_sys/controller/admin/news_ct.php,  method:POST,  browser:Mozilla/5.0 (Windows NT 10.0; Win64; x64) AppleWebKit/537.36 (KHTML, like Gecko) Chrome/76.0.3809.100 Safari/537.36,  遷移元:http://localhost/jis_sys/admin/news.php
date:2019/08/20 16:13:28,  ip:::1,  hostname:DESKTOP-GCRLD30,  requestUrl:/jis_sys/controller/admin/news_ct.php,  method:POST,  browser:Mozilla/5.0 (Windows NT 10.0; Win64; x64) AppleWebKit/537.36 (KHTML, like Gecko) Chrome/76.0.3809.100 Safari/537.36,  遷移元:http://localhost/jis_sys/admin/news.php
date:2019/08/20 16:13:29,  ip:::1,  hostname:DESKTOP-GCRLD30,  requestUrl:/jis_sys/controller/admin/news_ct.php,  method:POST,  browser:Mozilla/5.0 (Windows NT 10.0; Win64; x64) AppleWebKit/537.36 (KHTML, like Gecko) Chrome/76.0.3809.100 Safari/537.36,  遷移元:http://localhost/jis_sys/admin/news.php
date:2019/08/20 16:13:31,  ip:::1,  hostname:DESKTOP-GCRLD30,  requestUrl:/jis_sys/controller/admin/news_ct.php,  method:POST,  browser:Mozilla/5.0 (Windows NT 10.0; Win64; x64) AppleWebKit/537.36 (KHTML, like Gecko) Chrome/76.0.3809.100 Safari/537.36,  遷移元:http://localhost/jis_sys/admin/news.php
date:2019/08/20 16:13:31,  ip:::1,  hostname:DESKTOP-GCRLD30,  requestUrl:/jis_sys/controller/admin/news_ct.php,  method:POST,  browser:Mozilla/5.0 (Windows NT 10.0; Win64; x64) AppleWebKit/537.36 (KHTML, like Gecko) Chrome/76.0.3809.100 Safari/537.36,  遷移元:http://localhost/jis_sys/admin/news.php
date:2019/08/20 16:13:33,  ip:::1,  hostname:DESKTOP-GCRLD30,  requestUrl:/jis_sys/controller/admin/news_ct.php,  method:POST,  browser:Mozilla/5.0 (Windows NT 10.0; Win64; x64) AppleWebKit/537.36 (KHTML, like Gecko) Chrome/76.0.3809.100 Safari/537.36,  遷移元:http://localhost/jis_sys/admin/news.php
date:2019/08/20 16:13:34,  ip:::1,  hostname:DESKTOP-GCRLD30,  requestUrl:/jis_sys/controller/admin/news_ct.php,  method:POST,  browser:Mozilla/5.0 (Windows NT 10.0; Win64; x64) AppleWebKit/537.36 (KHTML, like Gecko) Chrome/76.0.3809.100 Safari/537.36,  遷移元:http://localhost/jis_sys/admin/news.php
date:2019/08/20 16:13:37,  ip:::1,  hostname:DESKTOP-GCRLD30,  requestUrl:/jis_sys/controller/admin/news_ct.php,  method:POST,  browser:Mozilla/5.0 (Windows NT 10.0; Win64; x64) AppleWebKit/537.36 (KHTML, like Gecko) Chrome/76.0.3809.100 Safari/537.36,  遷移元:http://localhost/jis_sys/admin/news.php
date:2019/08/20 16:13:38,  ip:::1,  hostname:DESKTOP-GCRLD30,  requestUrl:/jis_sys/controller/admin/news_ct.php,  method:POST,  browser:Mozilla/5.0 (Windows NT 10.0; Win64; x64) AppleWebKit/537.36 (KHTML, like Gecko) Chrome/76.0.3809.100 Safari/537.36,  遷移元:http://localhost/jis_sys/admin/news.php
date:2019/08/20 16:22:08,  ip:::1,  hostname:DESKTOP-GCRLD30,  requestUrl:/jis_sys/controller/admin/news_ct.php,  method:POST,  browser:Mozilla/5.0 (Windows NT 10.0; Win64; x64) AppleWebKit/537.36 (KHTML, like Gecko) Chrome/76.0.3809.100 Safari/537.36,  遷移元:http://localhost/jis_sys/admin/news.php
date:2019/08/20 16:22:08,  ip:::1,  hostname:DESKTOP-GCRLD30,  requestUrl:/jis_sys/controller/admin/news_ct.php,  method:POST,  browser:Mozilla/5.0 (Windows NT 10.0; Win64; x64) AppleWebKit/537.36 (KHTML, like Gecko) Chrome/76.0.3809.100 Safari/537.36,  遷移元:http://localhost/jis_sys/admin/news.php
date:2019/08/20 16:22:11,  ip:::1,  hostname:DESKTOP-GCRLD30,  requestUrl:/jis_sys/controller/admin/news_ct.php,  method:POST,  browser:Mozilla/5.0 (Windows NT 10.0; Win64; x64) AppleWebKit/537.36 (KHTML, like Gecko) Chrome/76.0.3809.100 Safari/537.36,  遷移元:http://localhost/jis_sys/admin/news.php
date:2019/08/20 16:22:12,  ip:::1,  hostname:DESKTOP-GCRLD30,  requestUrl:/jis_sys/controller/admin/news_ct.php,  method:POST,  browser:Mozilla/5.0 (Windows NT 10.0; Win64; x64) AppleWebKit/537.36 (KHTML, like Gecko) Chrome/76.0.3809.100 Safari/537.36,  遷移元:http://localhost/jis_sys/admin/news.php
date:2019/08/20 16:22:23,  ip:::1,  hostname:DESKTOP-GCRLD30,  requestUrl:/jis_sys/admin/news.php,  method:GET,  browser:Mozilla/5.0 (Windows NT 10.0; Win64; x64) AppleWebKit/537.36 (KHTML, like Gecko) Chrome/76.0.3809.100 Safari/537.36,  遷移元:http://localhost/jis_sys/admin/admin_user.php
date:2019/08/20 16:22:23,  ip:::1,  hostname:DESKTOP-GCRLD30,  requestUrl:/jis_sys/controller/admin/news_ct.php,  method:POST,  browser:Mozilla/5.0 (Windows NT 10.0; Win64; x64) AppleWebKit/537.36 (KHTML, like Gecko) Chrome/76.0.3809.100 Safari/537.36,  遷移元:http://localhost/jis_sys/admin/news.php
date:2019/08/20 16:25:43,  ip:::1,  hostname:DESKTOP-GCRLD30,  requestUrl:/jis_sys/admin/news.php,  method:GET,  browser:Mozilla/5.0 (Windows NT 10.0; Win64; x64) AppleWebKit/537.36 (KHTML, like Gecko) Chrome/76.0.3809.100 Safari/537.36,  遷移元:http://localhost/jis_sys/admin/admin_user.php
date:2019/08/20 16:25:44,  ip:::1,  hostname:DESKTOP-GCRLD30,  requestUrl:/jis_sys/controller/admin/news_ct.php,  method:POST,  browser:Mozilla/5.0 (Windows NT 10.0; Win64; x64) AppleWebKit/537.36 (KHTML, like Gecko) Chrome/76.0.3809.100 Safari/537.36,  遷移元:http://localhost/jis_sys/admin/news.php
date:2019/08/20 16:31:47,  ip:::1,  hostname:DESKTOP-GCRLD30,  requestUrl:/jis_sys/admin/news.php,  method:GET,  browser:Mozilla/5.0 (Windows NT 10.0; Win64; x64) AppleWebKit/537.36 (KHTML, like Gecko) Chrome/76.0.3809.100 Safari/537.36,  遷移元:http://localhost/jis_sys/admin/admin_user.php
date:2019/08/20 16:31:47,  ip:::1,  hostname:DESKTOP-GCRLD30,  requestUrl:/jis_sys/controller/admin/news_ct.php,  method:POST,  browser:Mozilla/5.0 (Windows NT 10.0; Win64; x64) AppleWebKit/537.36 (KHTML, like Gecko) Chrome/76.0.3809.100 Safari/537.36,  遷移元:http://localhost/jis_sys/admin/news.php
date:2019/08/20 16:31:48,  ip:::1,  hostname:DESKTOP-GCRLD30,  requestUrl:/jis_sys/admin/news.php,  method:GET,  browser:Mozilla/5.0 (Windows NT 10.0; Win64; x64) AppleWebKit/537.36 (KHTML, like Gecko) Chrome/76.0.3809.100 Safari/537.36,  遷移元:http://localhost/jis_sys/admin/admin_user.php
date:2019/08/20 16:31:48,  ip:::1,  hostname:DESKTOP-GCRLD30,  requestUrl:/jis_sys/controller/admin/news_ct.php,  method:POST,  browser:Mozilla/5.0 (Windows NT 10.0; Win64; x64) AppleWebKit/537.36 (KHTML, like Gecko) Chrome/76.0.3809.100 Safari/537.36,  遷移元:http://localhost/jis_sys/admin/news.php
date:2019/08/20 16:31:57,  ip:::1,  hostname:DESKTOP-GCRLD30,  requestUrl:/jis_sys/admin/news.php,  method:GET,  browser:Mozilla/5.0 (Windows NT 10.0; Win64; x64) AppleWebKit/537.36 (KHTML, like Gecko) Chrome/76.0.3809.100 Safari/537.36,  遷移元:http://localhost/jis_sys/admin/admin_user.php
date:2019/08/20 16:31:57,  ip:::1,  hostname:DESKTOP-GCRLD30,  requestUrl:/jis_sys/controller/admin/news_ct.php,  method:POST,  browser:Mozilla/5.0 (Windows NT 10.0; Win64; x64) AppleWebKit/537.36 (KHTML, like Gecko) Chrome/76.0.3809.100 Safari/537.36,  遷移元:http://localhost/jis_sys/admin/news.php
date:2019/08/20 16:33:33,  ip:::1,  hostname:DESKTOP-GCRLD30,  requestUrl:/jis_sys/admin/news.php,  method:GET,  browser:Mozilla/5.0 (Windows NT 10.0; Win64; x64) AppleWebKit/537.36 (KHTML, like Gecko) Chrome/76.0.3809.100 Safari/537.36,  遷移元:http://localhost/jis_sys/admin/admin_user.php
date:2019/08/20 16:33:33,  ip:::1,  hostname:DESKTOP-GCRLD30,  requestUrl:/jis_sys/controller/admin/news_ct.php,  method:POST,  browser:Mozilla/5.0 (Windows NT 10.0; Win64; x64) AppleWebKit/537.36 (KHTML, like Gecko) Chrome/76.0.3809.100 Safari/537.36,  遷移元:http://localhost/jis_sys/admin/news.php
date:2019/08/20 16:34:07,  ip:::1,  hostname:DESKTOP-GCRLD30,  requestUrl:/jis_sys/admin/news.php,  method:GET,  browser:Mozilla/5.0 (Windows NT 10.0; Win64; x64) AppleWebKit/537.36 (KHTML, like Gecko) Chrome/76.0.3809.100 Safari/537.36,  遷移元:http://localhost/jis_sys/admin/admin_user.php
date:2019/08/20 16:34:07,  ip:::1,  hostname:DESKTOP-GCRLD30,  requestUrl:/jis_sys/controller/admin/news_ct.php,  method:POST,  browser:Mozilla/5.0 (Windows NT 10.0; Win64; x64) AppleWebKit/537.36 (KHTML, like Gecko) Chrome/76.0.3809.100 Safari/537.36,  遷移元:http://localhost/jis_sys/admin/news.php
date:2019/08/20 16:34:11,  ip:::1,  hostname:DESKTOP-GCRLD30,  requestUrl:/jis_sys/controller/admin/login_ct.php,  method:POST,  browser:Mozilla/5.0 (Windows NT 10.0; Win64; x64) AppleWebKit/537.36 (KHTML, like Gecko) Chrome/76.0.3809.100 Safari/537.36,  遷移元:http://localhost/jis_sys/admin/login.php
date:2019/08/20 16:34:11,  ip:::1,  hostname:DESKTOP-GCRLD30,  requestUrl:/jis_sys/admin/menu.php,  method:GET,  browser:Mozilla/5.0 (Windows NT 10.0; Win64; x64) AppleWebKit/537.36 (KHTML, like Gecko) Chrome/76.0.3809.100 Safari/537.36,  遷移元:http://localhost/jis_sys/admin/login.php
date:2019/08/20 16:35:09,  ip:::1,  hostname:DESKTOP-GCRLD30,  requestUrl:/jis_sys/admin/menu.php,  method:GET,  browser:Mozilla/5.0 (Windows NT 10.0; Win64; x64) AppleWebKit/537.36 (KHTML, like Gecko) Chrome/76.0.3809.100 Safari/537.36,  遷移元:http://localhost/jis_sys/admin/login.php
date:2019/08/20 16:35:17,  ip:::1,  hostname:DESKTOP-GCRLD30,  requestUrl:/jis_sys/admin/member.php,  method:GET,  browser:Mozilla/5.0 (Windows NT 10.0; Win64; x64) AppleWebKit/537.36 (KHTML, like Gecko) Chrome/76.0.3809.100 Safari/537.36,  遷移元:http://localhost/jis_sys/admin/menu.php
date:2019/08/20 16:35:18,  ip:::1,  hostname:DESKTOP-GCRLD30,  requestUrl:/jis_sys/controller/admin/sample_ct.php,  method:POST,  browser:Mozilla/5.0 (Windows NT 10.0; Win64; x64) AppleWebKit/537.36 (KHTML, like Gecko) Chrome/76.0.3809.100 Safari/537.36,  遷移元:http://localhost/jis_sys/admin/member.php
date:2019/08/20 16:35:19,  ip:::1,  hostname:DESKTOP-GCRLD30,  requestUrl:/jis_sys/admin/menu.php,  method:GET,  browser:Mozilla/5.0 (Windows NT 10.0; Win64; x64) AppleWebKit/537.36 (KHTML, like Gecko) Chrome/76.0.3809.100 Safari/537.36,  遷移元:http://localhost/jis_sys/admin/login.php
date:2019/08/20 16:39:13,  ip:::1,  hostname:DESKTOP-GCRLD30,  requestUrl:/jis_sys/admin/menu.php,  method:GET,  browser:Mozilla/5.0 (Windows NT 10.0; Win64; x64) AppleWebKit/537.36 (KHTML, like Gecko) Chrome/76.0.3809.100 Safari/537.36,  遷移元:http://localhost/jis_sys/admin/login.php
date:2019/08/20 16:39:22,  ip:::1,  hostname:DESKTOP-GCRLD30,  requestUrl:/jis_sys/admin/member.php,  method:GET,  browser:Mozilla/5.0 (Windows NT 10.0; Win64; x64) AppleWebKit/537.36 (KHTML, like Gecko) Chrome/76.0.3809.100 Safari/537.36,  遷移元:http://localhost/jis_sys/admin/menu.php
date:2019/08/20 16:39:22,  ip:::1,  hostname:DESKTOP-GCRLD30,  requestUrl:/jis_sys/controller/admin/sample_ct.php,  method:POST,  browser:Mozilla/5.0 (Windows NT 10.0; Win64; x64) AppleWebKit/537.36 (KHTML, like Gecko) Chrome/76.0.3809.100 Safari/537.36,  遷移元:http://localhost/jis_sys/admin/member.php
date:2019/08/20 16:39:54,  ip:::1,  hostname:DESKTOP-GCRLD30,  requestUrl:/jis_sys/admin/member.php,  method:GET,  browser:Mozilla/5.0 (Windows NT 10.0; Win64; x64) AppleWebKit/537.36 (KHTML, like Gecko) Chrome/76.0.3809.100 Safari/537.36,  遷移元:http://localhost/jis_sys/admin/menu.php
date:2019/08/20 16:39:55,  ip:::1,  hostname:DESKTOP-GCRLD30,  requestUrl:/jis_sys/controller/admin/sample_ct.php,  method:POST,  browser:Mozilla/5.0 (Windows NT 10.0; Win64; x64) AppleWebKit/537.36 (KHTML, like Gecko) Chrome/76.0.3809.100 Safari/537.36,  遷移元:http://localhost/jis_sys/admin/member.php
date:2019/08/20 16:40:10,  ip:::1,  hostname:DESKTOP-GCRLD30,  requestUrl:/jis_sys/admin/member.php,  method:GET,  browser:Mozilla/5.0 (Windows NT 10.0; Win64; x64) AppleWebKit/537.36 (KHTML, like Gecko) Chrome/76.0.3809.100 Safari/537.36,  遷移元:http://localhost/jis_sys/admin/menu.php
date:2019/08/20 16:40:10,  ip:::1,  hostname:DESKTOP-GCRLD30,  requestUrl:/jis_sys/controller/admin/sample_ct.php,  method:POST,  browser:Mozilla/5.0 (Windows NT 10.0; Win64; x64) AppleWebKit/537.36 (KHTML, like Gecko) Chrome/76.0.3809.100 Safari/537.36,  遷移元:http://localhost/jis_sys/admin/member.php
date:2019/08/20 16:40:15,  ip:::1,  hostname:DESKTOP-GCRLD30,  requestUrl:/jis_sys/admin/member.php,  method:GET,  browser:Mozilla/5.0 (Windows NT 10.0; Win64; x64) AppleWebKit/537.36 (KHTML, like Gecko) Chrome/76.0.3809.100 Safari/537.36,  遷移元:http://localhost/jis_sys/admin/menu.php
date:2019/08/20 16:40:16,  ip:::1,  hostname:DESKTOP-GCRLD30,  requestUrl:/jis_sys/controller/admin/member_ct.php,  method:POST,  browser:Mozilla/5.0 (Windows NT 10.0; Win64; x64) AppleWebKit/537.36 (KHTML, like Gecko) Chrome/76.0.3809.100 Safari/537.36,  遷移元:http://localhost/jis_sys/admin/member.php
date:2019/08/20 16:40:46,  ip:::1,  hostname:DESKTOP-GCRLD30,  requestUrl:/jis_sys/admin/member.php,  method:GET,  browser:Mozilla/5.0 (Windows NT 10.0; Win64; x64) AppleWebKit/537.36 (KHTML, like Gecko) Chrome/76.0.3809.100 Safari/537.36,  遷移元:http://localhost/jis_sys/admin/menu.php
date:2019/08/20 16:40:46,  ip:::1,  hostname:DESKTOP-GCRLD30,  requestUrl:/jis_sys/controller/admin/member_ct.php,  method:POST,  browser:Mozilla/5.0 (Windows NT 10.0; Win64; x64) AppleWebKit/537.36 (KHTML, like Gecko) Chrome/76.0.3809.100 Safari/537.36,  遷移元:http://localhost/jis_sys/admin/member.php
date:2019/08/20 16:59:19,  ip:::1,  hostname:DESKTOP-GCRLD30,  requestUrl:/jis_sys/admin/member.php,  method:GET,  browser:Mozilla/5.0 (Windows NT 10.0; Win64; x64) AppleWebKit/537.36 (KHTML, like Gecko) Chrome/76.0.3809.100 Safari/537.36,  遷移元:http://localhost/jis_sys/admin/menu.php
date:2019/08/20 16:59:19,  ip:::1,  hostname:DESKTOP-GCRLD30,  requestUrl:/jis_sys/controller/admin/member_ct.php,  method:POST,  browser:Mozilla/5.0 (Windows NT 10.0; Win64; x64) AppleWebKit/537.36 (KHTML, like Gecko) Chrome/76.0.3809.100 Safari/537.36,  遷移元:http://localhost/jis_sys/admin/member.php
date:2019/08/20 16:59:48,  ip:::1,  hostname:DESKTOP-GCRLD30,  requestUrl:/jis_sys/admin/member.php,  method:GET,  browser:Mozilla/5.0 (Windows NT 10.0; Win64; x64) AppleWebKit/537.36 (KHTML, like Gecko) Chrome/76.0.3809.100 Safari/537.36,  遷移元:http://localhost/jis_sys/admin/menu.php
date:2019/08/20 16:59:49,  ip:::1,  hostname:DESKTOP-GCRLD30,  requestUrl:/jis_sys/controller/admin/member_ct.php,  method:POST,  browser:Mozilla/5.0 (Windows NT 10.0; Win64; x64) AppleWebKit/537.36 (KHTML, like Gecko) Chrome/76.0.3809.100 Safari/537.36,  遷移元:http://localhost/jis_sys/admin/member.php
date:2019/08/20 16:59:54,  ip:::1,  hostname:DESKTOP-GCRLD30,  requestUrl:/jis_sys/admin/member.php,  method:GET,  browser:Mozilla/5.0 (Windows NT 10.0; Win64; x64) AppleWebKit/537.36 (KHTML, like Gecko) Chrome/76.0.3809.100 Safari/537.36,  遷移元:http://localhost/jis_sys/admin/menu.php
date:2019/08/20 16:59:55,  ip:::1,  hostname:DESKTOP-GCRLD30,  requestUrl:/jis_sys/controller/admin/member_ct.php,  method:POST,  browser:Mozilla/5.0 (Windows NT 10.0; Win64; x64) AppleWebKit/537.36 (KHTML, like Gecko) Chrome/76.0.3809.100 Safari/537.36,  遷移元:http://localhost/jis_sys/admin/member.php
date:2019/08/20 17:01:09,  ip:::1,  hostname:DESKTOP-GCRLD30,  requestUrl:/jis_sys/admin/member.php,  method:GET,  browser:Mozilla/5.0 (Windows NT 10.0; Win64; x64) AppleWebKit/537.36 (KHTML, like Gecko) Chrome/76.0.3809.100 Safari/537.36,  遷移元:http://localhost/jis_sys/admin/menu.php
date:2019/08/20 17:01:10,  ip:::1,  hostname:DESKTOP-GCRLD30,  requestUrl:/jis_sys/controller/admin/member_ct.php,  method:POST,  browser:Mozilla/5.0 (Windows NT 10.0; Win64; x64) AppleWebKit/537.36 (KHTML, like Gecko) Chrome/76.0.3809.100 Safari/537.36,  遷移元:http://localhost/jis_sys/admin/member.php
date:2019/08/20 17:01:17,  ip:::1,  hostname:DESKTOP-GCRLD30,  requestUrl:/jis_sys/admin/member.php,  method:GET,  browser:Mozilla/5.0 (Windows NT 10.0; Win64; x64) AppleWebKit/537.36 (KHTML, like Gecko) Chrome/76.0.3809.100 Safari/537.36,  遷移元:http://localhost/jis_sys/admin/menu.php
date:2019/08/20 17:01:17,  ip:::1,  hostname:DESKTOP-GCRLD30,  requestUrl:/jis_sys/controller/admin/member_ct.php,  method:POST,  browser:Mozilla/5.0 (Windows NT 10.0; Win64; x64) AppleWebKit/537.36 (KHTML, like Gecko) Chrome/76.0.3809.100 Safari/537.36,  遷移元:http://localhost/jis_sys/admin/member.php
date:2019/08/20 17:02:26,  ip:::1,  hostname:DESKTOP-GCRLD30,  requestUrl:/jis_sys/admin/member.php,  method:GET,  browser:Mozilla/5.0 (Windows NT 10.0; Win64; x64) AppleWebKit/537.36 (KHTML, like Gecko) Chrome/76.0.3809.100 Safari/537.36,  遷移元:http://localhost/jis_sys/admin/menu.php
date:2019/08/20 17:02:26,  ip:::1,  hostname:DESKTOP-GCRLD30,  requestUrl:/jis_sys/controller/admin/member_ct.php,  method:POST,  browser:Mozilla/5.0 (Windows NT 10.0; Win64; x64) AppleWebKit/537.36 (KHTML, like Gecko) Chrome/76.0.3809.100 Safari/537.36,  遷移元:http://localhost/jis_sys/admin/member.php
date:2019/08/20 17:02:38,  ip:::1,  hostname:DESKTOP-GCRLD30,  requestUrl:/jis_sys/admin/member.php,  method:GET,  browser:Mozilla/5.0 (Windows NT 10.0; Win64; x64) AppleWebKit/537.36 (KHTML, like Gecko) Chrome/76.0.3809.100 Safari/537.36,  遷移元:http://localhost/jis_sys/admin/menu.php
date:2019/08/20 17:02:38,  ip:::1,  hostname:DESKTOP-GCRLD30,  requestUrl:/jis_sys/controller/admin/member_ct.php,  method:POST,  browser:Mozilla/5.0 (Windows NT 10.0; Win64; x64) AppleWebKit/537.36 (KHTML, like Gecko) Chrome/76.0.3809.100 Safari/537.36,  遷移元:http://localhost/jis_sys/admin/member.php
date:2019/08/20 17:34:20,  ip:::1,  hostname:DESKTOP-GCRLD30,  requestUrl:/jis_sys/admin/member.php,  method:GET,  browser:Mozilla/5.0 (Windows NT 10.0; Win64; x64) AppleWebKit/537.36 (KHTML, like Gecko) Chrome/76.0.3809.100 Safari/537.36,  遷移元:http://localhost/jis_sys/admin/menu.php
date:2019/08/20 17:34:22,  ip:::1,  hostname:DESKTOP-GCRLD30,  requestUrl:/jis_sys/controller/admin/login_ct.php,  method:POST,  browser:Mozilla/5.0 (Windows NT 10.0; Win64; x64) AppleWebKit/537.36 (KHTML, like Gecko) Chrome/76.0.3809.100 Safari/537.36,  遷移元:http://localhost/jis_sys/admin/login.php
date:2019/08/20 17:34:23,  ip:::1,  hostname:DESKTOP-GCRLD30,  requestUrl:/jis_sys/admin/menu.php,  method:GET,  browser:Mozilla/5.0 (Windows NT 10.0; Win64; x64) AppleWebKit/537.36 (KHTML, like Gecko) Chrome/76.0.3809.100 Safari/537.36,  遷移元:http://localhost/jis_sys/admin/login.php
date:2019/08/20 17:34:43,  ip:::1,  hostname:DESKTOP-GCRLD30,  requestUrl:/jis_sys/admin/menu.php,  method:GET,  browser:Mozilla/5.0 (Windows NT 10.0; Win64; x64) AppleWebKit/537.36 (KHTML, like Gecko) Chrome/76.0.3809.100 Safari/537.36,  遷移元:http://localhost/jis_sys/admin/login.php
date:2019/08/20 17:35:13,  ip:::1,  hostname:DESKTOP-GCRLD30,  requestUrl:/jis_sys/admin/menu.php,  method:GET,  browser:Mozilla/5.0 (Windows NT 10.0; Win64; x64) AppleWebKit/537.36 (KHTML, like Gecko) Chrome/76.0.3809.100 Safari/537.36,  遷移元:http://localhost/jis_sys/admin/reservation.php
date:2019/08/20 17:35:14,  ip:::1,  hostname:DESKTOP-GCRLD30,  requestUrl:/jis_sys/admin/member.php,  method:GET,  browser:Mozilla/5.0 (Windows NT 10.0; Win64; x64) AppleWebKit/537.36 (KHTML, like Gecko) Chrome/76.0.3809.100 Safari/537.36,  遷移元:http://localhost/jis_sys/admin/menu.php
date:2019/08/20 17:35:15,  ip:::1,  hostname:DESKTOP-GCRLD30,  requestUrl:/jis_sys/controller/admin/member_ct.php,  method:POST,  browser:Mozilla/5.0 (Windows NT 10.0; Win64; x64) AppleWebKit/537.36 (KHTML, like Gecko) Chrome/76.0.3809.100 Safari/537.36,  遷移元:http://localhost/jis_sys/admin/member.php
date:2019/08/20 17:36:55,  ip:::1,  hostname:DESKTOP-GCRLD30,  requestUrl:/jis_sys/admin/member.php,  method:GET,  browser:Mozilla/5.0 (Windows NT 10.0; Win64; x64) AppleWebKit/537.36 (KHTML, like Gecko) Chrome/76.0.3809.100 Safari/537.36,  遷移元:http://localhost/jis_sys/admin/menu.php
date:2019/08/20 17:36:55,  ip:::1,  hostname:DESKTOP-GCRLD30,  requestUrl:/jis_sys/controller/admin/member_ct.php,  method:POST,  browser:Mozilla/5.0 (Windows NT 10.0; Win64; x64) AppleWebKit/537.36 (KHTML, like Gecko) Chrome/76.0.3809.100 Safari/537.36,  遷移元:http://localhost/jis_sys/admin/member.php
date:2019/08/20 17:37:13,  ip:::1,  hostname:DESKTOP-GCRLD30,  requestUrl:/jis_sys/admin/member.php,  method:GET,  browser:Mozilla/5.0 (Windows NT 10.0; Win64; x64) AppleWebKit/537.36 (KHTML, like Gecko) Chrome/76.0.3809.100 Safari/537.36,  遷移元:http://localhost/jis_sys/admin/menu.php
date:2019/08/20 17:37:13,  ip:::1,  hostname:DESKTOP-GCRLD30,  requestUrl:/jis_sys/controller/admin/member_ct.php,  method:POST,  browser:Mozilla/5.0 (Windows NT 10.0; Win64; x64) AppleWebKit/537.36 (KHTML, like Gecko) Chrome/76.0.3809.100 Safari/537.36,  遷移元:http://localhost/jis_sys/admin/member.php
date:2019/08/20 17:37:28,  ip:::1,  hostname:DESKTOP-GCRLD30,  requestUrl:/jis_sys/admin/member.php,  method:GET,  browser:Mozilla/5.0 (Windows NT 10.0; Win64; x64) AppleWebKit/537.36 (KHTML, like Gecko) Chrome/76.0.3809.100 Safari/537.36,  遷移元:http://localhost/jis_sys/admin/menu.php
date:2019/08/20 17:37:29,  ip:::1,  hostname:DESKTOP-GCRLD30,  requestUrl:/jis_sys/controller/admin/member_ct.php,  method:POST,  browser:Mozilla/5.0 (Windows NT 10.0; Win64; x64) AppleWebKit/537.36 (KHTML, like Gecko) Chrome/76.0.3809.100 Safari/537.36,  遷移元:http://localhost/jis_sys/admin/member.php
date:2019/08/20 17:37:56,  ip:::1,  hostname:DESKTOP-GCRLD30,  requestUrl:/jis_sys/admin/member.php,  method:GET,  browser:Mozilla/5.0 (Windows NT 10.0; Win64; x64) AppleWebKit/537.36 (KHTML, like Gecko) Chrome/76.0.3809.100 Safari/537.36,  遷移元:http://localhost/jis_sys/admin/menu.php
date:2019/08/20 17:37:57,  ip:::1,  hostname:DESKTOP-GCRLD30,  requestUrl:/jis_sys/controller/admin/member_ct.php,  method:POST,  browser:Mozilla/5.0 (Windows NT 10.0; Win64; x64) AppleWebKit/537.36 (KHTML, like Gecko) Chrome/76.0.3809.100 Safari/537.36,  遷移元:http://localhost/jis_sys/admin/member.php
date:2019/08/20 17:38:25,  ip:::1,  hostname:DESKTOP-GCRLD30,  requestUrl:/jis_sys/admin/member.php,  method:GET,  browser:Mozilla/5.0 (Windows NT 10.0; Win64; x64) AppleWebKit/537.36 (KHTML, like Gecko) Chrome/76.0.3809.100 Safari/537.36,  遷移元:http://localhost/jis_sys/admin/menu.php
date:2019/08/20 17:38:25,  ip:::1,  hostname:DESKTOP-GCRLD30,  requestUrl:/jis_sys/controller/admin/member_ct.php,  method:POST,  browser:Mozilla/5.0 (Windows NT 10.0; Win64; x64) AppleWebKit/537.36 (KHTML, like Gecko) Chrome/76.0.3809.100 Safari/537.36,  遷移元:http://localhost/jis_sys/admin/member.php
date:2019/08/20 17:45:09,  ip:::1,  hostname:DESKTOP-GCRLD30,  requestUrl:/jis_sys/admin/member.php,  method:GET,  browser:Mozilla/5.0 (Windows NT 10.0; Win64; x64) AppleWebKit/537.36 (KHTML, like Gecko) Chrome/76.0.3809.100 Safari/537.36,  遷移元:http://localhost/jis_sys/admin/menu.php
date:2019/08/20 17:45:09,  ip:::1,  hostname:DESKTOP-GCRLD30,  requestUrl:/jis_sys/controller/admin/member_ct.php,  method:POST,  browser:Mozilla/5.0 (Windows NT 10.0; Win64; x64) AppleWebKit/537.36 (KHTML, like Gecko) Chrome/76.0.3809.100 Safari/537.36,  遷移元:http://localhost/jis_sys/admin/member.php
date:2019/08/20 17:46:19,  ip:::1,  hostname:DESKTOP-GCRLD30,  requestUrl:/jis_sys/admin/member.php,  method:GET,  browser:Mozilla/5.0 (Windows NT 10.0; Win64; x64) AppleWebKit/537.36 (KHTML, like Gecko) Chrome/76.0.3809.100 Safari/537.36,  遷移元:http://localhost/jis_sys/admin/menu.php
date:2019/08/20 17:46:19,  ip:::1,  hostname:DESKTOP-GCRLD30,  requestUrl:/jis_sys/controller/admin/member_ct.php,  method:POST,  browser:Mozilla/5.0 (Windows NT 10.0; Win64; x64) AppleWebKit/537.36 (KHTML, like Gecko) Chrome/76.0.3809.100 Safari/537.36,  遷移元:http://localhost/jis_sys/admin/member.php
date:2019/08/20 17:46:21,  ip:::1,  hostname:DESKTOP-GCRLD30,  requestUrl:/jis_sys/admin/member.php,  method:GET,  browser:Mozilla/5.0 (Windows NT 10.0; Win64; x64) AppleWebKit/537.36 (KHTML, like Gecko) Chrome/76.0.3809.100 Safari/537.36,  遷移元:http://localhost/jis_sys/admin/menu.php
date:2019/08/20 17:46:21,  ip:::1,  hostname:DESKTOP-GCRLD30,  requestUrl:/jis_sys/controller/admin/member_ct.php,  method:POST,  browser:Mozilla/5.0 (Windows NT 10.0; Win64; x64) AppleWebKit/537.36 (KHTML, like Gecko) Chrome/76.0.3809.100 Safari/537.36,  遷移元:http://localhost/jis_sys/admin/member.php
date:2019/08/20 17:46:27,  ip:::1,  hostname:DESKTOP-GCRLD30,  requestUrl:/jis_sys/controller/admin/common_ct.php,  method:POST,  browser:Mozilla/5.0 (Windows NT 10.0; Win64; x64) AppleWebKit/537.36 (KHTML, like Gecko) Chrome/76.0.3809.100 Safari/537.36,  遷移元:http://localhost/jis_sys/admin/member.php
date:2019/08/20 17:49:36,  ip:::1,  hostname:DESKTOP-GCRLD30,  requestUrl:/jis_sys/admin/member.php,  method:GET,  browser:Mozilla/5.0 (Windows NT 10.0; Win64; x64) AppleWebKit/537.36 (KHTML, like Gecko) Chrome/76.0.3809.100 Safari/537.36,  遷移元:http://localhost/jis_sys/admin/menu.php
date:2019/08/20 17:49:37,  ip:::1,  hostname:DESKTOP-GCRLD30,  requestUrl:/jis_sys/controller/admin/member_ct.php,  method:POST,  browser:Mozilla/5.0 (Windows NT 10.0; Win64; x64) AppleWebKit/537.36 (KHTML, like Gecko) Chrome/76.0.3809.100 Safari/537.36,  遷移元:http://localhost/jis_sys/admin/member.php
date:2019/08/20 17:50:38,  ip:::1,  hostname:DESKTOP-GCRLD30,  requestUrl:/jis_sys/admin/member.php,  method:GET,  browser:Mozilla/5.0 (Windows NT 10.0; Win64; x64) AppleWebKit/537.36 (KHTML, like Gecko) Chrome/76.0.3809.100 Safari/537.36,  遷移元:http://localhost/jis_sys/admin/menu.php
date:2019/08/20 17:50:38,  ip:::1,  hostname:DESKTOP-GCRLD30,  requestUrl:/jis_sys/controller/admin/member_ct.php,  method:POST,  browser:Mozilla/5.0 (Windows NT 10.0; Win64; x64) AppleWebKit/537.36 (KHTML, like Gecko) Chrome/76.0.3809.100 Safari/537.36,  遷移元:http://localhost/jis_sys/admin/member.php
date:2019/08/20 17:51:07,  ip:::1,  hostname:DESKTOP-GCRLD30,  requestUrl:/jis_sys/controller/admin/common_ct.php,  method:POST,  browser:Mozilla/5.0 (Windows NT 10.0; Win64; x64) AppleWebKit/537.36 (KHTML, like Gecko) Chrome/76.0.3809.100 Safari/537.36,  遷移元:http://localhost/jis_sys/admin/member.php
date:2019/08/20 17:51:43,  ip:::1,  hostname:DESKTOP-GCRLD30,  requestUrl:/jis_sys/controller/admin/member_ct.php,  method:POST,  browser:Mozilla/5.0 (Windows NT 10.0; Win64; x64) AppleWebKit/537.36 (KHTML, like Gecko) Chrome/76.0.3809.100 Safari/537.36,  遷移元:http://localhost/jis_sys/admin/member.php
date:2019/08/20 17:51:44,  ip:::1,  hostname:DESKTOP-GCRLD30,  requestUrl:/jis_sys/controller/admin/member_ct.php,  method:POST,  browser:Mozilla/5.0 (Windows NT 10.0; Win64; x64) AppleWebKit/537.36 (KHTML, like Gecko) Chrome/76.0.3809.100 Safari/537.36,  遷移元:http://localhost/jis_sys/admin/member.php
date:2019/08/20 17:53:40,  ip:::1,  hostname:DESKTOP-GCRLD30,  requestUrl:/jis_sys/admin/member.php,  method:GET,  browser:Mozilla/5.0 (Windows NT 10.0; Win64; x64) AppleWebKit/537.36 (KHTML, like Gecko) Chrome/76.0.3809.100 Safari/537.36,  遷移元:http://localhost/jis_sys/admin/menu.php
date:2019/08/20 17:53:40,  ip:::1,  hostname:DESKTOP-GCRLD30,  requestUrl:/jis_sys/controller/admin/member_ct.php,  method:POST,  browser:Mozilla/5.0 (Windows NT 10.0; Win64; x64) AppleWebKit/537.36 (KHTML, like Gecko) Chrome/76.0.3809.100 Safari/537.36,  遷移元:http://localhost/jis_sys/admin/member.php
date:2019/08/20 17:53:51,  ip:::1,  hostname:DESKTOP-GCRLD30,  requestUrl:/jis_sys/controller/admin/member_ct.php,  method:POST,  browser:Mozilla/5.0 (Windows NT 10.0; Win64; x64) AppleWebKit/537.36 (KHTML, like Gecko) Chrome/76.0.3809.100 Safari/537.36,  遷移元:http://localhost/jis_sys/admin/member.php
date:2019/08/20 17:54:19,  ip:::1,  hostname:DESKTOP-GCRLD30,  requestUrl:/jis_sys/admin/member.php,  method:GET,  browser:Mozilla/5.0 (Windows NT 10.0; Win64; x64) AppleWebKit/537.36 (KHTML, like Gecko) Chrome/76.0.3809.100 Safari/537.36,  遷移元:http://localhost/jis_sys/admin/menu.php
date:2019/08/20 17:54:20,  ip:::1,  hostname:DESKTOP-GCRLD30,  requestUrl:/jis_sys/controller/admin/member_ct.php,  method:POST,  browser:Mozilla/5.0 (Windows NT 10.0; Win64; x64) AppleWebKit/537.36 (KHTML, like Gecko) Chrome/76.0.3809.100 Safari/537.36,  遷移元:http://localhost/jis_sys/admin/member.php
date:2019/08/20 17:54:21,  ip:::1,  hostname:DESKTOP-GCRLD30,  requestUrl:/jis_sys/controller/admin/member_ct.php,  method:POST,  browser:Mozilla/5.0 (Windows NT 10.0; Win64; x64) AppleWebKit/537.36 (KHTML, like Gecko) Chrome/76.0.3809.100 Safari/537.36,  遷移元:http://localhost/jis_sys/admin/member.php
date:2019/08/20 17:54:26,  ip:::1,  hostname:DESKTOP-GCRLD30,  requestUrl:/jis_sys/controller/admin/member_ct.php,  method:POST,  browser:Mozilla/5.0 (Windows NT 10.0; Win64; x64) AppleWebKit/537.36 (KHTML, like Gecko) Chrome/76.0.3809.100 Safari/537.36,  遷移元:http://localhost/jis_sys/admin/member.php
date:2019/08/20 17:54:31,  ip:::1,  hostname:DESKTOP-GCRLD30,  requestUrl:/jis_sys/controller/admin/member_ct.php,  method:POST,  browser:Mozilla/5.0 (Windows NT 10.0; Win64; x64) AppleWebKit/537.36 (KHTML, like Gecko) Chrome/76.0.3809.100 Safari/537.36,  遷移元:http://localhost/jis_sys/admin/member.php
date:2019/08/20 17:57:43,  ip:::1,  hostname:DESKTOP-GCRLD30,  requestUrl:/jis_sys/admin/member.php,  method:GET,  browser:Mozilla/5.0 (Windows NT 10.0; Win64; x64) AppleWebKit/537.36 (KHTML, like Gecko) Chrome/76.0.3809.100 Safari/537.36,  遷移元:http://localhost/jis_sys/admin/menu.php
date:2019/08/20 17:57:43,  ip:::1,  hostname:DESKTOP-GCRLD30,  requestUrl:/jis_sys/controller/admin/member_ct.php,  method:POST,  browser:Mozilla/5.0 (Windows NT 10.0; Win64; x64) AppleWebKit/537.36 (KHTML, like Gecko) Chrome/76.0.3809.100 Safari/537.36,  遷移元:http://localhost/jis_sys/admin/member.php
date:2019/08/20 17:57:52,  ip:::1,  hostname:DESKTOP-GCRLD30,  requestUrl:/jis_sys/admin/member.php,  method:GET,  browser:Mozilla/5.0 (Windows NT 10.0; Win64; x64) AppleWebKit/537.36 (KHTML, like Gecko) Chrome/76.0.3809.100 Safari/537.36,  遷移元:http://localhost/jis_sys/admin/menu.php
date:2019/08/20 17:57:53,  ip:::1,  hostname:DESKTOP-GCRLD30,  requestUrl:/jis_sys/admin/member.php,  method:GET,  browser:Mozilla/5.0 (Windows NT 10.0; Win64; x64) AppleWebKit/537.36 (KHTML, like Gecko) Chrome/76.0.3809.100 Safari/537.36,  遷移元:http://localhost/jis_sys/admin/menu.php
date:2019/08/20 17:57:53,  ip:::1,  hostname:DESKTOP-GCRLD30,  requestUrl:/jis_sys/controller/admin/member_ct.php,  method:POST,  browser:Mozilla/5.0 (Windows NT 10.0; Win64; x64) AppleWebKit/537.36 (KHTML, like Gecko) Chrome/76.0.3809.100 Safari/537.36,  遷移元:http://localhost/jis_sys/admin/member.php
date:2019/08/20 17:57:53,  ip:::1,  hostname:DESKTOP-GCRLD30,  requestUrl:/jis_sys/admin/member.php,  method:GET,  browser:Mozilla/5.0 (Windows NT 10.0; Win64; x64) AppleWebKit/537.36 (KHTML, like Gecko) Chrome/76.0.3809.100 Safari/537.36,  遷移元:http://localhost/jis_sys/admin/menu.php
date:2019/08/20 17:57:53,  ip:::1,  hostname:DESKTOP-GCRLD30,  requestUrl:/jis_sys/admin/member.php,  method:GET,  browser:Mozilla/5.0 (Windows NT 10.0; Win64; x64) AppleWebKit/537.36 (KHTML, like Gecko) Chrome/76.0.3809.100 Safari/537.36,  遷移元:http://localhost/jis_sys/admin/menu.php
date:2019/08/20 17:57:53,  ip:::1,  hostname:DESKTOP-GCRLD30,  requestUrl:/jis_sys/admin/member.php,  method:GET,  browser:Mozilla/5.0 (Windows NT 10.0; Win64; x64) AppleWebKit/537.36 (KHTML, like Gecko) Chrome/76.0.3809.100 Safari/537.36,  遷移元:http://localhost/jis_sys/admin/menu.php
date:2019/08/20 17:57:53,  ip:::1,  hostname:DESKTOP-GCRLD30,  requestUrl:/jis_sys/controller/admin/member_ct.php,  method:POST,  browser:Mozilla/5.0 (Windows NT 10.0; Win64; x64) AppleWebKit/537.36 (KHTML, like Gecko) Chrome/76.0.3809.100 Safari/537.36,  遷移元:http://localhost/jis_sys/admin/member.php
date:2019/08/20 17:58:17,  ip:::1,  hostname:DESKTOP-GCRLD30,  requestUrl:/jis_sys/admin/store_basic.php,  method:GET,  browser:Mozilla/5.0 (Windows NT 10.0; Win64; x64) AppleWebKit/537.36 (KHTML, like Gecko) Chrome/76.0.3809.100 Safari/537.36,  遷移元:取得できませんでした
date:2019/08/20 17:58:18,  ip:::1,  hostname:DESKTOP-GCRLD30,  requestUrl:/jis_sys/controller/admin/store_basic_ct.php,  method:POST,  browser:Mozilla/5.0 (Windows NT 10.0; Win64; x64) AppleWebKit/537.36 (KHTML, like Gecko) Chrome/76.0.3809.100 Safari/537.36,  遷移元:http://localhost/jis_sys/admin/store_basic.php
date:2019/08/20 17:58:31,  ip:::1,  hostname:DESKTOP-GCRLD30,  requestUrl:/jis_sys/admin/store_basic.php,  method:GET,  browser:Mozilla/5.0 (Windows NT 10.0; Win64; x64) AppleWebKit/537.36 (KHTML, like Gecko) Chrome/76.0.3809.100 Safari/537.36,  遷移元:取得できませんでした
date:2019/08/20 17:58:32,  ip:::1,  hostname:DESKTOP-GCRLD30,  requestUrl:/jis_sys/controller/admin/store_basic_ct.php,  method:POST,  browser:Mozilla/5.0 (Windows NT 10.0; Win64; x64) AppleWebKit/537.36 (KHTML, like Gecko) Chrome/76.0.3809.100 Safari/537.36,  遷移元:http://localhost/jis_sys/admin/store_basic.php
date:2019/08/20 17:58:34,  ip:::1,  hostname:DESKTOP-GCRLD30,  requestUrl:/jis_sys/admin/store_basic.php,  method:GET,  browser:Mozilla/5.0 (Windows NT 10.0; Win64; x64) AppleWebKit/537.36 (KHTML, like Gecko) Chrome/76.0.3809.100 Safari/537.36,  遷移元:取得できませんでした
date:2019/08/20 17:58:35,  ip:::1,  hostname:DESKTOP-GCRLD30,  requestUrl:/jis_sys/controller/admin/store_basic_ct.php,  method:POST,  browser:Mozilla/5.0 (Windows NT 10.0; Win64; x64) AppleWebKit/537.36 (KHTML, like Gecko) Chrome/76.0.3809.100 Safari/537.36,  遷移元:http://localhost/jis_sys/admin/store_basic.php
date:2019/08/20 17:58:47,  ip:::1,  hostname:DESKTOP-GCRLD30,  requestUrl:/jis_sys/admin/store_basic.php,  method:GET,  browser:Mozilla/5.0 (Windows NT 10.0; Win64; x64) AppleWebKit/537.36 (KHTML, like Gecko) Chrome/76.0.3809.100 Safari/537.36,  遷移元:取得できませんでした
date:2019/08/20 17:58:47,  ip:::1,  hostname:DESKTOP-GCRLD30,  requestUrl:/jis_sys/controller/admin/store_basic_ct.php,  method:POST,  browser:Mozilla/5.0 (Windows NT 10.0; Win64; x64) AppleWebKit/537.36 (KHTML, like Gecko) Chrome/76.0.3809.100 Safari/537.36,  遷移元:http://localhost/jis_sys/admin/store_basic.php
date:2019/08/20 17:59:47,  ip:::1,  hostname:DESKTOP-GCRLD30,  requestUrl:/jis_sys/admin/store_basic.php,  method:GET,  browser:Mozilla/5.0 (Windows NT 10.0; Win64; x64) AppleWebKit/537.36 (KHTML, like Gecko) Chrome/76.0.3809.100 Safari/537.36,  遷移元:取得できませんでした
date:2019/08/20 17:59:48,  ip:::1,  hostname:DESKTOP-GCRLD30,  requestUrl:/jis_sys/controller/admin/store_basic_ct.php,  method:POST,  browser:Mozilla/5.0 (Windows NT 10.0; Win64; x64) AppleWebKit/537.36 (KHTML, like Gecko) Chrome/76.0.3809.100 Safari/537.36,  遷移元:http://localhost/jis_sys/admin/store_basic.php
