date:2019/09/24 06:52:48,  ip:::1,  hostname:DESKTOP-GCRLD30,  requestUrl:/jis2/controller/admin/login_ct.php,  method:POST,  browser:Mozilla/5.0 (Windows NT 10.0; Win64; x64) AppleWebKit/537.36 (KHTML, like Gecko) Chrome/76.0.3809.132 Safari/537.36,  遷移元:http://localhost/jis2/admin/login.php
date:2019/09/24 06:52:48,  ip:::1,  hostname:DESKTOP-GCRLD30,  requestUrl:/jis2/admin/menu.php,  method:GET,  browser:Mozilla/5.0 (Windows NT 10.0; Win64; x64) AppleWebKit/537.36 (KHTML, like Gecko) Chrome/76.0.3809.132 Safari/537.36,  遷移元:http://localhost/jis2/admin/login.php
date:2019/09/24 06:52:50,  ip:::1,  hostname:DESKTOP-GCRLD30,  requestUrl:/jis2/admin/member.php,  method:GET,  browser:Mozilla/5.0 (Windows NT 10.0; Win64; x64) AppleWebKit/537.36 (KHTML, like Gecko) Chrome/76.0.3809.132 Safari/537.36,  遷移元:http://localhost/jis2/admin/menu.php
date:2019/09/24 06:52:50,  ip:::1,  hostname:DESKTOP-GCRLD30,  requestUrl:/jis2/controller/admin/member_ct.php,  method:POST,  browser:Mozilla/5.0 (Windows NT 10.0; Win64; x64) AppleWebKit/537.36 (KHTML, like Gecko) Chrome/76.0.3809.132 Safari/537.36,  遷移元:http://localhost/jis2/admin/member.php
date:2019/09/24 06:52:51,  ip:::1,  hostname:DESKTOP-GCRLD30,  requestUrl:/jis2/admin/tour.php,  method:GET,  browser:Mozilla/5.0 (Windows NT 10.0; Win64; x64) AppleWebKit/537.36 (KHTML, like Gecko) Chrome/76.0.3809.132 Safari/537.36,  遷移元:http://localhost/jis2/admin/member.php
date:2019/09/24 06:52:51,  ip:::1,  hostname:DESKTOP-GCRLD30,  requestUrl:/jis2/controller/admin/tour_ct.php,  method:POST,  browser:Mozilla/5.0 (Windows NT 10.0; Win64; x64) AppleWebKit/537.36 (KHTML, like Gecko) Chrome/76.0.3809.132 Safari/537.36,  遷移元:http://localhost/jis2/admin/tour.php
date:2019/09/24 06:52:53,  ip:::1,  hostname:DESKTOP-GCRLD30,  requestUrl:/jis2/admin/store_basic.php,  method:GET,  browser:Mozilla/5.0 (Windows NT 10.0; Win64; x64) AppleWebKit/537.36 (KHTML, like Gecko) Chrome/76.0.3809.132 Safari/537.36,  遷移元:http://localhost/jis2/admin/tour.php
date:2019/09/24 06:52:53,  ip:::1,  hostname:DESKTOP-GCRLD30,  requestUrl:/jis2/controller/admin/store_basic_ct.php,  method:POST,  browser:Mozilla/5.0 (Windows NT 10.0; Win64; x64) AppleWebKit/537.36 (KHTML, like Gecko) Chrome/76.0.3809.132 Safari/537.36,  遷移元:http://localhost/jis2/admin/store_basic.php
date:2019/09/24 06:52:55,  ip:::1,  hostname:DESKTOP-GCRLD30,  requestUrl:/jis2/admin/reservation.php,  method:GET,  browser:Mozilla/5.0 (Windows NT 10.0; Win64; x64) AppleWebKit/537.36 (KHTML, like Gecko) Chrome/76.0.3809.132 Safari/537.36,  遷移元:http://localhost/jis2/admin/store_basic.php
date:2019/09/24 06:52:55,  ip:::1,  hostname:DESKTOP-GCRLD30,  requestUrl:/jis2/controller/admin/reservation_ct.php,  method:POST,  browser:Mozilla/5.0 (Windows NT 10.0; Win64; x64) AppleWebKit/537.36 (KHTML, like Gecko) Chrome/76.0.3809.132 Safari/537.36,  遷移元:http://localhost/jis2/admin/reservation.php
date:2019/09/24 06:52:58,  ip:::1,  hostname:DESKTOP-GCRLD30,  requestUrl:/jis2/admin/category.php,  method:GET,  browser:Mozilla/5.0 (Windows NT 10.0; Win64; x64) AppleWebKit/537.36 (KHTML, like Gecko) Chrome/76.0.3809.132 Safari/537.36,  遷移元:http://localhost/jis2/admin/reservation.php
date:2019/09/24 06:52:58,  ip:::1,  hostname:DESKTOP-GCRLD30,  requestUrl:/jis2/controller/admin/category_ct.php,  method:POST,  browser:Mozilla/5.0 (Windows NT 10.0; Win64; x64) AppleWebKit/537.36 (KHTML, like Gecko) Chrome/76.0.3809.132 Safari/537.36,  遷移元:http://localhost/jis2/admin/category.php
date:2019/09/24 06:53:02,  ip:::1,  hostname:DESKTOP-GCRLD30,  requestUrl:/jis2/controller/admin/category_ct.php,  method:POST,  browser:Mozilla/5.0 (Windows NT 10.0; Win64; x64) AppleWebKit/537.36 (KHTML, like Gecko) Chrome/76.0.3809.132 Safari/537.36,  遷移元:http://localhost/jis2/admin/category.php
date:2019/09/24 06:53:47,  ip:::1,  hostname:DESKTOP-GCRLD30,  requestUrl:/jis2/admin/category.php,  method:GET,  browser:Mozilla/5.0 (Windows NT 10.0; Win64; x64) AppleWebKit/537.36 (KHTML, like Gecko) Chrome/76.0.3809.132 Safari/537.36,  遷移元:http://localhost/jis2/admin/reservation.php
date:2019/09/24 06:53:48,  ip:::1,  hostname:DESKTOP-GCRLD30,  requestUrl:/jis2/controller/admin/category_ct.php,  method:POST,  browser:Mozilla/5.0 (Windows NT 10.0; Win64; x64) AppleWebKit/537.36 (KHTML, like Gecko) Chrome/76.0.3809.132 Safari/537.36,  遷移元:http://localhost/jis2/admin/category.php
date:2019/09/24 06:53:51,  ip:::1,  hostname:DESKTOP-GCRLD30,  requestUrl:/jis2/controller/admin/category_ct.php,  method:POST,  browser:Mozilla/5.0 (Windows NT 10.0; Win64; x64) AppleWebKit/537.36 (KHTML, like Gecko) Chrome/76.0.3809.132 Safari/537.36,  遷移元:http://localhost/jis2/admin/category.php
date:2019/09/24 06:54:12,  ip:::1,  hostname:DESKTOP-GCRLD30,  requestUrl:/jis2/admin/category.php,  method:GET,  browser:Mozilla/5.0 (Windows NT 10.0; Win64; x64) AppleWebKit/537.36 (KHTML, like Gecko) Chrome/76.0.3809.132 Safari/537.36,  遷移元:http://localhost/jis2/admin/reservation.php
date:2019/09/24 06:54:13,  ip:::1,  hostname:DESKTOP-GCRLD30,  requestUrl:/jis2/controller/admin/category_ct.php,  method:POST,  browser:Mozilla/5.0 (Windows NT 10.0; Win64; x64) AppleWebKit/537.36 (KHTML, like Gecko) Chrome/76.0.3809.132 Safari/537.36,  遷移元:http://localhost/jis2/admin/category.php
date:2019/09/24 06:54:17,  ip:::1,  hostname:DESKTOP-GCRLD30,  requestUrl:/jis2/controller/admin/category_ct.php,  method:POST,  browser:Mozilla/5.0 (Windows NT 10.0; Win64; x64) AppleWebKit/537.36 (KHTML, like Gecko) Chrome/76.0.3809.132 Safari/537.36,  遷移元:http://localhost/jis2/admin/category.php
date:2019/09/24 06:55:41,  ip:::1,  hostname:DESKTOP-GCRLD30,  requestUrl:/jis2/admin/category.php,  method:GET,  browser:Mozilla/5.0 (Windows NT 10.0; Win64; x64) AppleWebKit/537.36 (KHTML, like Gecko) Chrome/76.0.3809.132 Safari/537.36,  遷移元:http://localhost/jis2/admin/reservation.php
date:2019/09/24 06:55:41,  ip:::1,  hostname:DESKTOP-GCRLD30,  requestUrl:/jis2/controller/admin/category_ct.php,  method:POST,  browser:Mozilla/5.0 (Windows NT 10.0; Win64; x64) AppleWebKit/537.36 (KHTML, like Gecko) Chrome/76.0.3809.132 Safari/537.36,  遷移元:http://localhost/jis2/admin/category.php
date:2019/09/24 06:55:43,  ip:::1,  hostname:DESKTOP-GCRLD30,  requestUrl:/jis2/controller/admin/category_ct.php,  method:POST,  browser:Mozilla/5.0 (Windows NT 10.0; Win64; x64) AppleWebKit/537.36 (KHTML, like Gecko) Chrome/76.0.3809.132 Safari/537.36,  遷移元:http://localhost/jis2/admin/category.php
date:2019/09/24 06:55:51,  ip:::1,  hostname:DESKTOP-GCRLD30,  requestUrl:/jis2/controller/admin/common_ct.php,  method:POST,  browser:Mozilla/5.0 (Windows NT 10.0; Win64; x64) AppleWebKit/537.36 (KHTML, like Gecko) Chrome/76.0.3809.132 Safari/537.36,  遷移元:http://localhost/jis2/admin/category.php
date:2019/09/24 06:55:54,  ip:::1,  hostname:DESKTOP-GCRLD30,  requestUrl:/jis2/controller/admin/category_ct.php,  method:POST,  browser:Mozilla/5.0 (Windows NT 10.0; Win64; x64) AppleWebKit/537.36 (KHTML, like Gecko) Chrome/76.0.3809.132 Safari/537.36,  遷移元:http://localhost/jis2/admin/category.php
date:2019/09/24 06:55:55,  ip:::1,  hostname:DESKTOP-GCRLD30,  requestUrl:/jis2/controller/admin/category_ct.php,  method:POST,  browser:Mozilla/5.0 (Windows NT 10.0; Win64; x64) AppleWebKit/537.36 (KHTML, like Gecko) Chrome/76.0.3809.132 Safari/537.36,  遷移元:http://localhost/jis2/admin/category.php
date:2019/09/24 06:55:58,  ip:::1,  hostname:DESKTOP-GCRLD30,  requestUrl:/jis2/controller/admin/category_ct.php,  method:POST,  browser:Mozilla/5.0 (Windows NT 10.0; Win64; x64) AppleWebKit/537.36 (KHTML, like Gecko) Chrome/76.0.3809.132 Safari/537.36,  遷移元:http://localhost/jis2/admin/category.php
date:2019/09/24 06:56:01,  ip:::1,  hostname:DESKTOP-GCRLD30,  requestUrl:/jis2/controller/admin/common_ct.php,  method:POST,  browser:Mozilla/5.0 (Windows NT 10.0; Win64; x64) AppleWebKit/537.36 (KHTML, like Gecko) Chrome/76.0.3809.132 Safari/537.36,  遷移元:http://localhost/jis2/admin/category.php
date:2019/09/24 06:56:03,  ip:::1,  hostname:DESKTOP-GCRLD30,  requestUrl:/jis2/controller/admin/category_ct.php,  method:POST,  browser:Mozilla/5.0 (Windows NT 10.0; Win64; x64) AppleWebKit/537.36 (KHTML, like Gecko) Chrome/76.0.3809.132 Safari/537.36,  遷移元:http://localhost/jis2/admin/category.php
date:2019/09/24 06:56:04,  ip:::1,  hostname:DESKTOP-GCRLD30,  requestUrl:/jis2/controller/admin/category_ct.php,  method:POST,  browser:Mozilla/5.0 (Windows NT 10.0; Win64; x64) AppleWebKit/537.36 (KHTML, like Gecko) Chrome/76.0.3809.132 Safari/537.36,  遷移元:http://localhost/jis2/admin/category.php
date:2019/09/24 06:56:07,  ip:::1,  hostname:DESKTOP-GCRLD30,  requestUrl:/jis2/controller/admin/category_ct.php,  method:POST,  browser:Mozilla/5.0 (Windows NT 10.0; Win64; x64) AppleWebKit/537.36 (KHTML, like Gecko) Chrome/76.0.3809.132 Safari/537.36,  遷移元:http://localhost/jis2/admin/category.php
date:2019/09/24 06:56:11,  ip:::1,  hostname:DESKTOP-GCRLD30,  requestUrl:/jis2/controller/admin/common_ct.php,  method:POST,  browser:Mozilla/5.0 (Windows NT 10.0; Win64; x64) AppleWebKit/537.36 (KHTML, like Gecko) Chrome/76.0.3809.132 Safari/537.36,  遷移元:http://localhost/jis2/admin/category.php
date:2019/09/24 06:56:13,  ip:::1,  hostname:DESKTOP-GCRLD30,  requestUrl:/jis2/controller/admin/category_ct.php,  method:POST,  browser:Mozilla/5.0 (Windows NT 10.0; Win64; x64) AppleWebKit/537.36 (KHTML, like Gecko) Chrome/76.0.3809.132 Safari/537.36,  遷移元:http://localhost/jis2/admin/category.php
date:2019/09/24 06:56:14,  ip:::1,  hostname:DESKTOP-GCRLD30,  requestUrl:/jis2/controller/admin/category_ct.php,  method:POST,  browser:Mozilla/5.0 (Windows NT 10.0; Win64; x64) AppleWebKit/537.36 (KHTML, like Gecko) Chrome/76.0.3809.132 Safari/537.36,  遷移元:http://localhost/jis2/admin/category.php
date:2019/09/24 06:56:16,  ip:::1,  hostname:DESKTOP-GCRLD30,  requestUrl:/jis2/controller/admin/category_ct.php,  method:POST,  browser:Mozilla/5.0 (Windows NT 10.0; Win64; x64) AppleWebKit/537.36 (KHTML, like Gecko) Chrome/76.0.3809.132 Safari/537.36,  遷移元:http://localhost/jis2/admin/category.php
date:2019/09/24 06:56:19,  ip:::1,  hostname:DESKTOP-GCRLD30,  requestUrl:/jis2/controller/admin/common_ct.php,  method:POST,  browser:Mozilla/5.0 (Windows NT 10.0; Win64; x64) AppleWebKit/537.36 (KHTML, like Gecko) Chrome/76.0.3809.132 Safari/537.36,  遷移元:http://localhost/jis2/admin/category.php
date:2019/09/24 06:56:22,  ip:::1,  hostname:DESKTOP-GCRLD30,  requestUrl:/jis2/controller/admin/category_ct.php,  method:POST,  browser:Mozilla/5.0 (Windows NT 10.0; Win64; x64) AppleWebKit/537.36 (KHTML, like Gecko) Chrome/76.0.3809.132 Safari/537.36,  遷移元:http://localhost/jis2/admin/category.php
date:2019/09/24 06:56:22,  ip:::1,  hostname:DESKTOP-GCRLD30,  requestUrl:/jis2/controller/admin/category_ct.php,  method:POST,  browser:Mozilla/5.0 (Windows NT 10.0; Win64; x64) AppleWebKit/537.36 (KHTML, like Gecko) Chrome/76.0.3809.132 Safari/537.36,  遷移元:http://localhost/jis2/admin/category.php
date:2019/09/24 06:56:28,  ip:::1,  hostname:DESKTOP-GCRLD30,  requestUrl:/jis2/controller/admin/category_ct.php,  method:POST,  browser:Mozilla/5.0 (Windows NT 10.0; Win64; x64) AppleWebKit/537.36 (KHTML, like Gecko) Chrome/76.0.3809.132 Safari/537.36,  遷移元:http://localhost/jis2/admin/category.php
date:2019/09/24 06:56:29,  ip:::1,  hostname:DESKTOP-GCRLD30,  requestUrl:/jis2/controller/admin/category_ct.php,  method:POST,  browser:Mozilla/5.0 (Windows NT 10.0; Win64; x64) AppleWebKit/537.36 (KHTML, like Gecko) Chrome/76.0.3809.132 Safari/537.36,  遷移元:http://localhost/jis2/admin/category.php
date:2019/09/24 06:57:14,  ip:::1,  hostname:DESKTOP-GCRLD30,  requestUrl:/jis2/admin/category.php,  method:GET,  browser:Mozilla/5.0 (Windows NT 10.0; Win64; x64) AppleWebKit/537.36 (KHTML, like Gecko) Chrome/76.0.3809.132 Safari/537.36,  遷移元:http://localhost/jis2/admin/reservation.php
date:2019/09/24 06:57:14,  ip:::1,  hostname:DESKTOP-GCRLD30,  requestUrl:/jis2/controller/admin/category_ct.php,  method:POST,  browser:Mozilla/5.0 (Windows NT 10.0; Win64; x64) AppleWebKit/537.36 (KHTML, like Gecko) Chrome/76.0.3809.132 Safari/537.36,  遷移元:http://localhost/jis2/admin/category.php
date:2019/09/24 06:57:20,  ip:::1,  hostname:DESKTOP-GCRLD30,  requestUrl:/jis2/controller/admin/common_ct.php,  method:POST,  browser:Mozilla/5.0 (Windows NT 10.0; Win64; x64) AppleWebKit/537.36 (KHTML, like Gecko) Chrome/76.0.3809.132 Safari/537.36,  遷移元:http://localhost/jis2/admin/category.php
date:2019/09/24 06:57:29,  ip:::1,  hostname:DESKTOP-GCRLD30,  requestUrl:/jis2/controller/admin/category_ct.php,  method:POST,  browser:Mozilla/5.0 (Windows NT 10.0; Win64; x64) AppleWebKit/537.36 (KHTML, like Gecko) Chrome/76.0.3809.132 Safari/537.36,  遷移元:http://localhost/jis2/admin/category.php
date:2019/09/24 06:57:30,  ip:::1,  hostname:DESKTOP-GCRLD30,  requestUrl:/jis2/controller/admin/category_ct.php,  method:POST,  browser:Mozilla/5.0 (Windows NT 10.0; Win64; x64) AppleWebKit/537.36 (KHTML, like Gecko) Chrome/76.0.3809.132 Safari/537.36,  遷移元:http://localhost/jis2/admin/category.php
date:2019/09/24 06:57:42,  ip:::1,  hostname:DESKTOP-GCRLD30,  requestUrl:/jis2/controller/admin/common_ct.php,  method:POST,  browser:Mozilla/5.0 (Windows NT 10.0; Win64; x64) AppleWebKit/537.36 (KHTML, like Gecko) Chrome/76.0.3809.132 Safari/537.36,  遷移元:http://localhost/jis2/admin/category.php
date:2019/09/24 06:57:43,  ip:::1,  hostname:DESKTOP-GCRLD30,  requestUrl:/jis2/controller/admin/category_ct.php,  method:POST,  browser:Mozilla/5.0 (Windows NT 10.0; Win64; x64) AppleWebKit/537.36 (KHTML, like Gecko) Chrome/76.0.3809.132 Safari/537.36,  遷移元:http://localhost/jis2/admin/category.php
date:2019/09/24 06:57:44,  ip:::1,  hostname:DESKTOP-GCRLD30,  requestUrl:/jis2/controller/admin/category_ct.php,  method:POST,  browser:Mozilla/5.0 (Windows NT 10.0; Win64; x64) AppleWebKit/537.36 (KHTML, like Gecko) Chrome/76.0.3809.132 Safari/537.36,  遷移元:http://localhost/jis2/admin/category.php
date:2019/09/24 06:57:48,  ip:::1,  hostname:DESKTOP-GCRLD30,  requestUrl:/jis2/controller/admin/category_ct.php,  method:POST,  browser:Mozilla/5.0 (Windows NT 10.0; Win64; x64) AppleWebKit/537.36 (KHTML, like Gecko) Chrome/76.0.3809.132 Safari/537.36,  遷移元:http://localhost/jis2/admin/category.php
date:2019/09/24 06:57:53,  ip:::1,  hostname:DESKTOP-GCRLD30,  requestUrl:/jis2/controller/admin/category_ct.php,  method:POST,  browser:Mozilla/5.0 (Windows NT 10.0; Win64; x64) AppleWebKit/537.36 (KHTML, like Gecko) Chrome/76.0.3809.132 Safari/537.36,  遷移元:http://localhost/jis2/admin/category.php
date:2019/09/24 06:57:59,  ip:::1,  hostname:DESKTOP-GCRLD30,  requestUrl:/jis2/controller/admin/common_ct.php,  method:POST,  browser:Mozilla/5.0 (Windows NT 10.0; Win64; x64) AppleWebKit/537.36 (KHTML, like Gecko) Chrome/76.0.3809.132 Safari/537.36,  遷移元:http://localhost/jis2/admin/category.php
date:2019/09/24 06:58:03,  ip:::1,  hostname:DESKTOP-GCRLD30,  requestUrl:/jis2/controller/admin/category_ct.php,  method:POST,  browser:Mozilla/5.0 (Windows NT 10.0; Win64; x64) AppleWebKit/537.36 (KHTML, like Gecko) Chrome/76.0.3809.132 Safari/537.36,  遷移元:http://localhost/jis2/admin/category.php
date:2019/09/24 06:58:04,  ip:::1,  hostname:DESKTOP-GCRLD30,  requestUrl:/jis2/controller/admin/category_ct.php,  method:POST,  browser:Mozilla/5.0 (Windows NT 10.0; Win64; x64) AppleWebKit/537.36 (KHTML, like Gecko) Chrome/76.0.3809.132 Safari/537.36,  遷移元:http://localhost/jis2/admin/category.php
date:2019/09/24 06:58:06,  ip:::1,  hostname:DESKTOP-GCRLD30,  requestUrl:/jis2/controller/admin/category_ct.php,  method:POST,  browser:Mozilla/5.0 (Windows NT 10.0; Win64; x64) AppleWebKit/537.36 (KHTML, like Gecko) Chrome/76.0.3809.132 Safari/537.36,  遷移元:http://localhost/jis2/admin/category.php
date:2019/09/24 06:58:13,  ip:::1,  hostname:DESKTOP-GCRLD30,  requestUrl:/jis2/controller/admin/common_ct.php,  method:POST,  browser:Mozilla/5.0 (Windows NT 10.0; Win64; x64) AppleWebKit/537.36 (KHTML, like Gecko) Chrome/76.0.3809.132 Safari/537.36,  遷移元:http://localhost/jis2/admin/category.php
date:2019/09/24 06:58:14,  ip:::1,  hostname:DESKTOP-GCRLD30,  requestUrl:/jis2/controller/admin/category_ct.php,  method:POST,  browser:Mozilla/5.0 (Windows NT 10.0; Win64; x64) AppleWebKit/537.36 (KHTML, like Gecko) Chrome/76.0.3809.132 Safari/537.36,  遷移元:http://localhost/jis2/admin/category.php
date:2019/09/24 06:58:15,  ip:::1,  hostname:DESKTOP-GCRLD30,  requestUrl:/jis2/controller/admin/category_ct.php,  method:POST,  browser:Mozilla/5.0 (Windows NT 10.0; Win64; x64) AppleWebKit/537.36 (KHTML, like Gecko) Chrome/76.0.3809.132 Safari/537.36,  遷移元:http://localhost/jis2/admin/category.php
date:2019/09/24 06:58:19,  ip:::1,  hostname:DESKTOP-GCRLD30,  requestUrl:/jis2/controller/admin/category_ct.php,  method:POST,  browser:Mozilla/5.0 (Windows NT 10.0; Win64; x64) AppleWebKit/537.36 (KHTML, like Gecko) Chrome/76.0.3809.132 Safari/537.36,  遷移元:http://localhost/jis2/admin/category.php
date:2019/09/24 06:58:20,  ip:::1,  hostname:DESKTOP-GCRLD30,  requestUrl:/jis2/controller/admin/category_ct.php,  method:POST,  browser:Mozilla/5.0 (Windows NT 10.0; Win64; x64) AppleWebKit/537.36 (KHTML, like Gecko) Chrome/76.0.3809.132 Safari/537.36,  遷移元:http://localhost/jis2/admin/category.php
date:2019/09/24 06:58:21,  ip:::1,  hostname:DESKTOP-GCRLD30,  requestUrl:/jis2/controller/admin/category_ct.php,  method:POST,  browser:Mozilla/5.0 (Windows NT 10.0; Win64; x64) AppleWebKit/537.36 (KHTML, like Gecko) Chrome/76.0.3809.132 Safari/537.36,  遷移元:http://localhost/jis2/admin/category.php
date:2019/09/24 06:58:25,  ip:::1,  hostname:DESKTOP-GCRLD30,  requestUrl:/jis2/controller/admin/common_ct.php,  method:POST,  browser:Mozilla/5.0 (Windows NT 10.0; Win64; x64) AppleWebKit/537.36 (KHTML, like Gecko) Chrome/76.0.3809.132 Safari/537.36,  遷移元:http://localhost/jis2/admin/category.php
date:2019/09/24 06:58:27,  ip:::1,  hostname:DESKTOP-GCRLD30,  requestUrl:/jis2/controller/admin/category_ct.php,  method:POST,  browser:Mozilla/5.0 (Windows NT 10.0; Win64; x64) AppleWebKit/537.36 (KHTML, like Gecko) Chrome/76.0.3809.132 Safari/537.36,  遷移元:http://localhost/jis2/admin/category.php
date:2019/09/24 06:58:29,  ip:::1,  hostname:DESKTOP-GCRLD30,  requestUrl:/jis2/controller/admin/category_ct.php,  method:POST,  browser:Mozilla/5.0 (Windows NT 10.0; Win64; x64) AppleWebKit/537.36 (KHTML, like Gecko) Chrome/76.0.3809.132 Safari/537.36,  遷移元:http://localhost/jis2/admin/category.php
date:2019/09/24 06:58:31,  ip:::1,  hostname:DESKTOP-GCRLD30,  requestUrl:/jis2/controller/admin/category_ct.php,  method:POST,  browser:Mozilla/5.0 (Windows NT 10.0; Win64; x64) AppleWebKit/537.36 (KHTML, like Gecko) Chrome/76.0.3809.132 Safari/537.36,  遷移元:http://localhost/jis2/admin/category.php
date:2019/09/24 06:58:32,  ip:::1,  hostname:DESKTOP-GCRLD30,  requestUrl:/jis2/controller/admin/category_ct.php,  method:POST,  browser:Mozilla/5.0 (Windows NT 10.0; Win64; x64) AppleWebKit/537.36 (KHTML, like Gecko) Chrome/76.0.3809.132 Safari/537.36,  遷移元:http://localhost/jis2/admin/category.php
date:2019/09/24 06:58:34,  ip:::1,  hostname:DESKTOP-GCRLD30,  requestUrl:/jis2/controller/admin/category_ct.php,  method:POST,  browser:Mozilla/5.0 (Windows NT 10.0; Win64; x64) AppleWebKit/537.36 (KHTML, like Gecko) Chrome/76.0.3809.132 Safari/537.36,  遷移元:http://localhost/jis2/admin/category.php
date:2019/09/24 06:58:38,  ip:::1,  hostname:DESKTOP-GCRLD30,  requestUrl:/jis2/controller/admin/common_ct.php,  method:POST,  browser:Mozilla/5.0 (Windows NT 10.0; Win64; x64) AppleWebKit/537.36 (KHTML, like Gecko) Chrome/76.0.3809.132 Safari/537.36,  遷移元:http://localhost/jis2/admin/category.php
date:2019/09/24 06:58:39,  ip:::1,  hostname:DESKTOP-GCRLD30,  requestUrl:/jis2/controller/admin/category_ct.php,  method:POST,  browser:Mozilla/5.0 (Windows NT 10.0; Win64; x64) AppleWebKit/537.36 (KHTML, like Gecko) Chrome/76.0.3809.132 Safari/537.36,  遷移元:http://localhost/jis2/admin/category.php
date:2019/09/24 06:58:40,  ip:::1,  hostname:DESKTOP-GCRLD30,  requestUrl:/jis2/controller/admin/category_ct.php,  method:POST,  browser:Mozilla/5.0 (Windows NT 10.0; Win64; x64) AppleWebKit/537.36 (KHTML, like Gecko) Chrome/76.0.3809.132 Safari/537.36,  遷移元:http://localhost/jis2/admin/category.php
date:2019/09/24 06:58:41,  ip:::1,  hostname:DESKTOP-GCRLD30,  requestUrl:/jis2/admin/category.php,  method:GET,  browser:Mozilla/5.0 (Windows NT 10.0; Win64; x64) AppleWebKit/537.36 (KHTML, like Gecko) Chrome/76.0.3809.132 Safari/537.36,  遷移元:http://localhost/jis2/admin/reservation.php
date:2019/09/24 06:58:41,  ip:::1,  hostname:DESKTOP-GCRLD30,  requestUrl:/jis2/controller/admin/category_ct.php,  method:POST,  browser:Mozilla/5.0 (Windows NT 10.0; Win64; x64) AppleWebKit/537.36 (KHTML, like Gecko) Chrome/76.0.3809.132 Safari/537.36,  遷移元:http://localhost/jis2/admin/category.php
date:2019/09/24 06:58:43,  ip:::1,  hostname:DESKTOP-GCRLD30,  requestUrl:/jis2/controller/admin/category_ct.php,  method:POST,  browser:Mozilla/5.0 (Windows NT 10.0; Win64; x64) AppleWebKit/537.36 (KHTML, like Gecko) Chrome/76.0.3809.132 Safari/537.36,  遷移元:http://localhost/jis2/admin/category.php
date:2019/09/24 06:58:49,  ip:::1,  hostname:DESKTOP-GCRLD30,  requestUrl:/jis2/admin/category.php,  method:GET,  browser:Mozilla/5.0 (Windows NT 10.0; Win64; x64) AppleWebKit/537.36 (KHTML, like Gecko) Chrome/76.0.3809.132 Safari/537.36,  遷移元:http://localhost/jis2/admin/reservation.php
date:2019/09/24 06:58:50,  ip:::1,  hostname:DESKTOP-GCRLD30,  requestUrl:/jis2/controller/admin/category_ct.php,  method:POST,  browser:Mozilla/5.0 (Windows NT 10.0; Win64; x64) AppleWebKit/537.36 (KHTML, like Gecko) Chrome/76.0.3809.132 Safari/537.36,  遷移元:http://localhost/jis2/admin/category.php
date:2019/09/24 06:58:52,  ip:::1,  hostname:DESKTOP-GCRLD30,  requestUrl:/jis2/controller/admin/category_ct.php,  method:POST,  browser:Mozilla/5.0 (Windows NT 10.0; Win64; x64) AppleWebKit/537.36 (KHTML, like Gecko) Chrome/76.0.3809.132 Safari/537.36,  遷移元:http://localhost/jis2/admin/category.php
date:2019/09/24 06:58:55,  ip:::1,  hostname:DESKTOP-GCRLD30,  requestUrl:/jis2/controller/admin/common_ct.php,  method:POST,  browser:Mozilla/5.0 (Windows NT 10.0; Win64; x64) AppleWebKit/537.36 (KHTML, like Gecko) Chrome/76.0.3809.132 Safari/537.36,  遷移元:http://localhost/jis2/admin/category.php
date:2019/09/24 06:58:57,  ip:::1,  hostname:DESKTOP-GCRLD30,  requestUrl:/jis2/controller/admin/category_ct.php,  method:POST,  browser:Mozilla/5.0 (Windows NT 10.0; Win64; x64) AppleWebKit/537.36 (KHTML, like Gecko) Chrome/76.0.3809.132 Safari/537.36,  遷移元:http://localhost/jis2/admin/category.php
date:2019/09/24 06:58:59,  ip:::1,  hostname:DESKTOP-GCRLD30,  requestUrl:/jis2/controller/admin/category_ct.php,  method:POST,  browser:Mozilla/5.0 (Windows NT 10.0; Win64; x64) AppleWebKit/537.36 (KHTML, like Gecko) Chrome/76.0.3809.132 Safari/537.36,  遷移元:http://localhost/jis2/admin/category.php
date:2019/09/24 06:58:59,  ip:::1,  hostname:DESKTOP-GCRLD30,  requestUrl:/jis2/admin/category.php,  method:GET,  browser:Mozilla/5.0 (Windows NT 10.0; Win64; x64) AppleWebKit/537.36 (KHTML, like Gecko) Chrome/76.0.3809.132 Safari/537.36,  遷移元:http://localhost/jis2/admin/reservation.php
date:2019/09/24 06:58:59,  ip:::1,  hostname:DESKTOP-GCRLD30,  requestUrl:/jis2/controller/admin/category_ct.php,  method:POST,  browser:Mozilla/5.0 (Windows NT 10.0; Win64; x64) AppleWebKit/537.36 (KHTML, like Gecko) Chrome/76.0.3809.132 Safari/537.36,  遷移元:http://localhost/jis2/admin/category.php
date:2019/09/24 06:59:00,  ip:::1,  hostname:DESKTOP-GCRLD30,  requestUrl:/jis2/controller/admin/category_ct.php,  method:POST,  browser:Mozilla/5.0 (Windows NT 10.0; Win64; x64) AppleWebKit/537.36 (KHTML, like Gecko) Chrome/76.0.3809.132 Safari/537.36,  遷移元:http://localhost/jis2/admin/category.php
date:2019/09/24 06:59:01,  ip:::1,  hostname:DESKTOP-GCRLD30,  requestUrl:/jis2/controller/admin/category_ct.php,  method:POST,  browser:Mozilla/5.0 (Windows NT 10.0; Win64; x64) AppleWebKit/537.36 (KHTML, like Gecko) Chrome/76.0.3809.132 Safari/537.36,  遷移元:http://localhost/jis2/admin/category.php
date:2019/09/24 06:59:02,  ip:::1,  hostname:DESKTOP-GCRLD30,  requestUrl:/jis2/controller/admin/category_ct.php,  method:POST,  browser:Mozilla/5.0 (Windows NT 10.0; Win64; x64) AppleWebKit/537.36 (KHTML, like Gecko) Chrome/76.0.3809.132 Safari/537.36,  遷移元:http://localhost/jis2/admin/category.php
date:2019/09/24 06:59:06,  ip:::1,  hostname:DESKTOP-GCRLD30,  requestUrl:/jis2/controller/admin/common_ct.php,  method:POST,  browser:Mozilla/5.0 (Windows NT 10.0; Win64; x64) AppleWebKit/537.36 (KHTML, like Gecko) Chrome/76.0.3809.132 Safari/537.36,  遷移元:http://localhost/jis2/admin/category.php
date:2019/09/24 06:59:08,  ip:::1,  hostname:DESKTOP-GCRLD30,  requestUrl:/jis2/controller/admin/category_ct.php,  method:POST,  browser:Mozilla/5.0 (Windows NT 10.0; Win64; x64) AppleWebKit/537.36 (KHTML, like Gecko) Chrome/76.0.3809.132 Safari/537.36,  遷移元:http://localhost/jis2/admin/category.php
date:2019/09/24 06:59:09,  ip:::1,  hostname:DESKTOP-GCRLD30,  requestUrl:/jis2/controller/admin/category_ct.php,  method:POST,  browser:Mozilla/5.0 (Windows NT 10.0; Win64; x64) AppleWebKit/537.36 (KHTML, like Gecko) Chrome/76.0.3809.132 Safari/537.36,  遷移元:http://localhost/jis2/admin/category.php
date:2019/09/24 06:59:10,  ip:::1,  hostname:DESKTOP-GCRLD30,  requestUrl:/jis2/controller/admin/category_ct.php,  method:POST,  browser:Mozilla/5.0 (Windows NT 10.0; Win64; x64) AppleWebKit/537.36 (KHTML, like Gecko) Chrome/76.0.3809.132 Safari/537.36,  遷移元:http://localhost/jis2/admin/category.php
date:2019/09/24 06:59:14,  ip:::1,  hostname:DESKTOP-GCRLD30,  requestUrl:/jis2/controller/admin/common_ct.php,  method:POST,  browser:Mozilla/5.0 (Windows NT 10.0; Win64; x64) AppleWebKit/537.36 (KHTML, like Gecko) Chrome/76.0.3809.132 Safari/537.36,  遷移元:http://localhost/jis2/admin/category.php
date:2019/09/24 06:59:16,  ip:::1,  hostname:DESKTOP-GCRLD30,  requestUrl:/jis2/controller/admin/category_ct.php,  method:POST,  browser:Mozilla/5.0 (Windows NT 10.0; Win64; x64) AppleWebKit/537.36 (KHTML, like Gecko) Chrome/76.0.3809.132 Safari/537.36,  遷移元:http://localhost/jis2/admin/category.php
date:2019/09/24 06:59:16,  ip:::1,  hostname:DESKTOP-GCRLD30,  requestUrl:/jis2/controller/admin/category_ct.php,  method:POST,  browser:Mozilla/5.0 (Windows NT 10.0; Win64; x64) AppleWebKit/537.36 (KHTML, like Gecko) Chrome/76.0.3809.132 Safari/537.36,  遷移元:http://localhost/jis2/admin/category.php
date:2019/09/24 06:59:18,  ip:::1,  hostname:DESKTOP-GCRLD30,  requestUrl:/jis2/controller/admin/category_ct.php,  method:POST,  browser:Mozilla/5.0 (Windows NT 10.0; Win64; x64) AppleWebKit/537.36 (KHTML, like Gecko) Chrome/76.0.3809.132 Safari/537.36,  遷移元:http://localhost/jis2/admin/category.php
date:2019/09/24 06:59:22,  ip:::1,  hostname:DESKTOP-GCRLD30,  requestUrl:/jis2/controller/admin/common_ct.php,  method:POST,  browser:Mozilla/5.0 (Windows NT 10.0; Win64; x64) AppleWebKit/537.36 (KHTML, like Gecko) Chrome/76.0.3809.132 Safari/537.36,  遷移元:http://localhost/jis2/admin/category.php
date:2019/09/24 06:59:24,  ip:::1,  hostname:DESKTOP-GCRLD30,  requestUrl:/jis2/controller/admin/category_ct.php,  method:POST,  browser:Mozilla/5.0 (Windows NT 10.0; Win64; x64) AppleWebKit/537.36 (KHTML, like Gecko) Chrome/76.0.3809.132 Safari/537.36,  遷移元:http://localhost/jis2/admin/category.php
date:2019/09/24 06:59:24,  ip:::1,  hostname:DESKTOP-GCRLD30,  requestUrl:/jis2/controller/admin/category_ct.php,  method:POST,  browser:Mozilla/5.0 (Windows NT 10.0; Win64; x64) AppleWebKit/537.36 (KHTML, like Gecko) Chrome/76.0.3809.132 Safari/537.36,  遷移元:http://localhost/jis2/admin/category.php
date:2019/09/24 06:59:25,  ip:::1,  hostname:DESKTOP-GCRLD30,  requestUrl:/jis2/admin/category.php,  method:GET,  browser:Mozilla/5.0 (Windows NT 10.0; Win64; x64) AppleWebKit/537.36 (KHTML, like Gecko) Chrome/76.0.3809.132 Safari/537.36,  遷移元:http://localhost/jis2/admin/reservation.php
date:2019/09/24 06:59:25,  ip:::1,  hostname:DESKTOP-GCRLD30,  requestUrl:/jis2/controller/admin/category_ct.php,  method:POST,  browser:Mozilla/5.0 (Windows NT 10.0; Win64; x64) AppleWebKit/537.36 (KHTML, like Gecko) Chrome/76.0.3809.132 Safari/537.36,  遷移元:http://localhost/jis2/admin/category.php
date:2019/09/24 06:59:26,  ip:::1,  hostname:DESKTOP-GCRLD30,  requestUrl:/jis2/controller/admin/category_ct.php,  method:POST,  browser:Mozilla/5.0 (Windows NT 10.0; Win64; x64) AppleWebKit/537.36 (KHTML, like Gecko) Chrome/76.0.3809.132 Safari/537.36,  遷移元:http://localhost/jis2/admin/category.php
date:2019/09/24 06:59:29,  ip:::1,  hostname:DESKTOP-GCRLD30,  requestUrl:/jis2/controller/admin/common_ct.php,  method:POST,  browser:Mozilla/5.0 (Windows NT 10.0; Win64; x64) AppleWebKit/537.36 (KHTML, like Gecko) Chrome/76.0.3809.132 Safari/537.36,  遷移元:http://localhost/jis2/admin/category.php
date:2019/09/24 06:59:31,  ip:::1,  hostname:DESKTOP-GCRLD30,  requestUrl:/jis2/controller/admin/category_ct.php,  method:POST,  browser:Mozilla/5.0 (Windows NT 10.0; Win64; x64) AppleWebKit/537.36 (KHTML, like Gecko) Chrome/76.0.3809.132 Safari/537.36,  遷移元:http://localhost/jis2/admin/category.php
date:2019/09/24 06:59:32,  ip:::1,  hostname:DESKTOP-GCRLD30,  requestUrl:/jis2/controller/admin/category_ct.php,  method:POST,  browser:Mozilla/5.0 (Windows NT 10.0; Win64; x64) AppleWebKit/537.36 (KHTML, like Gecko) Chrome/76.0.3809.132 Safari/537.36,  遷移元:http://localhost/jis2/admin/category.php
date:2019/09/24 06:59:34,  ip:::1,  hostname:DESKTOP-GCRLD30,  requestUrl:/jis2/controller/admin/category_ct.php,  method:POST,  browser:Mozilla/5.0 (Windows NT 10.0; Win64; x64) AppleWebKit/537.36 (KHTML, like Gecko) Chrome/76.0.3809.132 Safari/537.36,  遷移元:http://localhost/jis2/admin/category.php
date:2019/09/24 06:59:35,  ip:::1,  hostname:DESKTOP-GCRLD30,  requestUrl:/jis2/controller/admin/category_ct.php,  method:POST,  browser:Mozilla/5.0 (Windows NT 10.0; Win64; x64) AppleWebKit/537.36 (KHTML, like Gecko) Chrome/76.0.3809.132 Safari/537.36,  遷移元:http://localhost/jis2/admin/category.php
date:2019/09/24 06:59:35,  ip:::1,  hostname:DESKTOP-GCRLD30,  requestUrl:/jis2/admin/category.php,  method:GET,  browser:Mozilla/5.0 (Windows NT 10.0; Win64; x64) AppleWebKit/537.36 (KHTML, like Gecko) Chrome/76.0.3809.132 Safari/537.36,  遷移元:http://localhost/jis2/admin/reservation.php
date:2019/09/24 06:59:35,  ip:::1,  hostname:DESKTOP-GCRLD30,  requestUrl:/jis2/controller/admin/category_ct.php,  method:POST,  browser:Mozilla/5.0 (Windows NT 10.0; Win64; x64) AppleWebKit/537.36 (KHTML, like Gecko) Chrome/76.0.3809.132 Safari/537.36,  遷移元:http://localhost/jis2/admin/category.php
date:2019/09/24 06:59:37,  ip:::1,  hostname:DESKTOP-GCRLD30,  requestUrl:/jis2/controller/admin/category_ct.php,  method:POST,  browser:Mozilla/5.0 (Windows NT 10.0; Win64; x64) AppleWebKit/537.36 (KHTML, like Gecko) Chrome/76.0.3809.132 Safari/537.36,  遷移元:http://localhost/jis2/admin/category.php
date:2019/09/24 06:59:42,  ip:::1,  hostname:DESKTOP-GCRLD30,  requestUrl:/jis2/controller/admin/common_ct.php,  method:POST,  browser:Mozilla/5.0 (Windows NT 10.0; Win64; x64) AppleWebKit/537.36 (KHTML, like Gecko) Chrome/76.0.3809.132 Safari/537.36,  遷移元:http://localhost/jis2/admin/category.php
date:2019/09/24 06:59:44,  ip:::1,  hostname:DESKTOP-GCRLD30,  requestUrl:/jis2/controller/admin/category_ct.php,  method:POST,  browser:Mozilla/5.0 (Windows NT 10.0; Win64; x64) AppleWebKit/537.36 (KHTML, like Gecko) Chrome/76.0.3809.132 Safari/537.36,  遷移元:http://localhost/jis2/admin/category.php
date:2019/09/24 06:59:45,  ip:::1,  hostname:DESKTOP-GCRLD30,  requestUrl:/jis2/controller/admin/category_ct.php,  method:POST,  browser:Mozilla/5.0 (Windows NT 10.0; Win64; x64) AppleWebKit/537.36 (KHTML, like Gecko) Chrome/76.0.3809.132 Safari/537.36,  遷移元:http://localhost/jis2/admin/category.php
date:2019/09/24 06:59:45,  ip:::1,  hostname:DESKTOP-GCRLD30,  requestUrl:/jis2/admin/category.php,  method:GET,  browser:Mozilla/5.0 (Windows NT 10.0; Win64; x64) AppleWebKit/537.36 (KHTML, like Gecko) Chrome/76.0.3809.132 Safari/537.36,  遷移元:http://localhost/jis2/admin/reservation.php
date:2019/09/24 06:59:45,  ip:::1,  hostname:DESKTOP-GCRLD30,  requestUrl:/jis2/controller/admin/category_ct.php,  method:POST,  browser:Mozilla/5.0 (Windows NT 10.0; Win64; x64) AppleWebKit/537.36 (KHTML, like Gecko) Chrome/76.0.3809.132 Safari/537.36,  遷移元:http://localhost/jis2/admin/category.php
date:2019/09/24 06:59:46,  ip:::1,  hostname:DESKTOP-GCRLD30,  requestUrl:/jis2/controller/admin/category_ct.php,  method:POST,  browser:Mozilla/5.0 (Windows NT 10.0; Win64; x64) AppleWebKit/537.36 (KHTML, like Gecko) Chrome/76.0.3809.132 Safari/537.36,  遷移元:http://localhost/jis2/admin/category.php
date:2019/09/24 06:59:46,  ip:::1,  hostname:DESKTOP-GCRLD30,  requestUrl:/jis2/admin/category.php,  method:GET,  browser:Mozilla/5.0 (Windows NT 10.0; Win64; x64) AppleWebKit/537.36 (KHTML, like Gecko) Chrome/76.0.3809.132 Safari/537.36,  遷移元:http://localhost/jis2/admin/reservation.php
date:2019/09/24 06:59:46,  ip:::1,  hostname:DESKTOP-GCRLD30,  requestUrl:/jis2/controller/admin/category_ct.php,  method:POST,  browser:Mozilla/5.0 (Windows NT 10.0; Win64; x64) AppleWebKit/537.36 (KHTML, like Gecko) Chrome/76.0.3809.132 Safari/537.36,  遷移元:http://localhost/jis2/admin/category.php
date:2019/09/24 06:59:49,  ip:::1,  hostname:DESKTOP-GCRLD30,  requestUrl:/jis2/admin/category.php,  method:GET,  browser:Mozilla/5.0 (Windows NT 10.0; Win64; x64) AppleWebKit/537.36 (KHTML, like Gecko) Chrome/76.0.3809.132 Safari/537.36,  遷移元:http://localhost/jis2/admin/reservation.php
date:2019/09/24 06:59:49,  ip:::1,  hostname:DESKTOP-GCRLD30,  requestUrl:/jis2/controller/admin/category_ct.php,  method:POST,  browser:Mozilla/5.0 (Windows NT 10.0; Win64; x64) AppleWebKit/537.36 (KHTML, like Gecko) Chrome/76.0.3809.132 Safari/537.36,  遷移元:http://localhost/jis2/admin/category.php
date:2019/09/24 06:59:51,  ip:::1,  hostname:DESKTOP-GCRLD30,  requestUrl:/jis2/controller/admin/category_ct.php,  method:POST,  browser:Mozilla/5.0 (Windows NT 10.0; Win64; x64) AppleWebKit/537.36 (KHTML, like Gecko) Chrome/76.0.3809.132 Safari/537.36,  遷移元:http://localhost/jis2/admin/category.php
date:2019/09/24 06:59:51,  ip:::1,  hostname:DESKTOP-GCRLD30,  requestUrl:/jis2/admin/category.php,  method:GET,  browser:Mozilla/5.0 (Windows NT 10.0; Win64; x64) AppleWebKit/537.36 (KHTML, like Gecko) Chrome/76.0.3809.132 Safari/537.36,  遷移元:http://localhost/jis2/admin/reservation.php
date:2019/09/24 06:59:51,  ip:::1,  hostname:DESKTOP-GCRLD30,  requestUrl:/jis2/controller/admin/category_ct.php,  method:POST,  browser:Mozilla/5.0 (Windows NT 10.0; Win64; x64) AppleWebKit/537.36 (KHTML, like Gecko) Chrome/76.0.3809.132 Safari/537.36,  遷移元:http://localhost/jis2/admin/category.php
date:2019/09/24 06:59:53,  ip:::1,  hostname:DESKTOP-GCRLD30,  requestUrl:/jis2/controller/admin/category_ct.php,  method:POST,  browser:Mozilla/5.0 (Windows NT 10.0; Win64; x64) AppleWebKit/537.36 (KHTML, like Gecko) Chrome/76.0.3809.132 Safari/537.36,  遷移元:http://localhost/jis2/admin/category.php
date:2019/09/24 06:59:53,  ip:::1,  hostname:DESKTOP-GCRLD30,  requestUrl:/jis2/admin/category.php,  method:GET,  browser:Mozilla/5.0 (Windows NT 10.0; Win64; x64) AppleWebKit/537.36 (KHTML, like Gecko) Chrome/76.0.3809.132 Safari/537.36,  遷移元:http://localhost/jis2/admin/reservation.php
date:2019/09/24 06:59:53,  ip:::1,  hostname:DESKTOP-GCRLD30,  requestUrl:/jis2/controller/admin/category_ct.php,  method:POST,  browser:Mozilla/5.0 (Windows NT 10.0; Win64; x64) AppleWebKit/537.36 (KHTML, like Gecko) Chrome/76.0.3809.132 Safari/537.36,  遷移元:http://localhost/jis2/admin/category.php
date:2019/09/24 06:59:54,  ip:::1,  hostname:DESKTOP-GCRLD30,  requestUrl:/jis2/controller/admin/category_ct.php,  method:POST,  browser:Mozilla/5.0 (Windows NT 10.0; Win64; x64) AppleWebKit/537.36 (KHTML, like Gecko) Chrome/76.0.3809.132 Safari/537.36,  遷移元:http://localhost/jis2/admin/category.php
date:2019/09/24 06:59:54,  ip:::1,  hostname:DESKTOP-GCRLD30,  requestUrl:/jis2/admin/category.php,  method:GET,  browser:Mozilla/5.0 (Windows NT 10.0; Win64; x64) AppleWebKit/537.36 (KHTML, like Gecko) Chrome/76.0.3809.132 Safari/537.36,  遷移元:http://localhost/jis2/admin/reservation.php
date:2019/09/24 06:59:55,  ip:::1,  hostname:DESKTOP-GCRLD30,  requestUrl:/jis2/controller/admin/category_ct.php,  method:POST,  browser:Mozilla/5.0 (Windows NT 10.0; Win64; x64) AppleWebKit/537.36 (KHTML, like Gecko) Chrome/76.0.3809.132 Safari/537.36,  遷移元:http://localhost/jis2/admin/category.php
date:2019/09/24 06:59:56,  ip:::1,  hostname:DESKTOP-GCRLD30,  requestUrl:/jis2/controller/admin/category_ct.php,  method:POST,  browser:Mozilla/5.0 (Windows NT 10.0; Win64; x64) AppleWebKit/537.36 (KHTML, like Gecko) Chrome/76.0.3809.132 Safari/537.36,  遷移元:http://localhost/jis2/admin/category.php
date:2019/09/24 06:59:59,  ip:::1,  hostname:DESKTOP-GCRLD30,  requestUrl:/jis2/controller/admin/common_ct.php,  method:POST,  browser:Mozilla/5.0 (Windows NT 10.0; Win64; x64) AppleWebKit/537.36 (KHTML, like Gecko) Chrome/76.0.3809.132 Safari/537.36,  遷移元:http://localhost/jis2/admin/category.php
date:2019/09/24 07:00:01,  ip:::1,  hostname:DESKTOP-GCRLD30,  requestUrl:/jis2/controller/admin/category_ct.php,  method:POST,  browser:Mozilla/5.0 (Windows NT 10.0; Win64; x64) AppleWebKit/537.36 (KHTML, like Gecko) Chrome/76.0.3809.132 Safari/537.36,  遷移元:http://localhost/jis2/admin/category.php
date:2019/09/24 07:00:02,  ip:::1,  hostname:DESKTOP-GCRLD30,  requestUrl:/jis2/controller/admin/category_ct.php,  method:POST,  browser:Mozilla/5.0 (Windows NT 10.0; Win64; x64) AppleWebKit/537.36 (KHTML, like Gecko) Chrome/76.0.3809.132 Safari/537.36,  遷移元:http://localhost/jis2/admin/category.php
date:2019/09/24 07:00:03,  ip:::1,  hostname:DESKTOP-GCRLD30,  requestUrl:/jis2/controller/admin/category_ct.php,  method:POST,  browser:Mozilla/5.0 (Windows NT 10.0; Win64; x64) AppleWebKit/537.36 (KHTML, like Gecko) Chrome/76.0.3809.132 Safari/537.36,  遷移元:http://localhost/jis2/admin/category.php
date:2019/09/24 07:00:07,  ip:::1,  hostname:DESKTOP-GCRLD30,  requestUrl:/jis2/controller/admin/common_ct.php,  method:POST,  browser:Mozilla/5.0 (Windows NT 10.0; Win64; x64) AppleWebKit/537.36 (KHTML, like Gecko) Chrome/76.0.3809.132 Safari/537.36,  遷移元:http://localhost/jis2/admin/category.php
date:2019/09/24 07:00:08,  ip:::1,  hostname:DESKTOP-GCRLD30,  requestUrl:/jis2/controller/admin/category_ct.php,  method:POST,  browser:Mozilla/5.0 (Windows NT 10.0; Win64; x64) AppleWebKit/537.36 (KHTML, like Gecko) Chrome/76.0.3809.132 Safari/537.36,  遷移元:http://localhost/jis2/admin/category.php
date:2019/09/24 07:00:09,  ip:::1,  hostname:DESKTOP-GCRLD30,  requestUrl:/jis2/controller/admin/category_ct.php,  method:POST,  browser:Mozilla/5.0 (Windows NT 10.0; Win64; x64) AppleWebKit/537.36 (KHTML, like Gecko) Chrome/76.0.3809.132 Safari/537.36,  遷移元:http://localhost/jis2/admin/category.php
date:2019/09/24 07:00:10,  ip:::1,  hostname:DESKTOP-GCRLD30,  requestUrl:/jis2/admin/category.php,  method:GET,  browser:Mozilla/5.0 (Windows NT 10.0; Win64; x64) AppleWebKit/537.36 (KHTML, like Gecko) Chrome/76.0.3809.132 Safari/537.36,  遷移元:http://localhost/jis2/admin/reservation.php
date:2019/09/24 07:00:10,  ip:::1,  hostname:DESKTOP-GCRLD30,  requestUrl:/jis2/controller/admin/category_ct.php,  method:POST,  browser:Mozilla/5.0 (Windows NT 10.0; Win64; x64) AppleWebKit/537.36 (KHTML, like Gecko) Chrome/76.0.3809.132 Safari/537.36,  遷移元:http://localhost/jis2/admin/category.php
date:2019/09/24 07:00:12,  ip:::1,  hostname:DESKTOP-GCRLD30,  requestUrl:/jis2/controller/admin/category_ct.php,  method:POST,  browser:Mozilla/5.0 (Windows NT 10.0; Win64; x64) AppleWebKit/537.36 (KHTML, like Gecko) Chrome/76.0.3809.132 Safari/537.36,  遷移元:http://localhost/jis2/admin/category.php
date:2019/09/24 07:00:12,  ip:::1,  hostname:DESKTOP-GCRLD30,  requestUrl:/jis2/controller/admin/category_ct.php,  method:POST,  browser:Mozilla/5.0 (Windows NT 10.0; Win64; x64) AppleWebKit/537.36 (KHTML, like Gecko) Chrome/76.0.3809.132 Safari/537.36,  遷移元:http://localhost/jis2/admin/category.php
date:2019/09/24 07:00:14,  ip:::1,  hostname:DESKTOP-GCRLD30,  requestUrl:/jis2/controller/admin/category_ct.php,  method:POST,  browser:Mozilla/5.0 (Windows NT 10.0; Win64; x64) AppleWebKit/537.36 (KHTML, like Gecko) Chrome/76.0.3809.132 Safari/537.36,  遷移元:http://localhost/jis2/admin/category.php
date:2019/09/24 07:00:15,  ip:::1,  hostname:DESKTOP-GCRLD30,  requestUrl:/jis2/controller/admin/category_ct.php,  method:POST,  browser:Mozilla/5.0 (Windows NT 10.0; Win64; x64) AppleWebKit/537.36 (KHTML, like Gecko) Chrome/76.0.3809.132 Safari/537.36,  遷移元:http://localhost/jis2/admin/category.php
date:2019/09/24 07:00:15,  ip:::1,  hostname:DESKTOP-GCRLD30,  requestUrl:/jis2/admin/category.php,  method:GET,  browser:Mozilla/5.0 (Windows NT 10.0; Win64; x64) AppleWebKit/537.36 (KHTML, like Gecko) Chrome/76.0.3809.132 Safari/537.36,  遷移元:http://localhost/jis2/admin/reservation.php
date:2019/09/24 07:00:15,  ip:::1,  hostname:DESKTOP-GCRLD30,  requestUrl:/jis2/controller/admin/category_ct.php,  method:POST,  browser:Mozilla/5.0 (Windows NT 10.0; Win64; x64) AppleWebKit/537.36 (KHTML, like Gecko) Chrome/76.0.3809.132 Safari/537.36,  遷移元:http://localhost/jis2/admin/category.php
date:2019/09/24 07:00:17,  ip:::1,  hostname:DESKTOP-GCRLD30,  requestUrl:/jis2/controller/admin/category_ct.php,  method:POST,  browser:Mozilla/5.0 (Windows NT 10.0; Win64; x64) AppleWebKit/537.36 (KHTML, like Gecko) Chrome/76.0.3809.132 Safari/537.36,  遷移元:http://localhost/jis2/admin/category.php
date:2019/09/24 07:00:18,  ip:::1,  hostname:DESKTOP-GCRLD30,  requestUrl:/jis2/controller/admin/category_ct.php,  method:POST,  browser:Mozilla/5.0 (Windows NT 10.0; Win64; x64) AppleWebKit/537.36 (KHTML, like Gecko) Chrome/76.0.3809.132 Safari/537.36,  遷移元:http://localhost/jis2/admin/category.php
date:2019/09/24 07:16:36,  ip:::1,  hostname:DESKTOP-GCRLD30,  requestUrl:/jis2/admin/category.php,  method:GET,  browser:Mozilla/5.0 (Windows NT 10.0; Win64; x64) AppleWebKit/537.36 (KHTML, like Gecko) Chrome/76.0.3809.132 Safari/537.36,  遷移元:http://localhost/jis2/admin/reservation.php
date:2019/09/24 07:16:37,  ip:::1,  hostname:DESKTOP-GCRLD30,  requestUrl:/jis2/controller/admin/category_ct.php,  method:POST,  browser:Mozilla/5.0 (Windows NT 10.0; Win64; x64) AppleWebKit/537.36 (KHTML, like Gecko) Chrome/76.0.3809.132 Safari/537.36,  遷移元:http://localhost/jis2/admin/category.php
date:2019/09/24 07:23:46,  ip:::1,  hostname:DESKTOP-GCRLD30,  requestUrl:/jis2/admin/category.php,  method:GET,  browser:Mozilla/5.0 (Windows NT 10.0; Win64; x64) AppleWebKit/537.36 (KHTML, like Gecko) Chrome/76.0.3809.132 Safari/537.36,  遷移元:http://localhost/jis2/admin/reservation.php
date:2019/09/24 07:23:46,  ip:::1,  hostname:DESKTOP-GCRLD30,  requestUrl:/jis2/controller/admin/category_ct.php,  method:POST,  browser:Mozilla/5.0 (Windows NT 10.0; Win64; x64) AppleWebKit/537.36 (KHTML, like Gecko) Chrome/76.0.3809.132 Safari/537.36,  遷移元:http://localhost/jis2/admin/category.php
date:2019/09/24 07:24:03,  ip:::1,  hostname:DESKTOP-GCRLD30,  requestUrl:/jis2/controller/admin/category_ct.php,  method:POST,  browser:Mozilla/5.0 (Windows NT 10.0; Win64; x64) AppleWebKit/537.36 (KHTML, like Gecko) Chrome/76.0.3809.132 Safari/537.36,  遷移元:http://localhost/jis2/admin/category.php
date:2019/09/24 08:29:14,  ip:::1,  hostname:DESKTOP-GCRLD30,  requestUrl:/jis2/admin/category.php,  method:GET,  browser:Mozilla/5.0 (Windows NT 10.0; Win64; x64) AppleWebKit/537.36 (KHTML, like Gecko) Chrome/76.0.3809.132 Safari/537.36,  遷移元:http://localhost/jis2/admin/reservation.php
date:2019/09/24 11:31:35,  ip:122.249.121.139,  hostname:x121139.ppp.asahi-net.or.jp,  requestUrl:/controller/admin/common_ct.php,  method:POST,  browser:Mozilla/5.0 (Windows NT 10.0; Win64; x64) AppleWebKit/537.36 (KHTML, like Gecko) Chrome/77.0.3865.90 Safari/537.36,  遷移元:https://jis-j.com/mypage_agency/regist_tour.php
date:2019/09/24 11:40:17,  ip:122.249.121.139,  hostname:x121139.ppp.asahi-net.or.jp,  requestUrl:/controller/admin/common_ct.php,  method:POST,  browser:Mozilla/5.0 (Windows NT 10.0; Win64; x64) AppleWebKit/537.36 (KHTML, like Gecko) Chrome/77.0.3865.90 Safari/537.36,  遷移元:https://jis-j.com/mypage_agency/regist_tour.php
date:2019/09/24 11:50:49,  ip:122.249.121.139,  hostname:x121139.ppp.asahi-net.or.jp,  requestUrl:/controller/admin/common_ct.php,  method:POST,  browser:Mozilla/5.0 (Windows NT 10.0; Win64; x64) AppleWebKit/537.36 (KHTML, like Gecko) Chrome/77.0.3865.90 Safari/537.36,  遷移元:https://jis-j.com/mypage_agency/regist_tour.php
date:2019/09/24 11:55:52,  ip:122.249.121.139,  hostname:x121139.ppp.asahi-net.or.jp,  requestUrl:/controller/admin/common_ct.php,  method:POST,  browser:Mozilla/5.0 (Windows NT 10.0; Win64; x64) AppleWebKit/537.36 (KHTML, like Gecko) Chrome/77.0.3865.90 Safari/537.36,  遷移元:https://jis-j.com/mypage_agency/regist_tour.php
date:2019/09/24 12:01:42,  ip:122.249.121.139,  hostname:x121139.ppp.asahi-net.or.jp,  requestUrl:/controller/admin/common_ct.php,  method:POST,  browser:Mozilla/5.0 (Windows NT 10.0; Win64; x64) AppleWebKit/537.36 (KHTML, like Gecko) Chrome/77.0.3865.90 Safari/537.36,  遷移元:https://jis-j.com/mypage_agency/regist_tour.php
date:2019/09/24 12:05:57,  ip:122.249.121.139,  hostname:x121139.ppp.asahi-net.or.jp,  requestUrl:/controller/admin/common_ct.php,  method:POST,  browser:Mozilla/5.0 (Windows NT 10.0; Win64; x64) AppleWebKit/537.36 (KHTML, like Gecko) Chrome/77.0.3865.90 Safari/537.36,  遷移元:https://jis-j.com/mypage_agency/regist_tour.php
date:2019/09/24 12:09:59,  ip:122.249.121.139,  hostname:x121139.ppp.asahi-net.or.jp,  requestUrl:/controller/admin/common_ct.php,  method:POST,  browser:Mozilla/5.0 (Windows NT 10.0; Win64; x64) AppleWebKit/537.36 (KHTML, like Gecko) Chrome/77.0.3865.90 Safari/537.36,  遷移元:https://jis-j.com/mypage_agency/regist_tour.php
date:2019/09/24 12:13:58,  ip:122.249.121.139,  hostname:x121139.ppp.asahi-net.or.jp,  requestUrl:/controller/admin/common_ct.php,  method:POST,  browser:Mozilla/5.0 (Windows NT 10.0; Win64; x64) AppleWebKit/537.36 (KHTML, like Gecko) Chrome/77.0.3865.90 Safari/537.36,  遷移元:https://jis-j.com/mypage_agency/regist_tour.php
date:2019/09/24 12:16:58,  ip:122.249.121.139,  hostname:x121139.ppp.asahi-net.or.jp,  requestUrl:/controller/admin/common_ct.php,  method:POST,  browser:Mozilla/5.0 (Windows NT 10.0; Win64; x64) AppleWebKit/537.36 (KHTML, like Gecko) Chrome/77.0.3865.90 Safari/537.36,  遷移元:https://jis-j.com/mypage_agency/regist_tour.php
date:2019/09/24 14:11:41,  ip:122.249.121.139,  hostname:x121139.ppp.asahi-net.or.jp,  requestUrl:/admin/tour.php,  method:GET,  browser:Mozilla/5.0 (Windows NT 10.0; Win64; x64) AppleWebKit/537.36 (KHTML, like Gecko) Chrome/77.0.3865.90 Safari/537.36,  遷移元:取得できませんでした
date:2019/09/24 14:11:43,  ip:122.249.121.139,  hostname:x121139.ppp.asahi-net.or.jp,  requestUrl:/controller/admin/login_ct.php,  method:POST,  browser:Mozilla/5.0 (Windows NT 10.0; Win64; x64) AppleWebKit/537.36 (KHTML, like Gecko) Chrome/77.0.3865.90 Safari/537.36,  遷移元:https://jis-j.com/admin/login.php
date:2019/09/24 14:12:03,  ip:122.249.121.139,  hostname:x121139.ppp.asahi-net.or.jp,  requestUrl:/controller/admin/login_ct.php,  method:POST,  browser:Mozilla/5.0 (Windows NT 10.0; Win64; x64) AppleWebKit/537.36 (KHTML, like Gecko) Chrome/77.0.3865.90 Safari/537.36,  遷移元:https://jis-j.com/admin/login.php
date:2019/09/24 14:12:03,  ip:122.249.121.139,  hostname:x121139.ppp.asahi-net.or.jp,  requestUrl:/admin/menu.php,  method:GET,  browser:Mozilla/5.0 (Windows NT 10.0; Win64; x64) AppleWebKit/537.36 (KHTML, like Gecko) Chrome/77.0.3865.90 Safari/537.36,  遷移元:https://jis-j.com/admin/login.php
date:2019/09/24 14:12:05,  ip:122.249.121.139,  hostname:x121139.ppp.asahi-net.or.jp,  requestUrl:/admin/news.php,  method:GET,  browser:Mozilla/5.0 (Windows NT 10.0; Win64; x64) AppleWebKit/537.36 (KHTML, like Gecko) Chrome/77.0.3865.90 Safari/537.36,  遷移元:https://jis-j.com/admin/menu.php
date:2019/09/24 14:12:05,  ip:122.249.121.139,  hostname:x121139.ppp.asahi-net.or.jp,  requestUrl:/controller/admin/news_ct.php,  method:POST,  browser:Mozilla/5.0 (Windows NT 10.0; Win64; x64) AppleWebKit/537.36 (KHTML, like Gecko) Chrome/77.0.3865.90 Safari/537.36,  遷移元:https://jis-j.com/admin/news.php
date:2019/09/24 14:13:51,  ip:122.249.121.139,  hostname:x121139.ppp.asahi-net.or.jp,  requestUrl:/controller/admin/news_ct.php,  method:POST,  browser:Mozilla/5.0 (Windows NT 10.0; Win64; x64) AppleWebKit/537.36 (KHTML, like Gecko) Chrome/77.0.3865.90 Safari/537.36,  遷移元:https://jis-j.com/admin/news.php
date:2019/09/24 14:13:52,  ip:122.249.121.139,  hostname:x121139.ppp.asahi-net.or.jp,  requestUrl:/controller/admin/news_ct.php,  method:POST,  browser:Mozilla/5.0 (Windows NT 10.0; Win64; x64) AppleWebKit/537.36 (KHTML, like Gecko) Chrome/77.0.3865.90 Safari/537.36,  遷移元:https://jis-j.com/admin/news.php
